#
# A fatal error has been detected by the Java Runtime Environment:
#
#  SIGSEGV (0xb) at pc=0x0000000110375fcc, pid=50823, tid=0x0000000000000307
#
# JRE version: Java(TM) SE Runtime Environment (8.0_121-b13) (build 1.8.0_121-b13)
# Java VM: Java HotSpot(TM) 64-Bit Server VM (25.121-b13 mixed mode bsd-amd64 compressed oops)
# Problematic frame:
# C  [libsystem_platform.dylib+0x5fcc]  _platform_memmove$VARIANT$Haswell+0x12c
#
# Failed to write core dump. Core dumps have been disabled. To enable core dumping, try "ulimit -c unlimited" before starting Java again
#
# If you would like to submit a bug report, please visit:
#   http://bugreport.java.com/bugreport/crash.jsp
# The crash happened outside the Java Virtual Machine in native code.
# See problematic frame for where to report the bug.
#

---------------  T H R E A D  ---------------

Current thread (0x00007fd7678ef800):  JavaThread "JavaFX Application Thread" [_thread_in_native, id=775, stack(0x00007fff4fa18000,0x00007fff50218000)]

siginfo: si_signo: 11 (SIGSEGV), si_code: 1 (SEGV_MAPERR), si_addr: 0x0000000145c00000

Registers:
RAX=0x000000015158ddb0, RBX=0x0000000145bfecc0, RCX=0x0000000000000010, RDX=0x0000000000000300
RSP=0x00007fff50210a00, RBP=0x00007fff50210a00, RSI=0x0000000145bfffd0, RDI=0x000000015158f0c0
R8 =0x0000000000000000, R9 =0x000000000035ae70, R10=0x00000000000022b0, R11=0x000000000b98f0f0
R12=0x000000015158ddb0, R13=0x000000000000006a, R14=0x0000000000001650, R15=0x00000000000022b0
RIP=0x0000000110375fcc, EFLAGS=0x0000000000010206, ERR=0x0000000000000004
  TRAPNO=0x000000000000000e

Top of Stack: (sp=0x00007fff50210a00)
0x00007fff50210a00:   00007fff50210a50 00000001344e552f
0x00007fff50210a10:   0000000000001650 fffffe74fffffe74
0x00007fff50210a20:   0000065e000008ac 000000013eb27000
0x00007fff50210a30:   0000000000000001 000000013eb27000
0x00007fff50210a40:   00007fff50210b08 0000000135f0df60
0x00007fff50210a50:   00007fff50210ab0 00000001344e502b
0x00007fff50210a60:   0000000000000000 0000000000000000
0x00007fff50210a70:   0000000000000000 000001a3000002ca
0x00007fff50210a80:   0000000000000000 000000013eb27000
0x00007fff50210a90:   0000000000000001 000000013eb355e8
0x00007fff50210aa0:   0000000135f0df60 000000013eb35690
0x00007fff50210ab0:   00007fff50210b40 00000001344de444
0x00007fff50210ac0:   000000013eb35690 000000013eb27000
0x00007fff50210ad0:   00007fff50210b40 00000001344de3c2
0x00007fff50210ae0:   0000000000000000 4346000043460000
0x00007fff50210af0:   000000460000002b 000001a3000002ca
0x00007fff50210b00:   00007fff50210b40 ffffff3affffff3a
0x00007fff50210b10:   0000032f00000456 0000000000000001
0x00007fff50210b20:   0000000000000001 000000013eb355e8
0x00007fff50210b30:   000000013eb35690 000000013eb27000
0x00007fff50210b40:   00007fff50210b80 00000001344e47af
0x00007fff50210b50:   0000032f00000456 444bc000448ac000
0x00007fff50210b60:   000000013eb35690 00007fff50211a28
0x00007fff50210b70:   0000000000000000 00007fd7677f6ea0
0x00007fff50210b80:   00007fff50210c40 000000013453a9e5
0x00007fff50210b90:   00007fff50210c40 000000013460bc48
0x00007fff50210ba0:   00007fff50210d00 000000013e652000
0x00007fff50210bb0:   000000013ea5c000 000000013ea5c000
0x00007fff50210bc0:   00007fff50211a28 0000000000000000
0x00007fff50210bd0:   0000006000000000 000000013ea5c000
0x00007fff50210be0:   0000118000000ac0 000068c00000b280
0x00007fff50210bf0:   0000000000000007 0000000000000000 

Instructions: (pc=0x0000000110375fcc)
0x0000000110375fac:   80 00 00 00 76 4e 48 f7 c6 1f 00 00 00 74 25 c5
0x0000000110375fbc:   fc 29 0f c5 fc 29 57 20 48 83 c7 40 c5 fc 10 0e
0x0000000110375fcc:   c5 fc 10 56 20 48 83 c6 40 48 83 ea 40 77 e0 eb
0x0000000110375fdc:   23 0f 1f 00 c5 fc 29 0f c5 fc 29 57 20 48 83 c7 

Register to memory mapping:

RAX=0x000000015158ddb0 is an unknown value
RBX=0x0000000145bfecc0 is an unknown value
RCX=0x0000000000000010 is an unknown value
RDX=0x0000000000000300 is an unknown value
RSP=0x00007fff50210a00 is pointing into the stack for thread: 0x00007fd7678ef800
RBP=0x00007fff50210a00 is pointing into the stack for thread: 0x00007fd7678ef800
RSI=0x0000000145bfffd0 is an unknown value
RDI=0x000000015158f0c0 is an unknown value
R8 =0x0000000000000000 is an unknown value
R9 =0x000000000035ae70 is an unknown value
R10=0x00000000000022b0 is an unknown value
R11=0x000000000b98f0f0 is an unknown value
R12=0x000000015158ddb0 is an unknown value
R13=0x000000000000006a is an unknown value
R14=0x0000000000001650 is an unknown value
R15=0x00000000000022b0 is an unknown value


Stack: [0x00007fff4fa18000,0x00007fff50218000],  sp=0x00007fff50210a00,  free space=8162k
Native frames: (J=compiled Java code, j=interpreted, Vv=VM code, C=native code)
C  [libsystem_platform.dylib+0x5fcc]  _platform_memmove$VARIANT$Haswell+0x12c
C  [libjfxwebkit.dylib+0x60952f]  _ZN7WebCore12FilterEffect14copyImageBytesEPN3JSC21GenericTypedArrayViewINS1_19Uint8ClampedAdaptorEEES5_RKNS_7IntRectE+0x1df
C  [libjfxwebkit.dylib+0x60902b]  _ZN7WebCore12FilterEffect22copyPremultipliedImageEPN3JSC21GenericTypedArrayViewINS1_19Uint8ClampedAdaptorEEERKNS_7IntRectE+0x1eb
C  [libjfxwebkit.dylib+0x602444]  _ZN7WebCore14FEGaussianBlur21platformApplySoftwareEv+0x64
C  [libjfxwebkit.dylib+0x6087af]  _ZN7WebCore12FilterEffect5applyEv+0x11f
C  [libjfxwebkit.dylib+0x65e9e5]  _ZN7WebCore26FilterEffectRendererHelper17applyFilterEffectEPNS_15GraphicsContextE+0x85
C  [libjfxwebkit.dylib+0x72c78c]  _ZN7WebCore11RenderLayer18paintLayerContentsEPNS_15GraphicsContextERKNS0_17LayerPaintingInfoEj+0xddc
C  [libjfxwebkit.dylib+0x72a303]  _ZN7WebCore11RenderLayer10paintLayerEPNS_15GraphicsContextERKNS0_17LayerPaintingInfoEj+0x463
C  [libjfxwebkit.dylib+0x72c678]  _ZN7WebCore11RenderLayer18paintLayerContentsEPNS_15GraphicsContextERKNS0_17LayerPaintingInfoEj+0xcc8
C  [libjfxwebkit.dylib+0x72a303]  _ZN7WebCore11RenderLayer10paintLayerEPNS_15GraphicsContextERKNS0_17LayerPaintingInfoEj+0x463
C  [libjfxwebkit.dylib+0x72c678]  _ZN7WebCore11RenderLayer18paintLayerContentsEPNS_15GraphicsContextERKNS0_17LayerPaintingInfoEj+0xcc8
C  [libjfxwebkit.dylib+0x72a303]  _ZN7WebCore11RenderLayer10paintLayerEPNS_15GraphicsContextERKNS0_17LayerPaintingInfoEj+0x463
C  [libjfxwebkit.dylib+0x729de5]  _ZN7WebCore11RenderLayer5paintEPNS_15GraphicsContextERKNS_10LayoutRectERKNS_10LayoutSizeEjPNS_12RenderObjectEj+0x105
C  [libjfxwebkit.dylib+0x53b779]  _ZN7WebCore9FrameView13paintContentsEPNS_15GraphicsContextERKNS_7IntRectE+0x1f9
C  [libjfxwebkit.dylib+0x59bc29]  _ZN7WebCore10ScrollView5paintEPNS_15GraphicsContextERKNS_7IntRectE+0x239
C  [libjfxwebkit.dylib+0x99136f]  _ZN7WebCore7WebPage5paintEP8_jobjectiiii+0x14f
j  com.sun.webkit.WebPage.twkUpdateContent(JLcom/sun/webkit/graphics/WCRenderQueue;IIII)V+0
j  com.sun.webkit.WebPage.updateDirty(Lcom/sun/webkit/graphics/WCRectangle;)V+218
j  com.sun.webkit.WebPage.updateContent(Lcom/sun/webkit/graphics/WCRectangle;)V+48
j  com.sun.javafx.sg.prism.web.NGWebView.update()V+68
j  javafx.scene.web.WebView.handleStagePulse()V+40
j  javafx.scene.web.WebView.lambda$new$29()V+1
j  javafx.scene.web.WebView$$Lambda$93.pulse()V+4
J 1887 C1 com.sun.javafx.tk.Toolkit$$Lambda$167.run()Ljava/lang/Object; (8 bytes) @ 0x000000011abce4cc [0x000000011abce380+0x14c]
v  ~StubRoutines::call_stub
V  [libjvm.dylib+0x2ed9d6]
V  [libjvm.dylib+0x34e114]
J 1513  java.security.AccessController.doPrivileged(Ljava/security/PrivilegedAction;Ljava/security/AccessControlContext;)Ljava/lang/Object; (0 bytes) @ 0x000000011aac1015 [0x000000011aac0f40+0xd5]
J 1823 C1 com.sun.javafx.tk.Toolkit.runPulse(Lcom/sun/javafx/tk/TKPulseListener;Ljava/security/AccessControlContext;)V (26 bytes) @ 0x000000011abad79c [0x000000011abad320+0x47c]
j  com.sun.javafx.tk.Toolkit.firePulse()V+129
j  com.sun.javafx.tk.quantum.QuantumToolkit.pulse(Z)V+97
j  com.sun.javafx.tk.quantum.QuantumToolkit.pulse()V+2
j  com.sun.javafx.tk.quantum.QuantumToolkit.lambda$runToolkit$404()V+1
j  com.sun.javafx.tk.quantum.QuantumToolkit$$Lambda$41.run()V+4
J 2477 C1 com.sun.glass.ui.InvokeLaterDispatcher$Future.run()V (91 bytes) @ 0x000000011a7943d4 [0x000000011a7942c0+0x114]
v  ~StubRoutines::call_stub
V  [libjvm.dylib+0x2ed9d6]
V  [libjvm.dylib+0x324b65]
V  [libjvm.dylib+0x317333]
C  [libglass.dylib+0x456b]  -[GlassRunnable run]+0x6b
C  [Foundation+0x7152a]  __NSThreadPerformPerform+0x146
C  [CoreFoundation+0xa7321]  __CFRUNLOOP_IS_CALLING_OUT_TO_A_SOURCE0_PERFORM_FUNCTION__+0x11
C  [CoreFoundation+0x8821d]  __CFRunLoopDoSources0+0x22d
C  [CoreFoundation+0x87716]  __CFRunLoopRun+0x3a6
C  [CoreFoundation+0x87114]  CFRunLoopRunSpecific+0x1a4
C  [HIToolbox+0x30ebc]  RunCurrentEventLoopInMode+0xf0
C  [HIToolbox+0x30cf1]  ReceiveNextEventCommon+0x1b0
C  [HIToolbox+0x30b26]  _BlockUntilNextEventMatchingListInModeWithFilter+0x47
C  [AppKit+0x46a54]  _DPSNextEvent+0x460
C  [AppKit+0x7c27ee]  -[NSApplication(NSEvent) _nextEventMatchingEventMask:untilDate:inMode:dequeue:]+0xaec
C  [AppKit+0x3b3db]  -[NSApplication run]+0x39e
C  [libglass.dylib+0x651c]  -[GlassApplication runLoop:]+0x72c
C  [Foundation+0x7152a]  __NSThreadPerformPerform+0x146
C  [CoreFoundation+0xa7321]  __CFRUNLOOP_IS_CALLING_OUT_TO_A_SOURCE0_PERFORM_FUNCTION__+0x11
C  [CoreFoundation+0x8821d]  __CFRunLoopDoSources0+0x22d
C  [CoreFoundation+0x87716]  __CFRunLoopRun+0x3a6
C  [CoreFoundation+0x87114]  CFRunLoopRunSpecific+0x1a4
C  [java+0x6465]  CreateExecutionEnvironment+0x367
C  [java+0x218c]  JLI_Launch+0x7a0
C  [java+0x84c2]  main+0x65
C  [java+0x19e4]  start+0x34
C  0x0000000000000008

Java frames: (J=compiled Java code, j=interpreted, Vv=VM code)
j  com.sun.webkit.WebPage.twkUpdateContent(JLcom/sun/webkit/graphics/WCRenderQueue;IIII)V+0
j  com.sun.webkit.WebPage.updateDirty(Lcom/sun/webkit/graphics/WCRectangle;)V+218
j  com.sun.webkit.WebPage.updateContent(Lcom/sun/webkit/graphics/WCRectangle;)V+48
j  com.sun.javafx.sg.prism.web.NGWebView.update()V+68
j  javafx.scene.web.WebView.handleStagePulse()V+40
j  javafx.scene.web.WebView.lambda$new$29()V+1
j  javafx.scene.web.WebView$$Lambda$93.pulse()V+4
J 1887 C1 com.sun.javafx.tk.Toolkit$$Lambda$167.run()Ljava/lang/Object; (8 bytes) @ 0x000000011abce4cc [0x000000011abce380+0x14c]
v  ~StubRoutines::call_stub
J 1513  java.security.AccessController.doPrivileged(Ljava/security/PrivilegedAction;Ljava/security/AccessControlContext;)Ljava/lang/Object; (0 bytes) @ 0x000000011aac0fa3 [0x000000011aac0f40+0x63]
J 1823 C1 com.sun.javafx.tk.Toolkit.runPulse(Lcom/sun/javafx/tk/TKPulseListener;Ljava/security/AccessControlContext;)V (26 bytes) @ 0x000000011abad79c [0x000000011abad320+0x47c]
j  com.sun.javafx.tk.Toolkit.firePulse()V+129
j  com.sun.javafx.tk.quantum.QuantumToolkit.pulse(Z)V+97
j  com.sun.javafx.tk.quantum.QuantumToolkit.pulse()V+2
j  com.sun.javafx.tk.quantum.QuantumToolkit.lambda$runToolkit$404()V+1
j  com.sun.javafx.tk.quantum.QuantumToolkit$$Lambda$41.run()V+4
J 2477 C1 com.sun.glass.ui.InvokeLaterDispatcher$Future.run()V (91 bytes) @ 0x000000011a7943d4 [0x000000011a7942c0+0x114]
v  ~StubRoutines::call_stub

---------------  P R O C E S S  ---------------

Java Threads: ( => current thread )
  0x00007fd768abf000 JavaThread "URL-Loader-7" daemon [_thread_blocked, id=86019, stack(0x000070000377e000,0x000070000387e000)]
  0x00007fd769389800 JavaThread "URL-Loader-6" daemon [_thread_blocked, id=84747, stack(0x000070000367b000,0x000070000377b000)]
  0x00007fd76938c000 JavaThread "URL-Loader-5" daemon [_thread_blocked, id=85271, stack(0x0000700003578000,0x0000700003678000)]
  0x00007fd769357000 JavaThread "Watchdog-Timer-1" daemon [_thread_blocked, id=85527, stack(0x0000700003475000,0x0000700003575000)]
  0x00007fd768abe000 JavaThread "URL-Loader-4" daemon [_thread_blocked, id=83979, stack(0x0000700003372000,0x0000700003472000)]
  0x00007fd769356800 JavaThread "URL-Loader-3" daemon [_thread_blocked, id=83463, stack(0x000070000326f000,0x000070000336f000)]
  0x00007fd769355800 JavaThread "URL-Loader-2" daemon [_thread_blocked, id=82947, stack(0x000070000316c000,0x000070000326c000)]
  0x00007fd769391800 JavaThread "Keep-Alive-Timer" daemon [_thread_blocked, id=76059, stack(0x0000700003069000,0x0000700003169000)]
  0x00007fd768976800 JavaThread "URL-Loader-1" daemon [_thread_blocked, id=75527, stack(0x0000700002f66000,0x0000700003066000)]
  0x00007fd768971800 JavaThread "Thread-6" [_thread_blocked, id=60727, stack(0x0000700002bd4000,0x0000700002cd4000)]
  0x00007fd7691b1000 JavaThread "Prism Font Disposer" daemon [_thread_blocked, id=60147, stack(0x0000700002ad1000,0x0000700002bd1000)]
  0x00007fd76919a800 JavaThread "Disposer" daemon [_thread_blocked, id=58627, stack(0x00007000029ce000,0x0000700002ace000)]
  0x00007fd767944800 JavaThread "JavaFX-Launcher" [_thread_blocked, id=57603, stack(0x0000700002848000,0x0000700002948000)]
  0x00007fd768182800 JavaThread "Thread-3" daemon [_thread_in_native, id=41475, stack(0x0000700002742000,0x00007000027c2000)]
=>0x00007fd7678ef800 JavaThread "JavaFX Application Thread" [_thread_in_native, id=775, stack(0x00007fff4fa18000,0x00007fff50218000)]
  0x00007fd7678da800 JavaThread "Thread-1" daemon [_thread_blocked, id=28931, stack(0x000070000263f000,0x000070000273f000)]
  0x00007fd768123000 JavaThread "QuantumRenderer-0" daemon [_thread_blocked, id=22275, stack(0x000070000253c000,0x000070000263c000)]
  0x00007fd768809000 JavaThread "Service Thread" daemon [_thread_blocked, id=21251, stack(0x0000700002336000,0x0000700002436000)]
  0x00007fd768038000 JavaThread "C1 CompilerThread3" daemon [_thread_blocked, id=20739, stack(0x0000700002233000,0x0000700002333000)]
  0x00007fd768844800 JavaThread "C2 CompilerThread2" daemon [_thread_blocked, id=20227, stack(0x0000700002130000,0x0000700002230000)]
  0x00007fd767828000 JavaThread "C2 CompilerThread1" daemon [_thread_blocked, id=19715, stack(0x000070000202d000,0x000070000212d000)]
  0x00007fd769003000 JavaThread "C2 CompilerThread0" daemon [_thread_blocked, id=19203, stack(0x0000700001f2a000,0x000070000202a000)]
  0x00007fd76901b000 JavaThread "Signal Dispatcher" daemon [_thread_blocked, id=18691, stack(0x0000700001e27000,0x0000700001f27000)]
  0x00007fd76802a000 JavaThread "Finalizer" daemon [_thread_blocked, id=14595, stack(0x0000700001d24000,0x0000700001e24000)]
  0x00007fd768832800 JavaThread "Reference Handler" daemon [_thread_blocked, id=14083, stack(0x0000700001c21000,0x0000700001d21000)]
  0x00007fd767805000 JavaThread "main" [_thread_blocked, id=7171, stack(0x0000700001203000,0x0000700001303000)]

Other Threads:
  0x00007fd76882d800 VMThread [stack: 0x0000700001b1e000,0x0000700001c1e000] [id=13571]
  0x00007fd768886800 WatcherThread [stack: 0x0000700002439000,0x0000700002539000] [id=21763]

VM state:not at safepoint (normal execution)

VM Mutex/Monitor currently owned by a thread: None

Heap:
 PSYoungGen      total 263168K, used 11631K [0x000000076ab00000, 0x000000077bf80000, 0x00000007c0000000)
  eden space 255488K, 4% used [0x000000076ab00000,0x000000076b65bef0,0x000000077a480000)
  from space 7680K, 0% used [0x000000077b800000,0x000000077b800000,0x000000077bf80000)
  to   space 13312K, 0% used [0x000000077a580000,0x000000077a580000,0x000000077b280000)
 ParOldGen       total 82944K, used 18006K [0x00000006c0000000, 0x00000006c5100000, 0x000000076ab00000)
  object space 82944K, 21% used [0x00000006c0000000,0x00000006c1195aa0,0x00000006c5100000)
 Metaspace       used 21211K, capacity 22156K, committed 22448K, reserved 1069056K
  class space    used 2942K, capacity 3165K, committed 3248K, reserved 1048576K

Card table byte_map: [0x0000000112b62000,0x0000000113363000] byte_map_base: 0x000000010f562000

Marking Bits: (ParMarkBitMap*) 0x00000001120f0d30
 Begin Bits: [0x00000001295ae000, 0x000000012d5ae000)
 End Bits:   [0x000000012d5ae000, 0x00000001315ae000)

Polling page: 0x00000001101e5000

CodeCache: size=245760Kb used=6719Kb max_used=7268Kb free=239040Kb
 bounds [0x000000011a5ae000, 0x000000011acce000, 0x00000001295ae000]
 total_blobs=2953 nmethods=2188 adapters=678
 compilation: enabled

Compilation events (10 events):
Event: 7.698 Thread 0x00007fd768038000 2487       1       com.sun.javafx.tk.quantum.SceneState::getScene (5 bytes)
Event: 7.698 Thread 0x00007fd768038000 nmethod 2487 0x000000011a7401d0 code [0x000000011a740320, 0x000000011a740430]
Event: 7.698 Thread 0x00007fd768038000 2488       3       com.sun.javafx.geom.transform.Affine3D::deriveWithConcatenation (6 bytes)
Event: 7.698 Thread 0x00007fd768038000 nmethod 2488 0x000000011a7c4cd0 code [0x000000011a7c4e40, 0x000000011a7c5048]
Event: 7.698 Thread 0x00007fd768038000 2489       3       com.sun.javafx.geom.transform.Affine3D::restoreTransform (75 bytes)
Event: 7.698 Thread 0x00007fd768038000 nmethod 2489 0x000000011a927850 code [0x000000011a9279c0, 0x000000011a927ba8]
Event: 7.698 Thread 0x00007fd768038000 2490       1       javafx.scene.layout.BackgroundFill::getInsets (5 bytes)
Event: 7.698 Thread 0x00007fd768038000 nmethod 2490 0x000000011a73ff10 code [0x000000011a740060, 0x000000011a740170]
Event: 7.699 Thread 0x00007fd768038000 2491       1       com.sun.webkit.graphics.BufferData::getBuffer (5 bytes)
Event: 7.699 Thread 0x00007fd768038000 nmethod 2491 0x000000011a9ea090 code [0x000000011a9ea1e0, 0x000000011a9ea2f0]

GC Heap History (10 events):
Event: 2.308 GC heap before
{Heap before GC invocations=4 (full 0):
 PSYoungGen      total 76288K, used 73699K [0x000000076ab00000, 0x0000000774000000, 0x00000007c0000000)
  eden space 65536K, 99% used [0x000000076ab00000,0x000000076eae39f0,0x000000076eb00000)
  from space 10752K, 76% used [0x000000076eb00000,0x000000076f3152d8,0x000000076f580000)
  to   space 10752K, 0% used [0x0000000773580000,0x0000000773580000,0x0000000774000000)
 ParOldGen       total 175104K, used 2754K [0x00000006c0000000, 0x00000006cab00000, 0x000000076ab00000)
  object space 175104K, 1% used [0x00000006c0000000,0x00000006c02b0a38,0x00000006cab00000)
 Metaspace       used 19736K, capacity 20474K, committed 20736K, reserved 1067008K
  class space    used 2775K, capacity 2948K, committed 3072K, reserved 1048576K
Event: 2.314 GC heap after
Heap after GC invocations=4 (full 0):
 PSYoungGen      total 141824K, used 8402K [0x000000076ab00000, 0x0000000774000000, 0x00000007c0000000)
  eden space 131072K, 0% used [0x000000076ab00000,0x000000076ab00000,0x0000000772b00000)
  from space 10752K, 78% used [0x0000000773580000,0x0000000773db4b58,0x0000000774000000)
  to   space 10752K, 0% used [0x0000000772b00000,0x0000000772b00000,0x0000000773580000)
 ParOldGen       total 175104K, used 2762K [0x00000006c0000000, 0x00000006cab00000, 0x000000076ab00000)
  object space 175104K, 1% used [0x00000006c0000000,0x00000006c02b2a38,0x00000006cab00000)
 Metaspace       used 19736K, capacity 20474K, committed 20736K, reserved 1067008K
  class space    used 2775K, capacity 2948K, committed 3072K, reserved 1048576K
}
Event: 3.364 GC heap before
{Heap before GC invocations=5 (full 0):
 PSYoungGen      total 141824K, used 85670K [0x000000076ab00000, 0x0000000774000000, 0x00000007c0000000)
  eden space 131072K, 58% used [0x000000076ab00000,0x000000076f675080,0x0000000772b00000)
  from space 10752K, 78% used [0x0000000773580000,0x0000000773db4b58,0x0000000774000000)
  to   space 10752K, 0% used [0x0000000772b00000,0x0000000772b00000,0x0000000773580000)
 ParOldGen       total 175104K, used 2762K [0x00000006c0000000, 0x00000006cab00000, 0x000000076ab00000)
  object space 175104K, 1% used [0x00000006c0000000,0x00000006c02b2a38,0x00000006cab00000)
 Metaspace       used 20375K, capacity 21204K, committed 21296K, reserved 1067008K
  class space    used 2849K, capacity 3075K, committed 3120K, reserved 1048576K
Event: 3.372 GC heap after
Heap after GC invocations=5 (full 0):
 PSYoungGen      total 141824K, used 9291K [0x000000076ab00000, 0x000000077c500000, 0x00000007c0000000)
  eden space 131072K, 0% used [0x000000076ab00000,0x000000076ab00000,0x0000000772b00000)
  from space 10752K, 86% used [0x0000000772b00000,0x0000000773412f68,0x0000000773580000)
  to   space 13312K, 0% used [0x000000077b800000,0x000000077b800000,0x000000077c500000)
 ParOldGen       total 175104K, used 2778K [0x00000006c0000000, 0x00000006cab00000, 0x000000076ab00000)
  object space 175104K, 1% used [0x00000006c0000000,0x00000006c02b6a38,0x00000006cab00000)
 Metaspace       used 20375K, capacity 21204K, committed 21296K, reserved 1067008K
  class space    used 2849K, capacity 3075K, committed 3120K, reserved 1048576K
}
Event: 3.372 GC heap before
{Heap before GC invocations=6 (full 1):
 PSYoungGen      total 141824K, used 9291K [0x000000076ab00000, 0x000000077c500000, 0x00000007c0000000)
  eden space 131072K, 0% used [0x000000076ab00000,0x000000076ab00000,0x0000000772b00000)
  from space 10752K, 86% used [0x0000000772b00000,0x0000000773412f68,0x0000000773580000)
  to   space 13312K, 0% used [0x000000077b800000,0x000000077b800000,0x000000077c500000)
 ParOldGen       total 175104K, used 2778K [0x00000006c0000000, 0x00000006cab00000, 0x000000076ab00000)
  object space 175104K, 1% used [0x00000006c0000000,0x00000006c02b6a38,0x00000006cab00000)
 Metaspace       used 20375K, capacity 21204K, committed 21296K, reserved 1067008K
  class space    used 2849K, capacity 3075K, committed 3120K, reserved 1048576K
Event: 3.399 GC heap after
Heap after GC invocations=6 (full 1):
 PSYoungGen      total 141824K, used 0K [0x000000076ab00000, 0x000000077c500000, 0x00000007c0000000)
  eden space 131072K, 0% used [0x000000076ab00000,0x000000076ab00000,0x0000000772b00000)
  from space 10752K, 0% used [0x0000000772b00000,0x0000000772b00000,0x0000000773580000)
  to   space 13312K, 0% used [0x000000077b800000,0x000000077b800000,0x000000077c500000)
 ParOldGen       total 82944K, used 10906K [0x00000006c0000000, 0x00000006c5100000, 0x000000076ab00000)
  object space 82944K, 13% used [0x00000006c0000000,0x00000006c0aa6a80,0x00000006c5100000)
 Metaspace       used 20371K, capacity 21198K, committed 21296K, reserved 1067008K
  class space    used 2849K, capacity 3074K, committed 3120K, reserved 1048576K
}
Event: 6.123 GC heap before
{Heap before GC invocations=7 (full 1):
 PSYoungGen      total 141824K, used 38386K [0x000000076ab00000, 0x000000077c500000, 0x00000007c0000000)
  eden space 131072K, 29% used [0x000000076ab00000,0x000000076d07c9f0,0x0000000772b00000)
  from space 10752K, 0% used [0x0000000772b00000,0x0000000772b00000,0x0000000773580000)
  to   space 13312K, 0% used [0x000000077b800000,0x000000077b800000,0x000000077c500000)
 ParOldGen       total 82944K, used 10906K [0x00000006c0000000, 0x00000006c5100000, 0x000000076ab00000)
  object space 82944K, 13% used [0x00000006c0000000,0x00000006c0aa6a80,0x00000006c5100000)
 Metaspace       used 21161K, capacity 22084K, committed 22192K, reserved 1069056K
  class space    used 2941K, capacity 3163K, committed 3248K, reserved 1048576K
Event: 6.128 GC heap after
Heap after GC invocations=7 (full 1):
 PSYoungGen      total 263168K, used 7389K [0x000000076ab00000, 0x000000077bf80000, 0x00000007c0000000)
  eden space 255488K, 0% used [0x000000076ab00000,0x000000076ab00000,0x000000077a480000)
  from space 7680K, 96% used [0x000000077b800000,0x000000077bf37738,0x000000077bf80000)
  to   space 13312K, 0% used [0x000000077a580000,0x000000077a580000,0x000000077b280000)
 ParOldGen       total 82944K, used 10914K [0x00000006c0000000, 0x00000006c5100000, 0x000000076ab00000)
  object space 82944K, 13% used [0x00000006c0000000,0x00000006c0aa8a80,0x00000006c5100000)
 Metaspace       used 21161K, capacity 22084K, committed 22192K, reserved 1069056K
  class space    used 2941K, capacity 3163K, committed 3248K, reserved 1048576K
}
Event: 6.128 GC heap before
{Heap before GC invocations=8 (full 2):
 PSYoungGen      total 263168K, used 7389K [0x000000076ab00000, 0x000000077bf80000, 0x00000007c0000000)
  eden space 255488K, 0% used [0x000000076ab00000,0x000000076ab00000,0x000000077a480000)
  from space 7680K, 96% used [0x000000077b800000,0x000000077bf37738,0x000000077bf80000)
  to   space 13312K, 0% used [0x000000077a580000,0x000000077a580000,0x000000077b280000)
 ParOldGen       total 82944K, used 10914K [0x00000006c0000000, 0x00000006c5100000, 0x000000076ab00000)
  object space 82944K, 13% used [0x00000006c0000000,0x00000006c0aa8a80,0x00000006c5100000)
 Metaspace       used 21161K, capacity 22084K, committed 22192K, reserved 1069056K
  class space    used 2941K, capacity 3163K, committed 3248K, reserved 1048576K
Event: 6.182 GC heap after
Heap after GC invocations=8 (full 2):
 PSYoungGen      total 263168K, used 0K [0x000000076ab00000, 0x000000077bf80000, 0x00000007c0000000)
  eden space 255488K, 0% used [0x000000076ab00000,0x000000076ab00000,0x000000077a480000)
  from space 7680K, 0% used [0x000000077b800000,0x000000077b800000,0x000000077bf80000)
  to   space 13312K, 0% used [0x000000077a580000,0x000000077a580000,0x000000077b280000)
 ParOldGen       total 82944K, used 18006K [0x00000006c0000000, 0x00000006c5100000, 0x000000076ab00000)
  object space 82944K, 21% used [0x00000006c0000000,0x00000006c1195aa0,0x00000006c5100000)
 Metaspace       used 21161K, capacity 22084K, committed 22192K, reserved 1069056K
  class space    used 2941K, capacity 3163K, committed 3248K, reserved 1048576K
}

Deoptimization events (10 events):
Event: 3.331 Thread 0x00007fd768abe000 Uncommon trap: reason=predicate action=maybe_recompile pc=0x000000011abe55e0 method=java.util.regex.Pattern$SliceI.match(Ljava/util/regex/Matcher;ILjava/lang/CharSequence;)Z @ 21
Event: 3.339 Thread 0x00007fd768abe000 Uncommon trap: reason=unstable_if action=reinterpret pc=0x000000011abcef08 method=java.util.Arrays.equals([B[B)Z @ 12
Event: 3.352 Thread 0x00007fd769355800 Uncommon trap: reason=class_check action=maybe_recompile pc=0x000000011a9d163c method=java.util.HashMap.putVal(ILjava/lang/Object;Ljava/lang/Object;ZZ)Ljava/lang/Object; @ 253
Event: 3.352 Thread 0x00007fd769356800 Uncommon trap: reason=class_check action=maybe_recompile pc=0x000000011a9d163c method=java.util.HashMap.putVal(ILjava/lang/Object;Ljava/lang/Object;ZZ)Ljava/lang/Object; @ 253
Event: 5.910 Thread 0x00007fd7678ef800 Uncommon trap: reason=bimorphic action=maybe_recompile pc=0x000000011ab4a46c method=java.util.regex.Pattern$BmpCharProperty.match(Ljava/util/regex/Matcher;ILjava/lang/CharSequence;)Z @ 16
Event: 5.910 Thread 0x00007fd7678ef800 Uncommon trap: reason=bimorphic action=maybe_recompile pc=0x000000011ab4a46c method=java.util.regex.Pattern$BmpCharProperty.match(Ljava/util/regex/Matcher;ILjava/lang/CharSequence;)Z @ 16
Event: 5.910 Thread 0x00007fd7678ef800 Uncommon trap: reason=bimorphic action=maybe_recompile pc=0x000000011ab4dad8 method=java.util.regex.Pattern$Curly.match0(Ljava/util/regex/Matcher;IILjava/lang/CharSequence;)Z @ 170
Event: 6.111 Thread 0x00007fd7678ef800 Uncommon trap: reason=bimorphic action=maybe_recompile pc=0x000000011ab4dad8 method=java.util.regex.Pattern$Curly.match0(Ljava/util/regex/Matcher;IILjava/lang/CharSequence;)Z @ 170
Event: 6.112 Thread 0x00007fd7678ef800 Uncommon trap: reason=bimorphic action=maybe_recompile pc=0x000000011ab4dad8 method=java.util.regex.Pattern$Curly.match0(Ljava/util/regex/Matcher;IILjava/lang/CharSequence;)Z @ 170
Event: 6.114 Thread 0x00007fd7678ef800 Uncommon trap: reason=bimorphic action=maybe_recompile pc=0x000000011ab4dad8 method=java.util.regex.Pattern$Curly.match0(Ljava/util/regex/Matcher;IILjava/lang/CharSequence;)Z @ 170

Internal exceptions (10 events):
Event: 0.952 Thread 0x00007fd7678ef800 Exception <a 'java/lang/NullPointerException'> (0x000000076b9f3e00) thrown at [/Users/java_re/workspace/8-2-build-macosx-x86_64/jdk8u121/8372/hotspot/src/share/vm/prims/jvm.cpp, line 1394]
Event: 0.974 Thread 0x00007fd7678ef800 Exception <a 'java/lang/ClassNotFoundException': com/microsoft/alm/oauth2/useragent/jar/Handler> (0x000000076bb67358) thrown at [/Users/java_re/workspace/8-2-build-macosx-x86_64/jdk8u121/8372/hotspot/src/share/vm/classfile/systemDictionary.cpp, line 210]
Event: 1.097 Thread 0x00007fd7678ef800 Implicit null exception at 0x000000011a7e68f5 to 0x000000011a7e6aed
Event: 1.659 Thread 0x00007fd7678ef800 Exception <a 'java/lang/ClassNotFoundException': com/microsoft/alm/oauth2/useragent/https/Handler> (0x000000076cb88b68) thrown at [/Users/java_re/workspace/8-2-build-macosx-x86_64/jdk8u121/8372/hotspot/src/share/vm/classfile/systemDictionary.cpp, line 210
Event: 1.674 Thread 0x00007fd7678ef800 Exception <a 'sun/nio/fs/UnixException'> (0x000000076cbb15f8) thrown at [/Users/java_re/workspace/8-2-build-macosx-x86_64/jdk8u121/8372/hotspot/src/share/vm/prims/jni.cpp, line 709]
Event: 1.675 Thread 0x00007fd7678ef800 Exception <a 'sun/nio/fs/UnixException'> (0x000000076cbb3668) thrown at [/Users/java_re/workspace/8-2-build-macosx-x86_64/jdk8u121/8372/hotspot/src/share/vm/prims/jni.cpp, line 709]
Event: 1.683 Thread 0x00007fd7678ef800 Implicit null exception at 0x000000011a7b0b76 to 0x000000011a7b0f3d
Event: 1.798 Thread 0x00007fd768976800 Exception <a 'java/lang/ClassNotFoundException': com/microsoft/alm/oauth2/useragent/http/Handler> (0x000000076d4ddf58) thrown at [/Users/java_re/workspace/8-2-build-macosx-x86_64/jdk8u121/8372/hotspot/src/share/vm/classfile/systemDictionary.cpp, line 210]
Event: 3.339 Thread 0x00007fd768abe000 Implicit null exception at 0x000000011abcedb8 to 0x000000011abceef5
Event: 3.655 Thread 0x00007fd7678ef800 Exception <a 'java/io/FileNotFoundException'> (0x000000076ada7128) thrown at [/Users/java_re/workspace/8-2-build-macosx-x86_64/jdk8u121/8372/hotspot/src/share/vm/prims/jni.cpp, line 709]

Events (10 events):
Event: 6.946 Thread 0x00007fd768038000 flushing nmethod 0x000000011ac05d50
Event: 6.946 Thread 0x00007fd768038000 flushing nmethod 0x000000011ac08e50
Event: 6.946 Thread 0x00007fd768038000 flushing nmethod 0x000000011ac0a210
Event: 6.946 Thread 0x00007fd768038000 flushing nmethod 0x000000011ac16fd0
Event: 7.114 Executing VM operation: BulkRevokeBias
Event: 7.114 Executing VM operation: BulkRevokeBias done
Event: 7.114 Executing VM operation: RevokeBias
Event: 7.114 Executing VM operation: RevokeBias done
Event: 7.114 Executing VM operation: BulkRevokeBias
Event: 7.114 Executing VM operation: BulkRevokeBias done


Dynamic libraries:
0x0000000019a70000 	/System/Library/Frameworks/Cocoa.framework/Versions/A/Cocoa
0x0000000019a70000 	/System/Library/Frameworks/Security.framework/Versions/A/Security
0x0000000019a70000 	/System/Library/Frameworks/ApplicationServices.framework/Versions/A/ApplicationServices
0x0000000019a70000 	/usr/lib/libz.1.dylib
0x000000010fa05000 	/usr/lib/libSystem.B.dylib
0x0000000019a70000 	/usr/lib/libobjc.A.dylib
0x0000000019a70000 	/System/Library/Frameworks/CoreFoundation.framework/Versions/A/CoreFoundation
0x0000000019a70000 	/System/Library/Frameworks/Foundation.framework/Versions/C/Foundation
0x0000000019a70000 	/System/Library/Frameworks/AppKit.framework/Versions/C/AppKit
0x0000000019a70000 	/System/Library/Frameworks/CoreData.framework/Versions/A/CoreData
0x0000000019a70000 	/System/Library/PrivateFrameworks/RemoteViewServices.framework/Versions/A/RemoteViewServices
0x0000000019a70000 	/System/Library/PrivateFrameworks/UIFoundation.framework/Versions/A/UIFoundation
0x0000000019a70000 	/System/Library/PrivateFrameworks/DFRFoundation.framework/Versions/A/DFRFoundation
0x0000000019a70000 	/usr/lib/libenergytrace.dylib
0x0000000019a70000 	/System/Library/PrivateFrameworks/SkyLight.framework/Versions/A/SkyLight
0x0000000019a70000 	/System/Library/Frameworks/CoreGraphics.framework/Versions/A/CoreGraphics
0x0000000019a70000 	/usr/lib/libScreenReader.dylib
0x0000000019a70000 	/System/Library/Frameworks/Accelerate.framework/Versions/A/Accelerate
0x0000000019a70000 	/System/Library/Frameworks/IOSurface.framework/Versions/A/IOSurface
0x0000000019a70000 	/System/Library/Frameworks/AudioToolbox.framework/Versions/A/AudioToolbox
0x0000000019a70000 	/System/Library/Frameworks/AudioUnit.framework/Versions/A/AudioUnit
0x0000000019a70000 	/System/Library/PrivateFrameworks/DataDetectorsCore.framework/Versions/A/DataDetectorsCore
0x0000000019a70000 	/System/Library/PrivateFrameworks/DesktopServicesPriv.framework/Versions/A/DesktopServicesPriv
0x0000000019a70000 	/System/Library/Frameworks/Carbon.framework/Versions/A/Frameworks/HIToolbox.framework/Versions/A/HIToolbox
0x0000000019a70000 	/usr/lib/libicucore.A.dylib
0x0000000019a70000 	/System/Library/Frameworks/QuartzCore.framework/Versions/A/QuartzCore
0x0000000019a70000 	/System/Library/Frameworks/Carbon.framework/Versions/A/Frameworks/SpeechRecognition.framework/Versions/A/SpeechRecognition
0x0000000019a70000 	/usr/lib/libauto.dylib
0x0000000019a70000 	/usr/lib/libxml2.2.dylib
0x0000000019a70000 	/System/Library/PrivateFrameworks/CoreUI.framework/Versions/A/CoreUI
0x0000000019a70000 	/System/Library/Frameworks/CoreAudio.framework/Versions/A/CoreAudio
0x0000000019a70000 	/System/Library/Frameworks/DiskArbitration.framework/Versions/A/DiskArbitration
0x0000000019a70000 	/usr/lib/liblangid.dylib
0x0000000019a70000 	/System/Library/PrivateFrameworks/MultitouchSupport.framework/Versions/A/MultitouchSupport
0x000000010fa0c000 	/System/Library/Frameworks/IOKit.framework/Versions/A/IOKit
0x0000000019a70000 	/usr/lib/libDiagnosticMessagesClient.dylib
0x0000000019a70000 	/System/Library/Frameworks/CoreServices.framework/Versions/A/CoreServices
0x0000000019a70000 	/System/Library/PrivateFrameworks/PerformanceAnalysis.framework/Versions/A/PerformanceAnalysis
0x0000000019a70000 	/System/Library/PrivateFrameworks/GenerationalStorage.framework/Versions/A/GenerationalStorage
0x0000000019a70000 	/System/Library/Frameworks/OpenGL.framework/Versions/A/OpenGL
0x0000000019a70000 	/System/Library/Frameworks/CoreImage.framework/Versions/A/CoreImage
0x0000000019a70000 	/System/Library/Frameworks/CoreText.framework/Versions/A/CoreText
0x0000000019a70000 	/System/Library/Frameworks/ImageIO.framework/Versions/A/ImageIO
0x0000000019a70000 	/System/Library/PrivateFrameworks/Backup.framework/Versions/A/Backup
0x0000000019a70000 	/usr/lib/libarchive.2.dylib
0x000000010faea000 	/System/Library/Frameworks/CFNetwork.framework/Versions/A/CFNetwork
0x0000000019a70000 	/System/Library/Frameworks/SystemConfiguration.framework/Versions/A/SystemConfiguration
0x0000000019a70000 	/usr/lib/libCRFSuite.dylib
0x0000000019a70000 	/usr/lib/libc++.1.dylib
0x0000000019a70000 	/usr/lib/libc++abi.dylib
0x0000000019a70000 	/usr/lib/system/libcache.dylib
0x0000000019a70000 	/usr/lib/system/libcommonCrypto.dylib
0x0000000019a70000 	/usr/lib/system/libcompiler_rt.dylib
0x0000000019a70000 	/usr/lib/system/libcopyfile.dylib
0x0000000019a70000 	/usr/lib/system/libcorecrypto.dylib
0x00000001101e7000 	/usr/lib/system/libdispatch.dylib
0x0000000110257000 	/usr/lib/system/libdyld.dylib
0x0000000019a70000 	/usr/lib/system/libkeymgr.dylib
0x0000000110265000 	/usr/lib/system/liblaunch.dylib
0x0000000019a70000 	/usr/lib/system/libmacho.dylib
0x0000000110271000 	/usr/lib/system/libquarantine.dylib
0x0000000019a70000 	/usr/lib/system/libremovefile.dylib
0x0000000019a70000 	/usr/lib/system/libsystem_asl.dylib
0x0000000019a70000 	/usr/lib/system/libsystem_blocks.dylib
0x0000000019a70000 	/usr/lib/system/libsystem_c.dylib
0x000000011027f000 	/usr/lib/system/libsystem_configuration.dylib
0x000000011028b000 	/usr/lib/system/libsystem_coreservices.dylib
0x0000000019a70000 	/usr/lib/system/libsystem_coretls.dylib
0x0000000019a70000 	/usr/lib/system/libsystem_dnssd.dylib
0x0000000019a70000 	/usr/lib/system/libsystem_info.dylib
0x0000000110296000 	/usr/lib/system/libsystem_kernel.dylib
0x00000001102d7000 	/usr/lib/system/libsystem_m.dylib
0x000000011032e000 	/usr/lib/system/libsystem_malloc.dylib
0x0000000019a70000 	/usr/lib/system/libsystem_network.dylib
0x0000000110359000 	/usr/lib/system/libsystem_networkextension.dylib
0x0000000019a70000 	/usr/lib/system/libsystem_notify.dylib
0x0000000110370000 	/usr/lib/system/libsystem_platform.dylib
0x0000000110384000 	/usr/lib/system/libsystem_pthread.dylib
0x00000001103a1000 	/usr/lib/system/libsystem_sandbox.dylib
0x00000001103af000 	/usr/lib/system/libsystem_secinit.dylib
0x00000001103bd000 	/usr/lib/system/libsystem_symptoms.dylib
0x00000001103cf000 	/usr/lib/system/libsystem_trace.dylib
0x0000000019a70000 	/usr/lib/system/libunwind.dylib
0x00000001103f5000 	/usr/lib/system/libxpc.dylib
0x0000000019a70000 	/usr/lib/libbsm.0.dylib
0x0000000110444000 	/usr/lib/system/libkxld.dylib
0x0000000019a70000 	/usr/lib/libcoretls.dylib
0x0000000019a70000 	/usr/lib/libcoretls_cfhelpers.dylib
0x0000000019a70000 	/usr/lib/libOpenScriptingUtil.dylib
0x0000000019a70000 	/usr/lib/libpam.2.dylib
0x000000011045b000 	/usr/lib/libsqlite3.dylib
0x0000000019a70000 	/usr/lib/libxar.1.dylib
0x0000000019a70000 	/usr/lib/libbz2.1.0.dylib
0x0000000019a70000 	/usr/lib/liblzma.5.dylib
0x0000000019a70000 	/usr/lib/libnetwork.dylib
0x0000000019a70000 	/usr/lib/libpcap.A.dylib
0x0000000019a70000 	/System/Library/Frameworks/CoreServices.framework/Versions/A/Frameworks/FSEvents.framework/Versions/A/FSEvents
0x0000000019a70000 	/System/Library/Frameworks/CoreServices.framework/Versions/A/Frameworks/CarbonCore.framework/Versions/A/CarbonCore
0x0000000019a70000 	/System/Library/Frameworks/CoreServices.framework/Versions/A/Frameworks/Metadata.framework/Versions/A/Metadata
0x0000000019a70000 	/System/Library/Frameworks/CoreServices.framework/Versions/A/Frameworks/OSServices.framework/Versions/A/OSServices
0x0000000019a70000 	/System/Library/Frameworks/CoreServices.framework/Versions/A/Frameworks/SearchKit.framework/Versions/A/SearchKit
0x0000000019a70000 	/System/Library/Frameworks/CoreServices.framework/Versions/A/Frameworks/AE.framework/Versions/A/AE
0x0000000019a70000 	/System/Library/Frameworks/CoreServices.framework/Versions/A/Frameworks/LaunchServices.framework/Versions/A/LaunchServices
0x0000000019a70000 	/System/Library/Frameworks/CoreServices.framework/Versions/A/Frameworks/DictionaryServices.framework/Versions/A/DictionaryServices
0x0000000019a70000 	/System/Library/Frameworks/CoreServices.framework/Versions/A/Frameworks/SharedFileList.framework/Versions/A/SharedFileList
0x0000000019a70000 	/System/Library/Frameworks/NetFS.framework/Versions/A/NetFS
0x0000000019a70000 	/System/Library/PrivateFrameworks/NetAuth.framework/Versions/A/NetAuth
0x0000000019a70000 	/System/Library/PrivateFrameworks/login.framework/Versions/A/Frameworks/loginsupport.framework/Versions/A/loginsupport
0x0000000019a70000 	/System/Library/PrivateFrameworks/TCC.framework/Versions/A/TCC
0x0000000019a70000 	/usr/lib/libmecabra.dylib
0x0000000019a70000 	/System/Library/Frameworks/ApplicationServices.framework/Versions/A/Frameworks/ATS.framework/Versions/A/ATS
0x0000000019a70000 	/System/Library/Frameworks/ApplicationServices.framework/Versions/A/Frameworks/ColorSync.framework/Versions/A/ColorSync
0x0000000019a70000 	/System/Library/Frameworks/ApplicationServices.framework/Versions/A/Frameworks/HIServices.framework/Versions/A/HIServices
0x0000000019a70000 	/System/Library/Frameworks/ApplicationServices.framework/Versions/A/Frameworks/LangAnalysis.framework/Versions/A/LangAnalysis
0x0000000019a70000 	/System/Library/Frameworks/ApplicationServices.framework/Versions/A/Frameworks/PrintCore.framework/Versions/A/PrintCore
0x0000000019a70000 	/System/Library/Frameworks/ApplicationServices.framework/Versions/A/Frameworks/QD.framework/Versions/A/QD
0x0000000019a70000 	/System/Library/Frameworks/ApplicationServices.framework/Versions/A/Frameworks/SpeechSynthesis.framework/Versions/A/SpeechSynthesis
0x0000000019a70000 	/System/Library/Frameworks/Accelerate.framework/Versions/A/Frameworks/vImage.framework/Versions/A/vImage
0x0000000019a70000 	/System/Library/Frameworks/Accelerate.framework/Versions/A/Frameworks/vecLib.framework/Versions/A/vecLib
0x0000000019a70000 	/System/Library/Frameworks/Accelerate.framework/Versions/A/Frameworks/vecLib.framework/Versions/A/libvDSP.dylib
0x0000000019a70000 	/System/Library/Frameworks/Accelerate.framework/Versions/A/Frameworks/vecLib.framework/Versions/A/libBNNS.dylib
0x0000000019a70000 	/System/Library/Frameworks/Accelerate.framework/Versions/A/Frameworks/vecLib.framework/Versions/A/libQuadrature.dylib
0x0000000019a70000 	/System/Library/Frameworks/Accelerate.framework/Versions/A/Frameworks/vecLib.framework/Versions/A/libvMisc.dylib
0x0000000019a70000 	/System/Library/Frameworks/Accelerate.framework/Versions/A/Frameworks/vecLib.framework/Versions/A/libLAPACK.dylib
0x0000000019a70000 	/System/Library/Frameworks/Accelerate.framework/Versions/A/Frameworks/vecLib.framework/Versions/A/libBLAS.dylib
0x0000000019a70000 	/System/Library/Frameworks/Accelerate.framework/Versions/A/Frameworks/vecLib.framework/Versions/A/libLinearAlgebra.dylib
0x0000000019a70000 	/System/Library/Frameworks/Accelerate.framework/Versions/A/Frameworks/vecLib.framework/Versions/A/libSparseBLAS.dylib
0x0000000019a70000 	/System/Library/Frameworks/ApplicationServices.framework/Versions/A/Frameworks/ATS.framework/Versions/A/Resources/libFontParser.dylib
0x0000000019a70000 	/System/Library/Frameworks/ApplicationServices.framework/Versions/A/Frameworks/ATS.framework/Versions/A/Resources/libFontRegistry.dylib
0x0000000019a70000 	/System/Library/Frameworks/ImageIO.framework/Versions/A/Resources/libJPEG.dylib
0x0000000019a70000 	/System/Library/Frameworks/ImageIO.framework/Versions/A/Resources/libTIFF.dylib
0x0000000019a70000 	/System/Library/Frameworks/ImageIO.framework/Versions/A/Resources/libPng.dylib
0x0000000019a70000 	/System/Library/Frameworks/ImageIO.framework/Versions/A/Resources/libGIF.dylib
0x0000000019a70000 	/System/Library/Frameworks/ImageIO.framework/Versions/A/Resources/libJP2.dylib
0x0000000019a70000 	/System/Library/Frameworks/ImageIO.framework/Versions/A/Resources/libRadiance.dylib
0x0000000019a70000 	/usr/lib/libcompression.dylib
0x0000000019a70000 	/System/Library/PrivateFrameworks/AppleJPEG.framework/Versions/A/AppleJPEG
0x0000000019a70000 	/usr/lib/libcups.2.dylib
0x0000000019a70000 	/System/Library/Frameworks/Kerberos.framework/Versions/A/Kerberos
0x0000000019a70000 	/System/Library/Frameworks/GSS.framework/Versions/A/GSS
0x0000000019a70000 	/usr/lib/libresolv.9.dylib
0x0000000019a70000 	/usr/lib/libiconv.2.dylib
0x0000000019a70000 	/System/Library/PrivateFrameworks/Heimdal.framework/Versions/A/Heimdal
0x0000000019a70000 	/usr/lib/libheimdal-asn1.dylib
0x0000000019a70000 	/System/Library/Frameworks/OpenDirectory.framework/Versions/A/OpenDirectory
0x0000000019a70000 	/System/Library/PrivateFrameworks/CommonAuth.framework/Versions/A/CommonAuth
0x0000000019a70000 	/System/Library/Frameworks/OpenDirectory.framework/Versions/A/Frameworks/CFOpenDirectory.framework/Versions/A/CFOpenDirectory
0x0000000019a70000 	/System/Library/Frameworks/SecurityFoundation.framework/Versions/A/SecurityFoundation
0x0000000019a70000 	/System/Library/PrivateFrameworks/LanguageModeling.framework/Versions/A/LanguageModeling
0x0000000019a70000 	/usr/lib/libmarisa.dylib
0x0000000019a70000 	/usr/lib/libChineseTokenizer.dylib
0x0000000019a70000 	/usr/lib/libcmph.dylib
0x0000000019a70000 	/System/Library/PrivateFrameworks/CoreEmoji.framework/Versions/A/CoreEmoji
0x00000001105cc000 	/System/Library/Frameworks/ServiceManagement.framework/Versions/A/ServiceManagement
0x0000000019a70000 	/usr/lib/libxslt.1.dylib
0x0000000019a70000 	/System/Library/Frameworks/Carbon.framework/Versions/A/Frameworks/Ink.framework/Versions/A/Ink
0x0000000019a70000 	/System/Library/PrivateFrameworks/TextureIO.framework/Versions/A/TextureIO
0x0000000019a70000 	/System/Library/Frameworks/Metal.framework/Versions/A/Metal
0x0000000019a70000 	/usr/lib/libate.dylib
0x0000000019a70000 	/System/Library/PrivateFrameworks/GPUCompiler.framework/libmetal_timestamp.dylib
0x0000000019a70000 	/System/Library/Frameworks/OpenGL.framework/Versions/A/Libraries/libCoreFSCache.dylib
0x0000000019a70000 	/System/Library/PrivateFrameworks/IOAccelerator.framework/Versions/A/IOAccelerator
0x0000000019a70000 	/System/Library/Frameworks/CoreVideo.framework/Versions/A/CoreVideo
0x0000000019a70000 	/usr/lib/libFosl_dynamic.dylib
0x0000000019a70000 	/System/Library/PrivateFrameworks/MetalPerformanceShaders.framework/Versions/A/MetalPerformanceShaders
0x0000000019a70000 	/System/Library/PrivateFrameworks/FaceCore.framework/Versions/A/FaceCore
0x0000000019a70000 	/System/Library/Frameworks/OpenCL.framework/Versions/A/OpenCL
0x0000000019a70000 	/System/Library/Frameworks/OpenGL.framework/Versions/A/Libraries/libGLU.dylib
0x0000000019a70000 	/System/Library/Frameworks/OpenGL.framework/Versions/A/Libraries/libGFXShared.dylib
0x0000000019a70000 	/System/Library/Frameworks/OpenGL.framework/Versions/A/Libraries/libGL.dylib
0x0000000019a70000 	/System/Library/Frameworks/OpenGL.framework/Versions/A/Libraries/libGLImage.dylib
0x0000000019a70000 	/System/Library/Frameworks/OpenGL.framework/Versions/A/Libraries/libCVMSPluginSupport.dylib
0x0000000019a70000 	/System/Library/Frameworks/OpenGL.framework/Versions/A/Libraries/libCoreVMClient.dylib
0x0000000019a70000 	/System/Library/PrivateFrameworks/CrashReporterSupport.framework/Versions/A/CrashReporterSupport
0x0000000019a70000 	/System/Library/PrivateFrameworks/Sharing.framework/Versions/A/Sharing
0x0000000019a70000 	/System/Library/PrivateFrameworks/IconServices.framework/Versions/A/IconServices
0x0000000019a70000 	/System/Library/PrivateFrameworks/ProtocolBuffer.framework/Versions/A/ProtocolBuffer
0x0000000019a70000 	/System/Library/PrivateFrameworks/Apple80211.framework/Versions/A/Apple80211
0x0000000019a70000 	/System/Library/Frameworks/CoreWLAN.framework/Versions/A/CoreWLAN
0x0000000019a70000 	/System/Library/PrivateFrameworks/CoreUtils.framework/Versions/A/CoreUtils
0x0000000019a70000 	/System/Library/Frameworks/IOBluetooth.framework/Versions/A/IOBluetooth
0x0000000019a70000 	/System/Library/PrivateFrameworks/CoreWiFi.framework/Versions/A/CoreWiFi
0x0000000019a70000 	/System/Library/Frameworks/CoreBluetooth.framework/Versions/A/CoreBluetooth
0x00000001105d7000 	/System/Library/Frameworks/CoreDisplay.framework/Versions/A/CoreDisplay
0x0000000019a70000 	/System/Library/PrivateFrameworks/IOPresentment.framework/Versions/A/IOPresentment
0x0000000019a70000 	/System/Library/PrivateFrameworks/DSExternalDisplay.framework/Versions/A/DSExternalDisplay
0x0000000019a70000 	/System/Library/PrivateFrameworks/DebugSymbols.framework/Versions/A/DebugSymbols
0x0000000019a70000 	/System/Library/PrivateFrameworks/CoreSymbolication.framework/Versions/A/CoreSymbolication
0x0000000019a70000 	/System/Library/PrivateFrameworks/Symbolication.framework/Versions/A/Symbolication
0x0000000019a70000 	/System/Library/PrivateFrameworks/AppleFSCompression.framework/Versions/A/AppleFSCompression
0x0000000019a70000 	/System/Library/PrivateFrameworks/SpeechRecognitionCore.framework/Versions/A/SpeechRecognitionCore
0x0000000019a70000 	/System/Library/PrivateFrameworks/ChunkingLibrary.framework/Versions/A/ChunkingLibrary
0x0000000111800000 	/Library/Java/JavaVirtualMachines/jdk1.8.0_121.jdk/Contents/Home/jre/lib/server/libjvm.dylib
0x0000000019a70000 	/usr/lib/libstdc++.6.dylib
0x000000011071d000 	/Library/Java/JavaVirtualMachines/jdk1.8.0_121.jdk/Contents/Home/jre/lib/libverify.dylib
0x000000011072b000 	/Library/Java/JavaVirtualMachines/jdk1.8.0_121.jdk/Contents/Home/jre/lib/libjava.dylib
0x0000000110768000 	/Library/Java/JavaVirtualMachines/jdk1.8.0_121.jdk/Contents/Home/jre/lib/libzip.dylib
0x00000001167e0000 	/System/Library/Frameworks/JavaVM.framework/Frameworks/JavaRuntimeSupport.framework/JavaRuntimeSupport
0x00000001107e9000 	/System/Library/Frameworks/JavaVM.framework/Versions/A/Frameworks/JavaNativeFoundation.framework/Versions/A/JavaNativeFoundation
0x00000001167fa000 	/System/Library/Frameworks/JavaVM.framework/Versions/A/JavaVM
0x0000000019a70000 	/System/Library/Frameworks/Carbon.framework/Versions/A/Carbon
0x0000000116807000 	/System/Library/PrivateFrameworks/JavaLaunching.framework/Versions/A/JavaLaunching
0x0000000019a70000 	/System/Library/Frameworks/Carbon.framework/Versions/A/Frameworks/CommonPanels.framework/Versions/A/CommonPanels
0x0000000019a70000 	/System/Library/Frameworks/Carbon.framework/Versions/A/Frameworks/Help.framework/Versions/A/Help
0x0000000019a70000 	/System/Library/Frameworks/Carbon.framework/Versions/A/Frameworks/ImageCapture.framework/Versions/A/ImageCapture
0x0000000019a70000 	/System/Library/Frameworks/Carbon.framework/Versions/A/Frameworks/OpenScripting.framework/Versions/A/OpenScripting
0x0000000019a70000 	/System/Library/Frameworks/Carbon.framework/Versions/A/Frameworks/Print.framework/Versions/A/Print
0x0000000019a70000 	/System/Library/Frameworks/Carbon.framework/Versions/A/Frameworks/SecurityHI.framework/Versions/A/SecurityHI
0x00000001181c0000 	/Library/Java/JavaVirtualMachines/jdk1.8.0_121.jdk/Contents/Home/jre/lib/libprism_es2.dylib
0x0000000118218000 	/System/Library/Frameworks/OpenGL.framework/Resources/GLEngine.bundle/GLEngine
0x0000000019a70000 	/System/Library/Frameworks/OpenGL.framework/Versions/A/Libraries/libGLProgrammability.dylib
0x00000001183fd000 	/System/Library/Extensions/AppleIntelSKLGraphicsGLDriver.bundle/Contents/MacOS/AppleIntelSKLGraphicsGLDriver
0x0000000019a70000 	/System/Library/PrivateFrameworks/GPUSupport.framework/Versions/A/Libraries/libGPUSupportMercury.dylib
0x0000000119181000 	/System/Library/Extensions/AMDRadeonX4000GLDriver.bundle/Contents/MacOS/AMDRadeonX4000GLDriver
0x0000000119261000 	/System/Library/Extensions/AMDRadeonX4000GLDriver.bundle/Contents/MacOS/ATIRadeonX4000SCLib.dylib
0x000000011983e000 	/System/Library/Frameworks/OpenGL.framework/Resources//GLRendererFloat.bundle/GLRendererFloat
0x0000000019a70000 	/System/Library/Frameworks/OpenCL.framework/Versions/A/Libraries/libcldcpuengine.dylib
0x0000000019a70000 	/usr/lib/libcrypto.0.9.8.dylib
0x0000000019a70000 	/System/Library/PrivateFrameworks/TrustEvaluationAgent.framework/Versions/A/TrustEvaluationAgent
0x00000001198be000 	/Library/Java/JavaVirtualMachines/jdk1.8.0_121.jdk/Contents/Home/jre/lib/libglass.dylib
0x0000000019a70000 	/System/Library/PrivateFrameworks/CoreServicesInternal.framework/Versions/A/CoreServicesInternal
0x0000000019a70000 	/System/Library/CoreServices/RawCamera.bundle/Contents/MacOS/RawCamera
0x0000000119d41000 	/System/Library/Frameworks/Accelerate.framework/Frameworks/vImage.framework/Versions/A/Libraries/libCGInterfaces.dylib
0x0000000019a70000 	/System/Library/PrivateFrameworks/FamilyControls.framework/Versions/A/FamilyControls
0x0000000019a70000 	/System/Library/PrivateFrameworks/CommerceKit.framework/Versions/A/Frameworks/CommerceCore.framework/Versions/A/CommerceCore
0x0000000019a70000 	/System/Library/PrivateFrameworks/SystemAdministration.framework/Versions/A/SystemAdministration
0x0000000019a70000 	/System/Library/PrivateFrameworks/AppContainer.framework/Versions/A/AppContainer
0x0000000019a70000 	/System/Library/PrivateFrameworks/SecCodeWrapper.framework/Versions/A/SecCodeWrapper
0x0000000019a70000 	/System/Library/Frameworks/DirectoryService.framework/Versions/A/DirectoryService
0x0000000019a70000 	/System/Library/PrivateFrameworks/DiskImages.framework/Versions/A/DiskImages
0x0000000019a70000 	/System/Library/PrivateFrameworks/LoginUIKit.framework/Versions/A/Frameworks/LoginUICore.framework/Versions/A/LoginUICore
0x0000000019a70000 	/usr/lib/libCoreStorage.dylib
0x0000000019a70000 	/usr/lib/libcsfde.dylib
0x0000000019a70000 	/usr/lib/libodfde.dylib
0x0000000019a70000 	/System/Library/Frameworks/DiscRecording.framework/Versions/A/DiscRecording
0x0000000019a70000 	/usr/lib/libcurl.4.dylib
0x0000000019a70000 	/System/Library/PrivateFrameworks/MediaKit.framework/Versions/A/MediaKit
0x0000000019a70000 	/System/Library/PrivateFrameworks/ProtectedCloudStorage.framework/Versions/A/ProtectedCloudStorage
0x0000000019a70000 	/System/Library/PrivateFrameworks/EFILogin.framework/Versions/A/EFILogin
0x0000000019a70000 	/usr/lib/libutil.dylib
0x0000000019a70000 	/System/Library/Frameworks/LDAP.framework/Versions/A/LDAP
0x0000000019a70000 	/usr/lib/libsasl2.2.dylib
0x0000000019a70000 	/System/Library/PrivateFrameworks/CoreDaemon.framework/Versions/B/CoreDaemon
0x0000000019a70000 	/System/Library/PrivateFrameworks/AppleSRP.framework/Versions/A/AppleSRP
0x0000000019a70000 	/System/Library/PrivateFrameworks/APFS.framework/Versions/A/APFS
0x0000000133edc000 	/Library/Java/JavaVirtualMachines/jdk1.8.0_121.jdk/Contents/Home/jre/lib/libjfxwebkit.dylib
0x000000011a50b000 	/Library/Java/JavaVirtualMachines/jdk1.8.0_121.jdk/Contents/Home/jre/lib/libjavafx_font.dylib
0x0000000019a70000 	/System/Library/Frameworks/ApplicationServices.framework/Versions/A/Frameworks/ATS.framework/Versions/A/Resources/libTrueTypeScaler.dylib
0x0000000019a70000 	/System/Library/Extensions/AMDMTLBronzeDriver.bundle/Contents/MacOS/AMDMTLBronzeDriver
0x0000000019a70000 	/System/Library/PrivateFrameworks/IOAccelMemoryInfo.framework/Versions/A/IOAccelMemoryInfo
0x000000013a0c8000 	/System/Library/Extensions/AppleIntelSKLGraphicsMTLDriver.bundle/Contents/MacOS/AppleIntelSKLGraphicsMTLDriver
0x000000013a202000 	/Library/Java/JavaVirtualMachines/jdk1.8.0_121.jdk/Contents/Home/jre/lib/libprism_common.dylib
0x0000000019a70000 	/System/Library/PrivateFrameworks/ViewBridge.framework/Versions/A/ViewBridge
0x0000000019a70000 	/System/Library/PrivateFrameworks/XPCService.framework/Versions/A/XPCService
0x0000000019a70000 	/System/Library/PrivateFrameworks/AppSandbox.framework/Versions/A/AppSandbox
0x000000013a8f9000 	/usr/lib/libsandbox.1.dylib
0x000000013a94b000 	/usr/lib/libMatch.1.dylib
0x000000013b0ea000 	/Library/Java/JavaVirtualMachines/jdk1.8.0_121.jdk/Contents/Home/jre/lib/libnio.dylib
0x000000013b0fa000 	/Library/Java/JavaVirtualMachines/jdk1.8.0_121.jdk/Contents/Home/jre/lib/./libnet.dylib
0x000000013cbfe000 	/Library/Java/JavaVirtualMachines/jdk1.8.0_121.jdk/Contents/Home/jre/lib/libsunec.dylib
0x000000011a478000 	/Library/Java/JavaVirtualMachines/jdk1.8.0_121.jdk/Contents/Home/jre/lib/libjavafx_iio.dylib
0x000000013e0ee000 	/Library/Java/JavaVirtualMachines/jdk1.8.0_121.jdk/Contents/Home/jre/lib/libglib-lite.dylib
0x000000013e20f000 	/Library/Java/JavaVirtualMachines/jdk1.8.0_121.jdk/Contents/Home/jre/lib/libgstreamer-lite.dylib
0x000000013e387000 	/Library/Java/JavaVirtualMachines/jdk1.8.0_121.jdk/Contents/Home/jre/lib/libjfxmedia.dylib
0x000000013e3c2000 	/Library/Java/JavaVirtualMachines/jdk1.8.0_121.jdk/Contents/Home/jre/lib/libjfxmedia_avf.dylib
0x0000000142e9f000 	/System/Library/Frameworks/AVFoundation.framework/Versions/A/AVFoundation
0x000000014023d000 	/System/Library/Frameworks/CoreMedia.framework/Versions/A/CoreMedia
0x0000000148ed5000 	/System/Library/Frameworks/MediaToolbox.framework/Versions/A/MediaToolbox
0x0000000019a70000 	/System/Library/Frameworks/AVFoundation.framework/Versions/A/Frameworks/AVFAudio.framework/Versions/A/AVFAudio
0x000000014956a000 	/System/Library/Frameworks/VideoToolbox.framework/Versions/A/VideoToolbox
0x0000000019a70000 	/System/Library/PrivateFrameworks/IntlPreferences.framework/Versions/A/IntlPreferences
0x0000000019a70000 	/System/Library/Frameworks/CoreMediaIO.framework/Versions/A/CoreMediaIO
0x0000000019a70000 	/usr/lib/libspindump.dylib
0x0000000019a70000 	/usr/lib/libdscsym.dylib
0x0000000019a70000 	/System/Library/PrivateFrameworks/CoreAVCHD.framework/Versions/A/CoreAVCHD
0x0000000019a70000 	/System/Library/Frameworks/MediaAccessibility.framework/Versions/A/MediaAccessibility
0x0000000019a70000 	/System/Library/PrivateFrameworks/Mangrove.framework/Versions/A/Mangrove
0x0000000019a70000 	/System/Library/PrivateFrameworks/CoreAUC.framework/Versions/A/CoreAUC
0x0000000019a70000 	/System/Library/PrivateFrameworks/AppleVA.framework/Versions/A/AppleVA
0x000000011a4c6000 	/Library/Java/JavaVirtualMachines/jdk1.8.0_121.jdk/Contents/Home/jre/lib/libjfxmedia_qtkit.dylib
0x0000000019a70000 	/System/Library/Frameworks/QTKit.framework/Versions/A/QTKit
0x0000000019a70000 	/System/Library/PrivateFrameworks/CoreMediaAuthoring.framework/Versions/A/CoreMediaAuthoring

VM Arguments:
jvm_args: -Djava.protocol.handler.pkgs=com.microsoft.alm.oauth2.useragent -Dhttp.nonProxyHosts=local|*.local|169.254/16|*.169.254/16 -Djava.net.useSystemProxies=true 
java_command: com.microsoft.alm.oauth2.useragent.JavaFx requestAuthorizationCode
java_class_path (initial): /Library/Java/JavaVirtualMachines/jdk1.8.0_121.jdk/Contents/Home/jre/lib/ext/jfxrt.jar:/usr/local/Cellar/git-credential-manager/2.0.3/libexec/git-credential-manager-2.0.3.jar
Launcher Type: SUN_STANDARD

Environment Variables:
PATH=/usr/local/git/libexec/git-core:/Users/duncanhunter/Library/Android/sdk/platform-tools:/Users/duncanhunter/Library/Android/sdk/tools:/Applications/google-cloud-sdk/bin:/usr/local/bin:/usr/bin:/bin:/usr/sbin:/sbin:/opt/X11/bin:/usr/local/share/dotnet:/usr/local/go/bin:/Library/Frameworks/Mono.framework/Versions/Current/Commands
SHELL=/bin/bash
DISPLAY=/private/tmp/com.apple.launchd.XqFdzGehZR/org.macosforge.xquartz:0

Signal Handlers:
SIGSEGV: [libjvm.dylib+0x5b1141], sa_mask[0]=11111111011111110111111111111111, sa_flags=SA_ONSTACK|SA_RESTART|SA_SIGINFO
SIGBUS: [libjvm.dylib+0x5b1141], sa_mask[0]=11111111011111110111111111111111, sa_flags=SA_RESTART|SA_SIGINFO
SIGFPE: [libjvm.dylib+0x487bc4], sa_mask[0]=11111111011111110111111111111111, sa_flags=SA_RESTART|SA_SIGINFO
SIGPIPE: [libjvm.dylib+0x487bc4], sa_mask[0]=11111111011111110111111111111111, sa_flags=SA_RESTART|SA_SIGINFO
SIGXFSZ: [libjvm.dylib+0x487bc4], sa_mask[0]=11111111011111110111111111111111, sa_flags=SA_RESTART|SA_SIGINFO
SIGILL: [libjvm.dylib+0x487bc4], sa_mask[0]=11111111011111110111111111111111, sa_flags=SA_RESTART|SA_SIGINFO
SIGUSR1: SIG_DFL, sa_mask[0]=11111111011111110111111111111111, sa_flags=none
SIGUSR2: [libjvm.dylib+0x4876e2], sa_mask[0]=00100000000000000000000000000000, sa_flags=SA_RESTART|SA_SIGINFO
SIGHUP: [libjvm.dylib+0x485cb9], sa_mask[0]=11111111011111110111111111111111, sa_flags=SA_RESTART|SA_SIGINFO
SIGINT: [libjvm.dylib+0x485cb9], sa_mask[0]=11111111011111110111111111111111, sa_flags=SA_RESTART|SA_SIGINFO
SIGTERM: [libjvm.dylib+0x485cb9], sa_mask[0]=11111111011111110111111111111111, sa_flags=SA_RESTART|SA_SIGINFO
SIGQUIT: [libjvm.dylib+0x485cb9], sa_mask[0]=11111111011111110111111111111111, sa_flags=SA_RESTART|SA_SIGINFO


---------------  S Y S T E M  ---------------

OS:Bsduname:Darwin 16.7.0 Darwin Kernel Version 16.7.0: Thu Jun 15 17:36:27 PDT 2017; root:xnu-3789.70.16~2/RELEASE_X86_64 x86_64
rlimit: STACK 8192k, CORE 0k, NPROC 709, NOFILE 10240, AS infinity
load average:2.25 2.49 2.97

CPU:total 8 (4 cores per cpu, 2 threads per core) family 6 model 94 stepping 3, cmov, cx8, fxsr, mmx, sse, sse2, sse3, ssse3, sse4.1, sse4.2, popcnt, avx, avx2, aes, clmul, erms, rtm, 3dnowpref, lzcnt, ht, tsc, tscinvbit, bmi1, bmi2, adx

Memory: 4k page, physical 16777216k(1899068k free)

/proc/meminfo:


vm_info: Java HotSpot(TM) 64-Bit Server VM (25.121-b13) for bsd-amd64 JRE (1.8.0_121-b13), built on Dec 12 2016 20:39:32 by "java_re" with gcc 4.2.1 (Based on Apple Inc. build 5658) (LLVM build 2336.11.00)

time: Tue Aug 15 08:39:49 2017
elapsed time: 7 seconds (0d 0h 0m 7s)

