#
# A fatal error has been detected by the Java Runtime Environment:
#
#  SIGSEGV (0xb) at pc=0x0000000106de3fcc, pid=50150, tid=0x0000000000000307
#
# JRE version: Java(TM) SE Runtime Environment (8.0_121-b13) (build 1.8.0_121-b13)
# Java VM: Java HotSpot(TM) 64-Bit Server VM (25.121-b13 mixed mode bsd-amd64 compressed oops)
# Problematic frame:
# C  [libsystem_platform.dylib+0x5fcc]  _platform_memmove$VARIANT$Haswell+0x12c
#
# Failed to write core dump. Core dumps have been disabled. To enable core dumping, try "ulimit -c unlimited" before starting Java again
#
# If you would like to submit a bug report, please visit:
#   http://bugreport.java.com/bugreport/crash.jsp
# The crash happened outside the Java Virtual Machine in native code.
# See problematic frame for where to report the bug.
#

---------------  T H R E A D  ---------------

Current thread (0x00007f97899fb800):  JavaThread "JavaFX Application Thread" [_thread_in_native, id=775, stack(0x00007fff58fb3000,0x00007fff597b3000)]

siginfo: si_signo: 11 (SIGSEGV), si_code: 1 (SEGV_MAPERR), si_addr: 0x0000000137000000

Registers:
RAX=0x000000014b5951f0, RBX=0x0000000136fffe00, RCX=0x0000000000000010, RDX=0x00000000000016f0
RSP=0x00007fff597ac010, RBP=0x00007fff597ac010, RSI=0x0000000136ffffd0, RDI=0x000000014b5953c0
R8 =0x0000000000000000, R9 =0x000000000039d6b0, R10=0x0000000000002560, R11=0x00000000145953f0
R12=0x000000014b5951f0, R13=0x0000000000000222, R14=0x0000000000001900, R15=0x0000000000002560
RIP=0x0000000106de3fcc, EFLAGS=0x0000000000010206, ERR=0x0000000000000004
  TRAPNO=0x000000000000000e

Top of Stack: (sp=0x00007fff597ac010)
0x00007fff597ac010:   00007fff597ac060 000000012af3b52f
0x00007fff597ac020:   0000000000001900 fffffe74fffffe74
0x00007fff597ac030:   000007c800000958 0000000135b4a8e8
0x00007fff597ac040:   0000000000000001 0000000135b4a8e8
0x00007fff597ac050:   00007fff597ac118 000000012cb093f0
0x00007fff597ac060:   00007fff597ac0c0 000000012af3b02b
0x00007fff597ac070:   0000000000000000 0000000000000000
0x00007fff597ac080:   0000000000000000 0000025800000320
0x00007fff597ac090:   0000000000000000 0000000135b4a8e8
0x00007fff597ac0a0:   0000000000000001 0000000135b67f18
0x00007fff597ac0b0:   000000012cb093f0 0000000135b67888
0x00007fff597ac0c0:   00007fff597ac150 000000012af34444
0x00007fff597ac0d0:   0000000135b67888 0000000135b4a8e8
0x00007fff597ac0e0:   00007fff597ac150 000000012af343c2
0x00007fff597ac0f0:   0000000000000000 4346000043460000
0x00007fff597ac100:   0000000000000000 0000025800000320
0x00007fff597ac110:   00007fff597ac150 ffffff3affffff3a
0x00007fff597ac120:   000003e4000004ac 0000000000000001
0x00007fff597ac130:   0000000000000001 0000000135b67f18
0x00007fff597ac140:   0000000135b67888 0000000135b4a8e8
0x00007fff597ac150:   00007fff597ac190 000000012af3a7af
0x00007fff597ac160:   000003e4000004ac 4479000044958000
0x00007fff597ac170:   0000000135b67888 00007fff597ad038
0x00007fff597ac180:   0000000000000000 00007f978fd05c80
0x00007fff597ac190:   00007fff597ac250 000000012af909e5
0x00007fff597ac1a0:   00007fff597ac250 000000012b061c48
0x00007fff597ac1b0:   00007fff597ac310 0000000135ea64b0
0x00007fff597ac1c0:   0000000135a6dd80 0000000135a6dd80
0x00007fff597ac1d0:   00007fff597ad038 0000000000000000
0x00007fff597ac1e0:   0000006000000000 0000000135a6dd80
0x00007fff597ac1f0:   0000000000000000 000096000000c800
0x00007fff597ac200:   0000000000000007 0000000000000000 

Instructions: (pc=0x0000000106de3fcc)
0x0000000106de3fac:   80 00 00 00 76 4e 48 f7 c6 1f 00 00 00 74 25 c5
0x0000000106de3fbc:   fc 29 0f c5 fc 29 57 20 48 83 c7 40 c5 fc 10 0e
0x0000000106de3fcc:   c5 fc 10 56 20 48 83 c6 40 48 83 ea 40 77 e0 eb
0x0000000106de3fdc:   23 0f 1f 00 c5 fc 29 0f c5 fc 29 57 20 48 83 c7 

Register to memory mapping:

RAX=0x000000014b5951f0 is an unknown value
RBX=0x0000000136fffe00 is an unknown value
RCX=0x0000000000000010 is an unknown value
RDX=0x00000000000016f0 is an unknown value
RSP=0x00007fff597ac010 is pointing into the stack for thread: 0x00007f97899fb800
RBP=0x00007fff597ac010 is pointing into the stack for thread: 0x00007f97899fb800
RSI=0x0000000136ffffd0 is an unknown value
RDI=0x000000014b5953c0 is an unknown value
R8 =0x0000000000000000 is an unknown value
R9 =0x000000000039d6b0 is an unknown value
R10=0x0000000000002560 is an unknown value
R11=0x00000000145953f0 is an unknown value
R12=0x000000014b5951f0 is an unknown value
R13=0x0000000000000222 is an unknown value
R14=0x0000000000001900 is an unknown value
R15=0x0000000000002560 is an unknown value


Stack: [0x00007fff58fb3000,0x00007fff597b3000],  sp=0x00007fff597ac010,  free space=8164k
Native frames: (J=compiled Java code, j=interpreted, Vv=VM code, C=native code)
C  [libsystem_platform.dylib+0x5fcc]  _platform_memmove$VARIANT$Haswell+0x12c
C  [libjfxwebkit.dylib+0x60952f]  _ZN7WebCore12FilterEffect14copyImageBytesEPN3JSC21GenericTypedArrayViewINS1_19Uint8ClampedAdaptorEEES5_RKNS_7IntRectE+0x1df
C  [libjfxwebkit.dylib+0x60902b]  _ZN7WebCore12FilterEffect22copyPremultipliedImageEPN3JSC21GenericTypedArrayViewINS1_19Uint8ClampedAdaptorEEERKNS_7IntRectE+0x1eb
C  [libjfxwebkit.dylib+0x602444]  _ZN7WebCore14FEGaussianBlur21platformApplySoftwareEv+0x64
C  [libjfxwebkit.dylib+0x6087af]  _ZN7WebCore12FilterEffect5applyEv+0x11f
C  [libjfxwebkit.dylib+0x65e9e5]  _ZN7WebCore26FilterEffectRendererHelper17applyFilterEffectEPNS_15GraphicsContextE+0x85
C  [libjfxwebkit.dylib+0x72c78c]  _ZN7WebCore11RenderLayer18paintLayerContentsEPNS_15GraphicsContextERKNS0_17LayerPaintingInfoEj+0xddc
C  [libjfxwebkit.dylib+0x72a303]  _ZN7WebCore11RenderLayer10paintLayerEPNS_15GraphicsContextERKNS0_17LayerPaintingInfoEj+0x463
C  [libjfxwebkit.dylib+0x72c678]  _ZN7WebCore11RenderLayer18paintLayerContentsEPNS_15GraphicsContextERKNS0_17LayerPaintingInfoEj+0xcc8
C  [libjfxwebkit.dylib+0x72a303]  _ZN7WebCore11RenderLayer10paintLayerEPNS_15GraphicsContextERKNS0_17LayerPaintingInfoEj+0x463
C  [libjfxwebkit.dylib+0x72c678]  _ZN7WebCore11RenderLayer18paintLayerContentsEPNS_15GraphicsContextERKNS0_17LayerPaintingInfoEj+0xcc8
C  [libjfxwebkit.dylib+0x72a303]  _ZN7WebCore11RenderLayer10paintLayerEPNS_15GraphicsContextERKNS0_17LayerPaintingInfoEj+0x463
C  [libjfxwebkit.dylib+0x729de5]  _ZN7WebCore11RenderLayer5paintEPNS_15GraphicsContextERKNS_10LayoutRectERKNS_10LayoutSizeEjPNS_12RenderObjectEj+0x105
C  [libjfxwebkit.dylib+0x53b779]  _ZN7WebCore9FrameView13paintContentsEPNS_15GraphicsContextERKNS_7IntRectE+0x1f9
C  [libjfxwebkit.dylib+0x59bc29]  _ZN7WebCore10ScrollView5paintEPNS_15GraphicsContextERKNS_7IntRectE+0x239
C  [libjfxwebkit.dylib+0x99136f]  _ZN7WebCore7WebPage5paintEP8_jobjectiiii+0x14f
j  com.sun.webkit.WebPage.twkUpdateContent(JLcom/sun/webkit/graphics/WCRenderQueue;IIII)V+0
j  com.sun.webkit.WebPage.updateDirty(Lcom/sun/webkit/graphics/WCRectangle;)V+218
j  com.sun.webkit.WebPage.updateContent(Lcom/sun/webkit/graphics/WCRectangle;)V+48
j  com.sun.javafx.sg.prism.web.NGWebView.update()V+68
j  javafx.scene.web.WebView.handleStagePulse()V+40
j  javafx.scene.web.WebView.lambda$new$29()V+1
j  javafx.scene.web.WebView$$Lambda$93.pulse()V+4
J 1821 C1 com.sun.javafx.tk.Toolkit$$Lambda$167.run()Ljava/lang/Object; (8 bytes) @ 0x000000010c54898c [0x000000010c548840+0x14c]
v  ~StubRoutines::call_stub
V  [libjvm.dylib+0x2ed9d6]
V  [libjvm.dylib+0x34e114]
J 1715  java.security.AccessController.doPrivileged(Ljava/security/PrivilegedAction;Ljava/security/AccessControlContext;)Ljava/lang/Object; (0 bytes) @ 0x000000010c4fd595 [0x000000010c4fd4c0+0xd5]
J 1770 C1 com.sun.javafx.tk.Toolkit.runPulse(Lcom/sun/javafx/tk/TKPulseListener;Ljava/security/AccessControlContext;)V (26 bytes) @ 0x000000010c53191c [0x000000010c5314a0+0x47c]
j  com.sun.javafx.tk.Toolkit.firePulse()V+129
j  com.sun.javafx.tk.quantum.QuantumToolkit.pulse(Z)V+97
j  com.sun.javafx.tk.quantum.QuantumToolkit.pulse()V+2
j  com.sun.javafx.tk.quantum.QuantumToolkit.lambda$runToolkit$404()V+1
j  com.sun.javafx.tk.quantum.QuantumToolkit$$Lambda$41.run()V+4
j  com.sun.glass.ui.InvokeLaterDispatcher$Future.run()V+4
v  ~StubRoutines::call_stub
V  [libjvm.dylib+0x2ed9d6]
V  [libjvm.dylib+0x324b65]
V  [libjvm.dylib+0x317333]
C  [libglass.dylib+0x456b]  -[GlassRunnable run]+0x6b
C  [Foundation+0x7152a]  __NSThreadPerformPerform+0x146
C  [CoreFoundation+0xa7321]  __CFRUNLOOP_IS_CALLING_OUT_TO_A_SOURCE0_PERFORM_FUNCTION__+0x11
C  [CoreFoundation+0x8821d]  __CFRunLoopDoSources0+0x22d
C  [CoreFoundation+0x87716]  __CFRunLoopRun+0x3a6
C  [CoreFoundation+0x87114]  CFRunLoopRunSpecific+0x1a4
C  [HIToolbox+0x30ebc]  RunCurrentEventLoopInMode+0xf0
C  [HIToolbox+0x30cf1]  ReceiveNextEventCommon+0x1b0
C  [HIToolbox+0x30b26]  _BlockUntilNextEventMatchingListInModeWithFilter+0x47
C  [AppKit+0x46a54]  _DPSNextEvent+0x460
C  [AppKit+0x7c27ee]  -[NSApplication(NSEvent) _nextEventMatchingEventMask:untilDate:inMode:dequeue:]+0xaec
C  [AppKit+0x3b3db]  -[NSApplication run]+0x39e
C  [libglass.dylib+0x651c]  -[GlassApplication runLoop:]+0x72c
C  [Foundation+0x7152a]  __NSThreadPerformPerform+0x146
C  [CoreFoundation+0xa7321]  __CFRUNLOOP_IS_CALLING_OUT_TO_A_SOURCE0_PERFORM_FUNCTION__+0x11
C  [CoreFoundation+0x8821d]  __CFRunLoopDoSources0+0x22d
C  [CoreFoundation+0x87716]  __CFRunLoopRun+0x3a6
C  [CoreFoundation+0x87114]  CFRunLoopRunSpecific+0x1a4
C  [java+0x6465]  CreateExecutionEnvironment+0x367
C  [java+0x218c]  JLI_Launch+0x7a0
C  [java+0x84c2]  main+0x65
C  [java+0x19e4]  start+0x34
C  0x0000000000000008

Java frames: (J=compiled Java code, j=interpreted, Vv=VM code)
j  com.sun.webkit.WebPage.twkUpdateContent(JLcom/sun/webkit/graphics/WCRenderQueue;IIII)V+0
j  com.sun.webkit.WebPage.updateDirty(Lcom/sun/webkit/graphics/WCRectangle;)V+218
j  com.sun.webkit.WebPage.updateContent(Lcom/sun/webkit/graphics/WCRectangle;)V+48
j  com.sun.javafx.sg.prism.web.NGWebView.update()V+68
j  javafx.scene.web.WebView.handleStagePulse()V+40
j  javafx.scene.web.WebView.lambda$new$29()V+1
j  javafx.scene.web.WebView$$Lambda$93.pulse()V+4
J 1821 C1 com.sun.javafx.tk.Toolkit$$Lambda$167.run()Ljava/lang/Object; (8 bytes) @ 0x000000010c54898c [0x000000010c548840+0x14c]
v  ~StubRoutines::call_stub
J 1715  java.security.AccessController.doPrivileged(Ljava/security/PrivilegedAction;Ljava/security/AccessControlContext;)Ljava/lang/Object; (0 bytes) @ 0x000000010c4fd523 [0x000000010c4fd4c0+0x63]
J 1770 C1 com.sun.javafx.tk.Toolkit.runPulse(Lcom/sun/javafx/tk/TKPulseListener;Ljava/security/AccessControlContext;)V (26 bytes) @ 0x000000010c53191c [0x000000010c5314a0+0x47c]
j  com.sun.javafx.tk.Toolkit.firePulse()V+129
j  com.sun.javafx.tk.quantum.QuantumToolkit.pulse(Z)V+97
j  com.sun.javafx.tk.quantum.QuantumToolkit.pulse()V+2
j  com.sun.javafx.tk.quantum.QuantumToolkit.lambda$runToolkit$404()V+1
j  com.sun.javafx.tk.quantum.QuantumToolkit$$Lambda$41.run()V+4
j  com.sun.glass.ui.InvokeLaterDispatcher$Future.run()V+4
v  ~StubRoutines::call_stub

---------------  P R O C E S S  ---------------

Java Threads: ( => current thread )
  0x00007f9788960000 JavaThread "URL-Loader-8" daemon [_thread_in_native, id=86035, stack(0x000070000d1c8000,0x000070000d2c8000)]
  0x00007f9788b87000 JavaThread "URL-Loader-7" daemon [_thread_in_native, id=87299, stack(0x000070000d0c5000,0x000070000d1c5000)]
  0x00007f9788b86800 JavaThread "URL-Loader-6" daemon [_thread_blocked, id=86787, stack(0x000070000cfc2000,0x000070000d0c2000)]
  0x00007f9789247800 JavaThread "URL-Loader-5" daemon [_thread_blocked, id=86283, stack(0x000070000cebf000,0x000070000cfbf000)]
  0x00007f9788b0a800 JavaThread "Watchdog-Timer-1" daemon [_thread_blocked, id=85519, stack(0x000070000cdbc000,0x000070000cebc000)]
  0x00007f9789242800 JavaThread "URL-Loader-4" daemon [_thread_blocked, id=84995, stack(0x000070000ccb9000,0x000070000cdb9000)]
  0x00007f9789d7f000 JavaThread "URL-Loader-3" daemon [_thread_blocked, id=84483, stack(0x000070000cbb6000,0x000070000ccb6000)]
  0x00007f9789d7c000 JavaThread "URL-Loader-2" daemon [_thread_blocked, id=83975, stack(0x000070000cab3000,0x000070000cbb3000)]
  0x00007f9788adb800 JavaThread "Keep-Alive-Timer" daemon [_thread_blocked, id=60939, stack(0x000070000c9b0000,0x000070000cab0000)]
  0x00007f9789a3e000 JavaThread "URL-Loader-1" daemon [_thread_blocked, id=76047, stack(0x000070000c8ad000,0x000070000c9ad000)]
  0x00007f9789a83000 JavaThread "Thread-6" [_thread_blocked, id=60471, stack(0x000070000c498000,0x000070000c598000)]
  0x00007f9789aa9000 JavaThread "Prism Font Disposer" daemon [_thread_blocked, id=60347, stack(0x000070000c395000,0x000070000c495000)]
  0x00007f9789a74800 JavaThread "Disposer" daemon [_thread_blocked, id=58627, stack(0x000070000c292000,0x000070000c392000)]
  0x00007f9789a3c800 JavaThread "JavaFX-Launcher" [_thread_blocked, id=57603, stack(0x000070000c10c000,0x000070000c20c000)]
  0x00007f9789117000 JavaThread "Thread-3" daemon [_thread_in_native, id=41475, stack(0x000070000c006000,0x000070000c086000)]
=>0x00007f97899fb800 JavaThread "JavaFX Application Thread" [_thread_in_native, id=775, stack(0x00007fff58fb3000,0x00007fff597b3000)]
  0x00007f97899f5000 JavaThread "Thread-1" daemon [_thread_blocked, id=28931, stack(0x000070000bf03000,0x000070000c003000)]
  0x00007f97880f3000 JavaThread "QuantumRenderer-0" daemon [_thread_blocked, id=22275, stack(0x000070000be00000,0x000070000bf00000)]
  0x00007f9788037000 JavaThread "Service Thread" daemon [_thread_blocked, id=21251, stack(0x000070000bbfa000,0x000070000bcfa000)]
  0x00007f9788804000 JavaThread "C1 CompilerThread3" daemon [_thread_blocked, id=20739, stack(0x000070000baf7000,0x000070000bbf7000)]
  0x00007f978986b800 JavaThread "C2 CompilerThread2" daemon [_thread_blocked, id=20227, stack(0x000070000b9f4000,0x000070000baf4000)]
  0x00007f978986a800 JavaThread "C2 CompilerThread1" daemon [_thread_blocked, id=19715, stack(0x000070000b8f1000,0x000070000b9f1000)]
  0x00007f9788020000 JavaThread "C2 CompilerThread0" daemon [_thread_blocked, id=19203, stack(0x000070000b7ee000,0x000070000b8ee000)]
  0x00007f978802b000 JavaThread "Signal Dispatcher" daemon [_thread_blocked, id=18691, stack(0x000070000b6eb000,0x000070000b7eb000)]
  0x00007f9788808800 JavaThread "Finalizer" daemon [_thread_blocked, id=14595, stack(0x000070000b5e8000,0x000070000b6e8000)]
  0x00007f978a804000 JavaThread "Reference Handler" daemon [_thread_blocked, id=14083, stack(0x000070000b4e5000,0x000070000b5e5000)]
  0x00007f9789001800 JavaThread "main" [_thread_blocked, id=7171, stack(0x000070000aac7000,0x000070000abc7000)]

Other Threads:
  0x00007f9789852800 VMThread [stack: 0x000070000b3e2000,0x000070000b4e2000] [id=13571]
  0x00007f978802c000 WatcherThread [stack: 0x000070000bcfd000,0x000070000bdfd000] [id=21763]

VM state:not at safepoint (normal execution)

VM Mutex/Monitor currently owned by a thread: None

Heap:
 PSYoungGen      total 141824K, used 12246K [0x000000076ab00000, 0x000000077c500000, 0x00000007c0000000)
  eden space 131072K, 9% used [0x000000076ab00000,0x000000076b6f5800,0x0000000772b00000)
  from space 10752K, 0% used [0x0000000772b00000,0x0000000772b00000,0x0000000773580000)
  to   space 13312K, 0% used [0x000000077b800000,0x000000077b800000,0x000000077c500000)
 ParOldGen       total 81920K, used 11539K [0x00000006c0000000, 0x00000006c5000000, 0x000000076ab00000)
  object space 81920K, 14% used [0x00000006c0000000,0x00000006c0b44ed8,0x00000006c5000000)
 Metaspace       used 20734K, capacity 21582K, committed 21888K, reserved 1069056K
  class space    used 2891K, capacity 3114K, committed 3200K, reserved 1048576K

Card table byte_map: [0x00000001095c0000,0x0000000109dc1000] byte_map_base: 0x0000000105fc0000

Marking Bits: (ParMarkBitMap*) 0x0000000107a78d30
 Begin Bits: [0x000000011af2c000, 0x000000011ef2c000)
 End Bits:   [0x000000011ef2c000, 0x0000000122f2c000)

Polling page: 0x0000000106475000

CodeCache: size=245760Kb used=6909Kb max_used=6909Kb free=238850Kb
 bounds [0x000000010bf2c000, 0x000000010c5fc000, 0x000000011af2c000]
 total_blobs=2873 nmethods=2110 adapters=676
 compilation: enabled

Compilation events (10 events):
Event: 5.582 Thread 0x00007f9788804000 2119       1       com.sun.javafx.geom.transform.BaseTransform::getMyz (2 bytes)
Event: 5.582 Thread 0x00007f9788804000 nmethod 2119 0x000000010c5eed10 code [0x000000010c5eee60, 0x000000010c5eef70]
Event: 5.582 Thread 0x00007f9788804000 2120       1       com.sun.javafx.geom.transform.BaseTransform::getMzx (2 bytes)
Event: 5.582 Thread 0x00007f9788804000 nmethod 2120 0x000000010c5eefd0 code [0x000000010c5ef120, 0x000000010c5ef230]
Event: 5.582 Thread 0x00007f9788804000 2123       1       com.sun.prism.es2.ES2RTTextureData::getFboID (5 bytes)
Event: 5.582 Thread 0x00007f9788804000 nmethod 2123 0x000000010c5ef290 code [0x000000010c5ef3e0, 0x000000010c5ef4f0]
Event: 5.582 Thread 0x00007f9788804000 2121       1       com.sun.javafx.geom.transform.BaseTransform::getMzy (2 bytes)
Event: 5.582 Thread 0x00007f9788804000 nmethod 2121 0x000000010c5ef550 code [0x000000010c5ef6a0, 0x000000010c5ef7b0]
Event: 5.582 Thread 0x00007f9788804000 2122       1       com.sun.javafx.geom.transform.BaseTransform::getMzz (2 bytes)
Event: 5.582 Thread 0x00007f9788804000 nmethod 2122 0x000000010c5ef810 code [0x000000010c5ef980, 0x000000010c5efa90]

GC Heap History (10 events):
Event: 3.022 GC heap before
{Heap before GC invocations=2 (full 0):
 PSYoungGen      total 76288K, used 76264K [0x000000076ab00000, 0x0000000770000000, 0x00000007c0000000)
  eden space 65536K, 99% used [0x000000076ab00000,0x000000076eafffc0,0x000000076eb00000)
  from space 10752K, 99% used [0x000000076eb00000,0x000000076f57a0f0,0x000000076f580000)
  to   space 10752K, 0% used [0x000000076f580000,0x000000076f580000,0x0000000770000000)
 ParOldGen       total 175104K, used 2788K [0x00000006c0000000, 0x00000006cab00000, 0x000000076ab00000)
  object space 175104K, 1% used [0x00000006c0000000,0x00000006c02b91a8,0x00000006cab00000)
 Metaspace       used 19697K, capacity 20406K, committed 20736K, reserved 1067008K
  class space    used 2760K, capacity 2946K, committed 3072K, reserved 1048576K
Event: 3.029 GC heap after
Heap after GC invocations=2 (full 0):
 PSYoungGen      total 76288K, used 8385K [0x000000076ab00000, 0x0000000774000000, 0x00000007c0000000)
  eden space 65536K, 0% used [0x000000076ab00000,0x000000076ab00000,0x000000076eb00000)
  from space 10752K, 77% used [0x000000076f580000,0x000000076fdb0688,0x0000000770000000)
  to   space 10752K, 0% used [0x000000076eb00000,0x000000076eb00000,0x000000076f580000)
 ParOldGen       total 175104K, used 2796K [0x00000006c0000000, 0x00000006cab00000, 0x000000076ab00000)
  object space 175104K, 1% used [0x00000006c0000000,0x00000006c02bb1a8,0x00000006cab00000)
 Metaspace       used 19697K, capacity 20406K, committed 20736K, reserved 1067008K
  class space    used 2760K, capacity 2946K, committed 3072K, reserved 1048576K
}
Event: 3.040 GC heap before
{Heap before GC invocations=3 (full 0):
 PSYoungGen      total 76288K, used 73824K [0x000000076ab00000, 0x0000000774000000, 0x00000007c0000000)
  eden space 65536K, 99% used [0x000000076ab00000,0x000000076eae7d68,0x000000076eb00000)
  from space 10752K, 77% used [0x000000076f580000,0x000000076fdb0688,0x0000000770000000)
  to   space 10752K, 0% used [0x000000076eb00000,0x000000076eb00000,0x000000076f580000)
 ParOldGen       total 175104K, used 2796K [0x00000006c0000000, 0x00000006cab00000, 0x000000076ab00000)
  object space 175104K, 1% used [0x00000006c0000000,0x00000006c02bb1a8,0x00000006cab00000)
 Metaspace       used 19697K, capacity 20406K, committed 20736K, reserved 1067008K
  class space    used 2760K, capacity 2946K, committed 3072K, reserved 1048576K
Event: 3.045 GC heap after
Heap after GC invocations=3 (full 0):
 PSYoungGen      total 76288K, used 8100K [0x000000076ab00000, 0x0000000774000000, 0x00000007c0000000)
  eden space 65536K, 0% used [0x000000076ab00000,0x000000076ab00000,0x000000076eb00000)
  from space 10752K, 75% used [0x000000076eb00000,0x000000076f2e9370,0x000000076f580000)
  to   space 10752K, 0% used [0x0000000773580000,0x0000000773580000,0x0000000774000000)
 ParOldGen       total 175104K, used 2796K [0x00000006c0000000, 0x00000006cab00000, 0x000000076ab00000)
  object space 175104K, 1% used [0x00000006c0000000,0x00000006c02bb1a8,0x00000006cab00000)
 Metaspace       used 19697K, capacity 20406K, committed 20736K, reserved 1067008K
  class space    used 2760K, capacity 2946K, committed 3072K, reserved 1048576K
}
Event: 3.055 GC heap before
{Heap before GC invocations=4 (full 0):
 PSYoungGen      total 76288K, used 73522K [0x000000076ab00000, 0x0000000774000000, 0x00000007c0000000)
  eden space 65536K, 99% used [0x000000076ab00000,0x000000076eae3770,0x000000076eb00000)
  from space 10752K, 75% used [0x000000076eb00000,0x000000076f2e9370,0x000000076f580000)
  to   space 10752K, 0% used [0x0000000773580000,0x0000000773580000,0x0000000774000000)
 ParOldGen       total 175104K, used 2796K [0x00000006c0000000, 0x00000006cab00000, 0x000000076ab00000)
  object space 175104K, 1% used [0x00000006c0000000,0x00000006c02bb1a8,0x00000006cab00000)
 Metaspace       used 19698K, capacity 20406K, committed 20736K, reserved 1067008K
  class space    used 2760K, capacity 2946K, committed 3072K, reserved 1048576K
Event: 3.062 GC heap after
Heap after GC invocations=4 (full 0):
 PSYoungGen      total 141824K, used 8194K [0x000000076ab00000, 0x0000000774000000, 0x00000007c0000000)
  eden space 131072K, 0% used [0x000000076ab00000,0x000000076ab00000,0x0000000772b00000)
  from space 10752K, 76% used [0x0000000773580000,0x0000000773d80828,0x0000000774000000)
  to   space 10752K, 0% used [0x0000000772b00000,0x0000000772b00000,0x0000000773580000)
 ParOldGen       total 175104K, used 2804K [0x00000006c0000000, 0x00000006cab00000, 0x000000076ab00000)
  object space 175104K, 1% used [0x00000006c0000000,0x00000006c02bd1a8,0x00000006cab00000)
 Metaspace       used 19698K, capacity 20406K, committed 20736K, reserved 1067008K
  class space    used 2760K, capacity 2946K, committed 3072K, reserved 1048576K
}
Event: 5.153 GC heap before
{Heap before GC invocations=5 (full 0):
 PSYoungGen      total 141824K, used 89888K [0x000000076ab00000, 0x0000000774000000, 0x00000007c0000000)
  eden space 131072K, 62% used [0x000000076ab00000,0x000000076fac7a18,0x0000000772b00000)
  from space 10752K, 76% used [0x0000000773580000,0x0000000773d80828,0x0000000774000000)
  to   space 10752K, 0% used [0x0000000772b00000,0x0000000772b00000,0x0000000773580000)
 ParOldGen       total 175104K, used 2804K [0x00000006c0000000, 0x00000006cab00000, 0x000000076ab00000)
  object space 175104K, 1% used [0x00000006c0000000,0x00000006c02bd1a8,0x00000006cab00000)
 Metaspace       used 20350K, capacity 21108K, committed 21248K, reserved 1067008K
  class space    used 2826K, capacity 3025K, committed 3072K, reserved 1048576K
Event: 5.160 GC heap after
Heap after GC invocations=5 (full 0):
 PSYoungGen      total 141824K, used 9915K [0x000000076ab00000, 0x000000077c500000, 0x00000007c0000000)
  eden space 131072K, 0% used [0x000000076ab00000,0x000000076ab00000,0x0000000772b00000)
  from space 10752K, 92% used [0x0000000772b00000,0x00000007734aee50,0x0000000773580000)
  to   space 13312K, 0% used [0x000000077b800000,0x000000077b800000,0x000000077c500000)
 ParOldGen       total 175104K, used 2812K [0x00000006c0000000, 0x00000006cab00000, 0x000000076ab00000)
  object space 175104K, 1% used [0x00000006c0000000,0x00000006c02bf1a8,0x00000006cab00000)
 Metaspace       used 20350K, capacity 21108K, committed 21248K, reserved 1067008K
  class space    used 2826K, capacity 3025K, committed 3072K, reserved 1048576K
}
Event: 5.160 GC heap before
{Heap before GC invocations=6 (full 1):
 PSYoungGen      total 141824K, used 9915K [0x000000076ab00000, 0x000000077c500000, 0x00000007c0000000)
  eden space 131072K, 0% used [0x000000076ab00000,0x000000076ab00000,0x0000000772b00000)
  from space 10752K, 92% used [0x0000000772b00000,0x00000007734aee50,0x0000000773580000)
  to   space 13312K, 0% used [0x000000077b800000,0x000000077b800000,0x000000077c500000)
 ParOldGen       total 175104K, used 2812K [0x00000006c0000000, 0x00000006cab00000, 0x000000076ab00000)
  object space 175104K, 1% used [0x00000006c0000000,0x00000006c02bf1a8,0x00000006cab00000)
 Metaspace       used 20350K, capacity 21108K, committed 21248K, reserved 1067008K
  class space    used 2826K, capacity 3025K, committed 3072K, reserved 1048576K
Event: 5.186 GC heap after
Heap after GC invocations=6 (full 1):
 PSYoungGen      total 141824K, used 0K [0x000000076ab00000, 0x000000077c500000, 0x00000007c0000000)
  eden space 131072K, 0% used [0x000000076ab00000,0x000000076ab00000,0x0000000772b00000)
  from space 10752K, 0% used [0x0000000772b00000,0x0000000772b00000,0x0000000773580000)
  to   space 13312K, 0% used [0x000000077b800000,0x000000077b800000,0x000000077c500000)
 ParOldGen       total 81920K, used 11539K [0x00000006c0000000, 0x00000006c5000000, 0x000000076ab00000)
  object space 81920K, 14% used [0x00000006c0000000,0x00000006c0b44ed8,0x00000006c5000000)
 Metaspace       used 20350K, capacity 21108K, committed 21248K, reserved 1067008K
  class space    used 2826K, capacity 3025K, committed 3072K, reserved 1048576K
}

Deoptimization events (10 events):
Event: 3.077 Thread 0x00007f9789a3e000 Uncommon trap: reason=unstable_if action=reinterpret pc=0x000000010c4ba87c method=sun.text.normalizer.TrieIterator.calculateNextSupplementaryElement(Lsun/text/normalizer/RangeValueIterator$Element;)V @ 145
Event: 3.077 Thread 0x00007f9789a3e000 Uncommon trap: reason=unstable_if action=reinterpret pc=0x000000010c4b9200 method=sun.text.normalizer.TrieIterator.next(Lsun/text/normalizer/RangeValueIterator$Element;)Z @ 6
Event: 3.103 Thread 0x00007f9789a3e000 Uncommon trap: reason=unstable_if action=reinterpret pc=0x000000010c4d3434 method=sun.text.normalizer.UnicodeSet.add([III)Lsun/text/normalizer/UnicodeSet; @ 521
Event: 3.104 Thread 0x00007f9789a3e000 Uncommon trap: reason=unstable_if action=reinterpret pc=0x000000010c33ee54 method=java.util.regex.Pattern$Ctype.isSatisfiedBy(I)Z @ 4
Event: 3.121 Thread 0x00007f9789a3e000 Uncommon trap: reason=unstable_if action=reinterpret pc=0x000000010c4a6e80 method=sun.text.normalizer.UnicodeSet.findCodePoint(I)I @ 32
Event: 3.771 Thread 0x00007f9789a3e000 Uncommon trap: reason=unstable_if action=reinterpret pc=0x000000010c52b3d8 method=java.net.IDN.toASCIIInternal(Ljava/lang/String;I)Ljava/lang/String; @ 72
Event: 4.713 Thread 0x00007f9789d7f000 Uncommon trap: reason=predicate action=maybe_recompile pc=0x000000010c56a270 method=java.util.regex.Pattern$SliceI.match(Ljava/util/regex/Matcher;ILjava/lang/CharSequence;)Z @ 21
Event: 4.722 Thread 0x00007f9789d7f000 Uncommon trap: reason=unstable_if action=reinterpret pc=0x000000010c5466c8 method=java.util.Arrays.equals([B[B)Z @ 12
Event: 4.840 Thread 0x00007f9789d7c000 Uncommon trap: reason=class_check action=maybe_recompile pc=0x000000010c2f569c method=java.util.HashMap.putVal(ILjava/lang/Object;Ljava/lang/Object;ZZ)Ljava/lang/Object; @ 253
Event: 4.841 Thread 0x00007f9789242800 Uncommon trap: reason=class_check action=maybe_recompile pc=0x000000010c2f569c method=java.util.HashMap.putVal(ILjava/lang/Object;Ljava/lang/Object;ZZ)Ljava/lang/Object; @ 253

Internal exceptions (10 events):
Event: 1.301 Thread 0x00007f97899fb800 Exception <a 'java/lang/NullPointerException'> (0x000000076b9f3f50) thrown at [/Users/java_re/workspace/8-2-build-macosx-x86_64/jdk8u121/8372/hotspot/src/share/vm/prims/jvm.cpp, line 1394]
Event: 1.329 Thread 0x00007f97899fb800 Exception <a 'java/lang/ClassNotFoundException': com/microsoft/alm/oauth2/useragent/jar/Handler> (0x000000076bb674b0) thrown at [/Users/java_re/workspace/8-2-build-macosx-x86_64/jdk8u121/8372/hotspot/src/share/vm/classfile/systemDictionary.cpp, line 210]
Event: 1.621 Thread 0x00007f97899fb800 Implicit null exception at 0x000000010c16e035 to 0x000000010c16e231
Event: 2.246 Thread 0x00007f97899fb800 Exception <a 'java/lang/ClassNotFoundException': com/microsoft/alm/oauth2/useragent/https/Handler> (0x000000076cb893f0) thrown at [/Users/java_re/workspace/8-2-build-macosx-x86_64/jdk8u121/8372/hotspot/src/share/vm/classfile/systemDictionary.cpp, line 210
Event: 2.261 Thread 0x00007f97899fb800 Exception <a 'sun/nio/fs/UnixException'> (0x000000076cbb1e80) thrown at [/Users/java_re/workspace/8-2-build-macosx-x86_64/jdk8u121/8372/hotspot/src/share/vm/prims/jni.cpp, line 709]
Event: 2.264 Thread 0x00007f97899fb800 Exception <a 'sun/nio/fs/UnixException'> (0x000000076cbb3ef0) thrown at [/Users/java_re/workspace/8-2-build-macosx-x86_64/jdk8u121/8372/hotspot/src/share/vm/prims/jni.cpp, line 709]
Event: 2.275 Thread 0x00007f97899fb800 Implicit null exception at 0x000000010c135076 to 0x000000010c13543d
Event: 2.382 Thread 0x00007f9789a3e000 Exception <a 'java/lang/ClassNotFoundException': com/microsoft/alm/oauth2/useragent/http/Handler> (0x000000076d398510) thrown at [/Users/java_re/workspace/8-2-build-macosx-x86_64/jdk8u121/8372/hotspot/src/share/vm/classfile/systemDictionary.cpp, line 210]
Event: 4.722 Thread 0x00007f9789d7f000 Implicit null exception at 0x000000010c546578 to 0x000000010c5466b5
Event: 5.138 Thread 0x00007f97899fb800 Exception <a 'java/io/FileNotFoundException'> (0x000000076f7a9ab0) thrown at [/Users/java_re/workspace/8-2-build-macosx-x86_64/jdk8u121/8372/hotspot/src/share/vm/prims/jni.cpp, line 709]

Events (10 events):
Event: 5.559 loading class com/sun/javafx/webkit/prism/RTImage
Event: 5.559 loading class com/sun/javafx/webkit/prism/RTImage done
Event: 5.568 Executing VM operation: RevokeBias
Event: 5.568 Executing VM operation: RevokeBias done
Event: 5.575 Executing VM operation: RevokeBias
Event: 5.575 Executing VM operation: RevokeBias done
Event: 5.575 Executing VM operation: RevokeBias
Event: 5.575 Executing VM operation: RevokeBias done
Event: 5.575 loading class com/sun/javafx/webkit/prism/WCGraphicsPrismContext$3
Event: 5.575 loading class com/sun/javafx/webkit/prism/WCGraphicsPrismContext$3 done


Dynamic libraries:
0x0000000019a70000 	/System/Library/Frameworks/Cocoa.framework/Versions/A/Cocoa
0x0000000019a70000 	/System/Library/Frameworks/Security.framework/Versions/A/Security
0x0000000019a70000 	/System/Library/Frameworks/ApplicationServices.framework/Versions/A/ApplicationServices
0x0000000019a70000 	/usr/lib/libz.1.dylib
0x000000010646a000 	/usr/lib/libSystem.B.dylib
0x0000000019a70000 	/usr/lib/libobjc.A.dylib
0x0000000019a70000 	/System/Library/Frameworks/CoreFoundation.framework/Versions/A/CoreFoundation
0x0000000019a70000 	/System/Library/Frameworks/Foundation.framework/Versions/C/Foundation
0x0000000019a70000 	/System/Library/Frameworks/AppKit.framework/Versions/C/AppKit
0x0000000019a70000 	/System/Library/Frameworks/CoreData.framework/Versions/A/CoreData
0x0000000019a70000 	/System/Library/PrivateFrameworks/RemoteViewServices.framework/Versions/A/RemoteViewServices
0x0000000019a70000 	/System/Library/PrivateFrameworks/UIFoundation.framework/Versions/A/UIFoundation
0x0000000019a70000 	/System/Library/PrivateFrameworks/DFRFoundation.framework/Versions/A/DFRFoundation
0x0000000019a70000 	/usr/lib/libenergytrace.dylib
0x0000000019a70000 	/System/Library/PrivateFrameworks/SkyLight.framework/Versions/A/SkyLight
0x0000000019a70000 	/System/Library/Frameworks/CoreGraphics.framework/Versions/A/CoreGraphics
0x0000000019a70000 	/usr/lib/libScreenReader.dylib
0x0000000019a70000 	/System/Library/Frameworks/Accelerate.framework/Versions/A/Accelerate
0x0000000019a70000 	/System/Library/Frameworks/IOSurface.framework/Versions/A/IOSurface
0x0000000019a70000 	/System/Library/Frameworks/AudioToolbox.framework/Versions/A/AudioToolbox
0x0000000019a70000 	/System/Library/Frameworks/AudioUnit.framework/Versions/A/AudioUnit
0x0000000019a70000 	/System/Library/PrivateFrameworks/DataDetectorsCore.framework/Versions/A/DataDetectorsCore
0x0000000019a70000 	/System/Library/PrivateFrameworks/DesktopServicesPriv.framework/Versions/A/DesktopServicesPriv
0x0000000019a70000 	/System/Library/Frameworks/Carbon.framework/Versions/A/Frameworks/HIToolbox.framework/Versions/A/HIToolbox
0x0000000019a70000 	/usr/lib/libicucore.A.dylib
0x0000000019a70000 	/System/Library/Frameworks/QuartzCore.framework/Versions/A/QuartzCore
0x0000000019a70000 	/System/Library/Frameworks/Carbon.framework/Versions/A/Frameworks/SpeechRecognition.framework/Versions/A/SpeechRecognition
0x0000000019a70000 	/usr/lib/libauto.dylib
0x0000000019a70000 	/usr/lib/libxml2.2.dylib
0x0000000019a70000 	/System/Library/PrivateFrameworks/CoreUI.framework/Versions/A/CoreUI
0x0000000019a70000 	/System/Library/Frameworks/CoreAudio.framework/Versions/A/CoreAudio
0x0000000019a70000 	/System/Library/Frameworks/DiskArbitration.framework/Versions/A/DiskArbitration
0x0000000019a70000 	/usr/lib/liblangid.dylib
0x0000000019a70000 	/System/Library/PrivateFrameworks/MultitouchSupport.framework/Versions/A/MultitouchSupport
0x0000000106476000 	/System/Library/Frameworks/IOKit.framework/Versions/A/IOKit
0x0000000019a70000 	/usr/lib/libDiagnosticMessagesClient.dylib
0x0000000019a70000 	/System/Library/Frameworks/CoreServices.framework/Versions/A/CoreServices
0x0000000019a70000 	/System/Library/PrivateFrameworks/PerformanceAnalysis.framework/Versions/A/PerformanceAnalysis
0x0000000019a70000 	/System/Library/PrivateFrameworks/GenerationalStorage.framework/Versions/A/GenerationalStorage
0x0000000019a70000 	/System/Library/Frameworks/OpenGL.framework/Versions/A/OpenGL
0x0000000019a70000 	/System/Library/Frameworks/CoreImage.framework/Versions/A/CoreImage
0x0000000019a70000 	/System/Library/Frameworks/CoreText.framework/Versions/A/CoreText
0x0000000019a70000 	/System/Library/Frameworks/ImageIO.framework/Versions/A/ImageIO
0x0000000019a70000 	/System/Library/PrivateFrameworks/Backup.framework/Versions/A/Backup
0x0000000019a70000 	/usr/lib/libarchive.2.dylib
0x0000000106552000 	/System/Library/Frameworks/CFNetwork.framework/Versions/A/CFNetwork
0x0000000019a70000 	/System/Library/Frameworks/SystemConfiguration.framework/Versions/A/SystemConfiguration
0x0000000019a70000 	/usr/lib/libCRFSuite.dylib
0x0000000019a70000 	/usr/lib/libc++.1.dylib
0x0000000019a70000 	/usr/lib/libc++abi.dylib
0x0000000019a70000 	/usr/lib/system/libcache.dylib
0x0000000019a70000 	/usr/lib/system/libcommonCrypto.dylib
0x0000000019a70000 	/usr/lib/system/libcompiler_rt.dylib
0x0000000019a70000 	/usr/lib/system/libcopyfile.dylib
0x0000000019a70000 	/usr/lib/system/libcorecrypto.dylib
0x0000000106c50000 	/usr/lib/system/libdispatch.dylib
0x0000000106cbe000 	/usr/lib/system/libdyld.dylib
0x0000000019a70000 	/usr/lib/system/libkeymgr.dylib
0x0000000106cd3000 	/usr/lib/system/liblaunch.dylib
0x0000000019a70000 	/usr/lib/system/libmacho.dylib
0x0000000106cdf000 	/usr/lib/system/libquarantine.dylib
0x0000000019a70000 	/usr/lib/system/libremovefile.dylib
0x0000000019a70000 	/usr/lib/system/libsystem_asl.dylib
0x0000000019a70000 	/usr/lib/system/libsystem_blocks.dylib
0x0000000019a70000 	/usr/lib/system/libsystem_c.dylib
0x0000000106ce9000 	/usr/lib/system/libsystem_configuration.dylib
0x0000000106cf9000 	/usr/lib/system/libsystem_coreservices.dylib
0x0000000019a70000 	/usr/lib/system/libsystem_coretls.dylib
0x0000000019a70000 	/usr/lib/system/libsystem_dnssd.dylib
0x0000000019a70000 	/usr/lib/system/libsystem_info.dylib
0x0000000106d05000 	/usr/lib/system/libsystem_kernel.dylib
0x0000000106d40000 	/usr/lib/system/libsystem_m.dylib
0x0000000106d95000 	/usr/lib/system/libsystem_malloc.dylib
0x0000000019a70000 	/usr/lib/system/libsystem_network.dylib
0x0000000106dc5000 	/usr/lib/system/libsystem_networkextension.dylib
0x0000000019a70000 	/usr/lib/system/libsystem_notify.dylib
0x0000000106dde000 	/usr/lib/system/libsystem_platform.dylib
0x0000000106def000 	/usr/lib/system/libsystem_pthread.dylib
0x0000000106e0c000 	/usr/lib/system/libsystem_sandbox.dylib
0x0000000106e1d000 	/usr/lib/system/libsystem_secinit.dylib
0x0000000106e2a000 	/usr/lib/system/libsystem_symptoms.dylib
0x0000000106e3c000 	/usr/lib/system/libsystem_trace.dylib
0x0000000019a70000 	/usr/lib/system/libunwind.dylib
0x0000000106e5e000 	/usr/lib/system/libxpc.dylib
0x0000000019a70000 	/usr/lib/libbsm.0.dylib
0x0000000106eae000 	/usr/lib/system/libkxld.dylib
0x0000000019a70000 	/usr/lib/libcoretls.dylib
0x0000000019a70000 	/usr/lib/libcoretls_cfhelpers.dylib
0x0000000019a70000 	/usr/lib/libOpenScriptingUtil.dylib
0x0000000019a70000 	/usr/lib/libpam.2.dylib
0x0000000106ec2000 	/usr/lib/libsqlite3.dylib
0x0000000019a70000 	/usr/lib/libxar.1.dylib
0x0000000019a70000 	/usr/lib/libbz2.1.0.dylib
0x0000000019a70000 	/usr/lib/liblzma.5.dylib
0x0000000019a70000 	/usr/lib/libnetwork.dylib
0x0000000019a70000 	/usr/lib/libpcap.A.dylib
0x0000000019a70000 	/System/Library/Frameworks/CoreServices.framework/Versions/A/Frameworks/FSEvents.framework/Versions/A/FSEvents
0x0000000019a70000 	/System/Library/Frameworks/CoreServices.framework/Versions/A/Frameworks/CarbonCore.framework/Versions/A/CarbonCore
0x0000000019a70000 	/System/Library/Frameworks/CoreServices.framework/Versions/A/Frameworks/Metadata.framework/Versions/A/Metadata
0x0000000019a70000 	/System/Library/Frameworks/CoreServices.framework/Versions/A/Frameworks/OSServices.framework/Versions/A/OSServices
0x0000000019a70000 	/System/Library/Frameworks/CoreServices.framework/Versions/A/Frameworks/SearchKit.framework/Versions/A/SearchKit
0x0000000019a70000 	/System/Library/Frameworks/CoreServices.framework/Versions/A/Frameworks/AE.framework/Versions/A/AE
0x0000000019a70000 	/System/Library/Frameworks/CoreServices.framework/Versions/A/Frameworks/LaunchServices.framework/Versions/A/LaunchServices
0x0000000019a70000 	/System/Library/Frameworks/CoreServices.framework/Versions/A/Frameworks/DictionaryServices.framework/Versions/A/DictionaryServices
0x0000000019a70000 	/System/Library/Frameworks/CoreServices.framework/Versions/A/Frameworks/SharedFileList.framework/Versions/A/SharedFileList
0x0000000019a70000 	/System/Library/Frameworks/NetFS.framework/Versions/A/NetFS
0x0000000019a70000 	/System/Library/PrivateFrameworks/NetAuth.framework/Versions/A/NetAuth
0x0000000019a70000 	/System/Library/PrivateFrameworks/login.framework/Versions/A/Frameworks/loginsupport.framework/Versions/A/loginsupport
0x0000000019a70000 	/System/Library/PrivateFrameworks/TCC.framework/Versions/A/TCC
0x0000000019a70000 	/usr/lib/libmecabra.dylib
0x0000000019a70000 	/System/Library/Frameworks/ApplicationServices.framework/Versions/A/Frameworks/ATS.framework/Versions/A/ATS
0x0000000019a70000 	/System/Library/Frameworks/ApplicationServices.framework/Versions/A/Frameworks/ColorSync.framework/Versions/A/ColorSync
0x0000000019a70000 	/System/Library/Frameworks/ApplicationServices.framework/Versions/A/Frameworks/HIServices.framework/Versions/A/HIServices
0x0000000019a70000 	/System/Library/Frameworks/ApplicationServices.framework/Versions/A/Frameworks/LangAnalysis.framework/Versions/A/LangAnalysis
0x0000000019a70000 	/System/Library/Frameworks/ApplicationServices.framework/Versions/A/Frameworks/PrintCore.framework/Versions/A/PrintCore
0x0000000019a70000 	/System/Library/Frameworks/ApplicationServices.framework/Versions/A/Frameworks/QD.framework/Versions/A/QD
0x0000000019a70000 	/System/Library/Frameworks/ApplicationServices.framework/Versions/A/Frameworks/SpeechSynthesis.framework/Versions/A/SpeechSynthesis
0x0000000019a70000 	/System/Library/Frameworks/Accelerate.framework/Versions/A/Frameworks/vImage.framework/Versions/A/vImage
0x0000000019a70000 	/System/Library/Frameworks/Accelerate.framework/Versions/A/Frameworks/vecLib.framework/Versions/A/vecLib
0x0000000019a70000 	/System/Library/Frameworks/Accelerate.framework/Versions/A/Frameworks/vecLib.framework/Versions/A/libvDSP.dylib
0x0000000019a70000 	/System/Library/Frameworks/Accelerate.framework/Versions/A/Frameworks/vecLib.framework/Versions/A/libBNNS.dylib
0x0000000019a70000 	/System/Library/Frameworks/Accelerate.framework/Versions/A/Frameworks/vecLib.framework/Versions/A/libQuadrature.dylib
0x0000000019a70000 	/System/Library/Frameworks/Accelerate.framework/Versions/A/Frameworks/vecLib.framework/Versions/A/libvMisc.dylib
0x0000000019a70000 	/System/Library/Frameworks/Accelerate.framework/Versions/A/Frameworks/vecLib.framework/Versions/A/libLAPACK.dylib
0x0000000019a70000 	/System/Library/Frameworks/Accelerate.framework/Versions/A/Frameworks/vecLib.framework/Versions/A/libBLAS.dylib
0x0000000019a70000 	/System/Library/Frameworks/Accelerate.framework/Versions/A/Frameworks/vecLib.framework/Versions/A/libLinearAlgebra.dylib
0x0000000019a70000 	/System/Library/Frameworks/Accelerate.framework/Versions/A/Frameworks/vecLib.framework/Versions/A/libSparseBLAS.dylib
0x0000000019a70000 	/System/Library/Frameworks/ApplicationServices.framework/Versions/A/Frameworks/ATS.framework/Versions/A/Resources/libFontParser.dylib
0x0000000019a70000 	/System/Library/Frameworks/ApplicationServices.framework/Versions/A/Frameworks/ATS.framework/Versions/A/Resources/libFontRegistry.dylib
0x0000000019a70000 	/System/Library/Frameworks/ImageIO.framework/Versions/A/Resources/libJPEG.dylib
0x0000000019a70000 	/System/Library/Frameworks/ImageIO.framework/Versions/A/Resources/libTIFF.dylib
0x0000000019a70000 	/System/Library/Frameworks/ImageIO.framework/Versions/A/Resources/libPng.dylib
0x0000000019a70000 	/System/Library/Frameworks/ImageIO.framework/Versions/A/Resources/libGIF.dylib
0x0000000019a70000 	/System/Library/Frameworks/ImageIO.framework/Versions/A/Resources/libJP2.dylib
0x0000000019a70000 	/System/Library/Frameworks/ImageIO.framework/Versions/A/Resources/libRadiance.dylib
0x0000000019a70000 	/usr/lib/libcompression.dylib
0x0000000019a70000 	/System/Library/PrivateFrameworks/AppleJPEG.framework/Versions/A/AppleJPEG
0x0000000019a70000 	/usr/lib/libcups.2.dylib
0x0000000019a70000 	/System/Library/Frameworks/Kerberos.framework/Versions/A/Kerberos
0x0000000019a70000 	/System/Library/Frameworks/GSS.framework/Versions/A/GSS
0x0000000019a70000 	/usr/lib/libresolv.9.dylib
0x0000000019a70000 	/usr/lib/libiconv.2.dylib
0x0000000019a70000 	/System/Library/PrivateFrameworks/Heimdal.framework/Versions/A/Heimdal
0x0000000019a70000 	/usr/lib/libheimdal-asn1.dylib
0x0000000019a70000 	/System/Library/Frameworks/OpenDirectory.framework/Versions/A/OpenDirectory
0x0000000019a70000 	/System/Library/PrivateFrameworks/CommonAuth.framework/Versions/A/CommonAuth
0x0000000019a70000 	/System/Library/Frameworks/OpenDirectory.framework/Versions/A/Frameworks/CFOpenDirectory.framework/Versions/A/CFOpenDirectory
0x0000000019a70000 	/System/Library/Frameworks/SecurityFoundation.framework/Versions/A/SecurityFoundation
0x0000000019a70000 	/System/Library/PrivateFrameworks/LanguageModeling.framework/Versions/A/LanguageModeling
0x0000000019a70000 	/usr/lib/libmarisa.dylib
0x0000000019a70000 	/usr/lib/libChineseTokenizer.dylib
0x0000000019a70000 	/usr/lib/libcmph.dylib
0x0000000019a70000 	/System/Library/PrivateFrameworks/CoreEmoji.framework/Versions/A/CoreEmoji
0x0000000107035000 	/System/Library/Frameworks/ServiceManagement.framework/Versions/A/ServiceManagement
0x0000000019a70000 	/usr/lib/libxslt.1.dylib
0x0000000019a70000 	/System/Library/Frameworks/Carbon.framework/Versions/A/Frameworks/Ink.framework/Versions/A/Ink
0x0000000019a70000 	/System/Library/PrivateFrameworks/TextureIO.framework/Versions/A/TextureIO
0x0000000019a70000 	/System/Library/Frameworks/Metal.framework/Versions/A/Metal
0x0000000019a70000 	/usr/lib/libate.dylib
0x0000000019a70000 	/System/Library/PrivateFrameworks/GPUCompiler.framework/libmetal_timestamp.dylib
0x0000000019a70000 	/System/Library/Frameworks/OpenGL.framework/Versions/A/Libraries/libCoreFSCache.dylib
0x0000000019a70000 	/System/Library/PrivateFrameworks/IOAccelerator.framework/Versions/A/IOAccelerator
0x0000000019a70000 	/System/Library/Frameworks/CoreVideo.framework/Versions/A/CoreVideo
0x0000000019a70000 	/usr/lib/libFosl_dynamic.dylib
0x0000000019a70000 	/System/Library/PrivateFrameworks/MetalPerformanceShaders.framework/Versions/A/MetalPerformanceShaders
0x0000000019a70000 	/System/Library/PrivateFrameworks/FaceCore.framework/Versions/A/FaceCore
0x0000000019a70000 	/System/Library/Frameworks/OpenCL.framework/Versions/A/OpenCL
0x0000000019a70000 	/System/Library/Frameworks/OpenGL.framework/Versions/A/Libraries/libGLU.dylib
0x0000000019a70000 	/System/Library/Frameworks/OpenGL.framework/Versions/A/Libraries/libGFXShared.dylib
0x0000000019a70000 	/System/Library/Frameworks/OpenGL.framework/Versions/A/Libraries/libGL.dylib
0x0000000019a70000 	/System/Library/Frameworks/OpenGL.framework/Versions/A/Libraries/libGLImage.dylib
0x0000000019a70000 	/System/Library/Frameworks/OpenGL.framework/Versions/A/Libraries/libCVMSPluginSupport.dylib
0x0000000019a70000 	/System/Library/Frameworks/OpenGL.framework/Versions/A/Libraries/libCoreVMClient.dylib
0x0000000019a70000 	/System/Library/PrivateFrameworks/CrashReporterSupport.framework/Versions/A/CrashReporterSupport
0x0000000019a70000 	/System/Library/PrivateFrameworks/Sharing.framework/Versions/A/Sharing
0x0000000019a70000 	/System/Library/PrivateFrameworks/IconServices.framework/Versions/A/IconServices
0x0000000019a70000 	/System/Library/PrivateFrameworks/ProtocolBuffer.framework/Versions/A/ProtocolBuffer
0x0000000019a70000 	/System/Library/PrivateFrameworks/Apple80211.framework/Versions/A/Apple80211
0x0000000019a70000 	/System/Library/Frameworks/CoreWLAN.framework/Versions/A/CoreWLAN
0x0000000019a70000 	/System/Library/PrivateFrameworks/CoreUtils.framework/Versions/A/CoreUtils
0x0000000019a70000 	/System/Library/Frameworks/IOBluetooth.framework/Versions/A/IOBluetooth
0x0000000019a70000 	/System/Library/PrivateFrameworks/CoreWiFi.framework/Versions/A/CoreWiFi
0x0000000019a70000 	/System/Library/Frameworks/CoreBluetooth.framework/Versions/A/CoreBluetooth
0x0000000107042000 	/System/Library/Frameworks/CoreDisplay.framework/Versions/A/CoreDisplay
0x0000000019a70000 	/System/Library/PrivateFrameworks/IOPresentment.framework/Versions/A/IOPresentment
0x0000000019a70000 	/System/Library/PrivateFrameworks/DSExternalDisplay.framework/Versions/A/DSExternalDisplay
0x0000000019a70000 	/System/Library/PrivateFrameworks/DebugSymbols.framework/Versions/A/DebugSymbols
0x0000000019a70000 	/System/Library/PrivateFrameworks/CoreSymbolication.framework/Versions/A/CoreSymbolication
0x0000000019a70000 	/System/Library/PrivateFrameworks/Symbolication.framework/Versions/A/Symbolication
0x0000000019a70000 	/System/Library/PrivateFrameworks/AppleFSCompression.framework/Versions/A/AppleFSCompression
0x0000000019a70000 	/System/Library/PrivateFrameworks/SpeechRecognitionCore.framework/Versions/A/SpeechRecognitionCore
0x0000000019a70000 	/System/Library/PrivateFrameworks/ChunkingLibrary.framework/Versions/A/ChunkingLibrary
0x0000000107188000 	/Library/Java/JavaVirtualMachines/jdk1.8.0_121.jdk/Contents/Home/jre/lib/server/libjvm.dylib
0x0000000019a70000 	/usr/lib/libstdc++.6.dylib
0x000000010812a000 	/Library/Java/JavaVirtualMachines/jdk1.8.0_121.jdk/Contents/Home/jre/lib/libverify.dylib
0x0000000108138000 	/Library/Java/JavaVirtualMachines/jdk1.8.0_121.jdk/Contents/Home/jre/lib/libjava.dylib
0x0000000108175000 	/Library/Java/JavaVirtualMachines/jdk1.8.0_121.jdk/Contents/Home/jre/lib/libzip.dylib
0x00000001242cc000 	/System/Library/Frameworks/JavaVM.framework/Frameworks/JavaRuntimeSupport.framework/JavaRuntimeSupport
0x00000001242e6000 	/System/Library/Frameworks/JavaVM.framework/Versions/A/Frameworks/JavaNativeFoundation.framework/Versions/A/JavaNativeFoundation
0x00000001242fb000 	/System/Library/Frameworks/JavaVM.framework/Versions/A/JavaVM
0x0000000019a70000 	/System/Library/Frameworks/Carbon.framework/Versions/A/Carbon
0x0000000124308000 	/System/Library/PrivateFrameworks/JavaLaunching.framework/Versions/A/JavaLaunching
0x0000000019a70000 	/System/Library/Frameworks/Carbon.framework/Versions/A/Frameworks/CommonPanels.framework/Versions/A/CommonPanels
0x0000000019a70000 	/System/Library/Frameworks/Carbon.framework/Versions/A/Frameworks/Help.framework/Versions/A/Help
0x0000000019a70000 	/System/Library/Frameworks/Carbon.framework/Versions/A/Frameworks/ImageCapture.framework/Versions/A/ImageCapture
0x0000000019a70000 	/System/Library/Frameworks/Carbon.framework/Versions/A/Frameworks/OpenScripting.framework/Versions/A/OpenScripting
0x0000000019a70000 	/System/Library/Frameworks/Carbon.framework/Versions/A/Frameworks/Print.framework/Versions/A/Print
0x0000000019a70000 	/System/Library/Frameworks/Carbon.framework/Versions/A/Frameworks/SecurityHI.framework/Versions/A/SecurityHI
0x0000000125cc1000 	/Library/Java/JavaVirtualMachines/jdk1.8.0_121.jdk/Contents/Home/jre/lib/libprism_es2.dylib
0x0000000125d11000 	/System/Library/Frameworks/OpenGL.framework/Resources/GLEngine.bundle/GLEngine
0x0000000019a70000 	/System/Library/Frameworks/OpenGL.framework/Versions/A/Libraries/libGLProgrammability.dylib
0x0000000125ef6000 	/System/Library/Extensions/AppleIntelSKLGraphicsGLDriver.bundle/Contents/MacOS/AppleIntelSKLGraphicsGLDriver
0x0000000019a70000 	/System/Library/PrivateFrameworks/GPUSupport.framework/Versions/A/Libraries/libGPUSupportMercury.dylib
0x0000000126c7a000 	/System/Library/Extensions/AMDRadeonX4000GLDriver.bundle/Contents/MacOS/AMDRadeonX4000GLDriver
0x0000000126d5a000 	/System/Library/Extensions/AMDRadeonX4000GLDriver.bundle/Contents/MacOS/ATIRadeonX4000SCLib.dylib
0x0000000127337000 	/System/Library/Frameworks/OpenGL.framework/Resources//GLRendererFloat.bundle/GLRendererFloat
0x0000000019a70000 	/System/Library/Frameworks/OpenCL.framework/Versions/A/Libraries/libcldcpuengine.dylib
0x0000000019a70000 	/usr/lib/libcrypto.0.9.8.dylib
0x0000000019a70000 	/System/Library/PrivateFrameworks/TrustEvaluationAgent.framework/Versions/A/TrustEvaluationAgent
0x00000001273b7000 	/Library/Java/JavaVirtualMachines/jdk1.8.0_121.jdk/Contents/Home/jre/lib/libglass.dylib
0x0000000019a70000 	/System/Library/PrivateFrameworks/CoreServicesInternal.framework/Versions/A/CoreServicesInternal
0x0000000019a70000 	/System/Library/CoreServices/RawCamera.bundle/Contents/MacOS/RawCamera
0x000000012783a000 	/System/Library/Frameworks/Accelerate.framework/Frameworks/vImage.framework/Versions/A/Libraries/libCGInterfaces.dylib
0x0000000019a70000 	/System/Library/PrivateFrameworks/FamilyControls.framework/Versions/A/FamilyControls
0x0000000019a70000 	/System/Library/PrivateFrameworks/CommerceKit.framework/Versions/A/Frameworks/CommerceCore.framework/Versions/A/CommerceCore
0x0000000019a70000 	/System/Library/PrivateFrameworks/SystemAdministration.framework/Versions/A/SystemAdministration
0x0000000019a70000 	/System/Library/PrivateFrameworks/AppContainer.framework/Versions/A/AppContainer
0x0000000019a70000 	/System/Library/PrivateFrameworks/SecCodeWrapper.framework/Versions/A/SecCodeWrapper
0x0000000019a70000 	/System/Library/Frameworks/DirectoryService.framework/Versions/A/DirectoryService
0x0000000019a70000 	/System/Library/PrivateFrameworks/DiskImages.framework/Versions/A/DiskImages
0x0000000019a70000 	/System/Library/PrivateFrameworks/LoginUIKit.framework/Versions/A/Frameworks/LoginUICore.framework/Versions/A/LoginUICore
0x0000000019a70000 	/usr/lib/libCoreStorage.dylib
0x0000000019a70000 	/usr/lib/libcsfde.dylib
0x0000000019a70000 	/usr/lib/libodfde.dylib
0x0000000019a70000 	/System/Library/Frameworks/DiscRecording.framework/Versions/A/DiscRecording
0x0000000019a70000 	/usr/lib/libcurl.4.dylib
0x0000000019a70000 	/System/Library/PrivateFrameworks/MediaKit.framework/Versions/A/MediaKit
0x0000000019a70000 	/System/Library/PrivateFrameworks/ProtectedCloudStorage.framework/Versions/A/ProtectedCloudStorage
0x0000000019a70000 	/System/Library/PrivateFrameworks/EFILogin.framework/Versions/A/EFILogin
0x0000000019a70000 	/usr/lib/libutil.dylib
0x0000000019a70000 	/System/Library/Frameworks/LDAP.framework/Versions/A/LDAP
0x0000000019a70000 	/usr/lib/libsasl2.2.dylib
0x0000000019a70000 	/System/Library/PrivateFrameworks/CoreDaemon.framework/Versions/B/CoreDaemon
0x0000000019a70000 	/System/Library/PrivateFrameworks/AppleSRP.framework/Versions/A/AppleSRP
0x0000000019a70000 	/System/Library/PrivateFrameworks/APFS.framework/Versions/A/APFS
0x000000012a932000 	/Library/Java/JavaVirtualMachines/jdk1.8.0_121.jdk/Contents/Home/jre/lib/libjfxwebkit.dylib
0x00000001279fa000 	/Library/Java/JavaVirtualMachines/jdk1.8.0_121.jdk/Contents/Home/jre/lib/libjavafx_font.dylib
0x0000000019a70000 	/System/Library/Frameworks/ApplicationServices.framework/Versions/A/Frameworks/ATS.framework/Versions/A/Resources/libTrueTypeScaler.dylib
0x0000000019a70000 	/System/Library/Extensions/AMDMTLBronzeDriver.bundle/Contents/MacOS/AMDMTLBronzeDriver
0x0000000019a70000 	/System/Library/PrivateFrameworks/IOAccelMemoryInfo.framework/Versions/A/IOAccelMemoryInfo
0x0000000130b2d000 	/System/Library/Extensions/AppleIntelSKLGraphicsMTLDriver.bundle/Contents/MacOS/AppleIntelSKLGraphicsMTLDriver
0x0000000131046000 	/Library/Java/JavaVirtualMachines/jdk1.8.0_121.jdk/Contents/Home/jre/lib/libprism_common.dylib
0x0000000019a70000 	/System/Library/PrivateFrameworks/ViewBridge.framework/Versions/A/ViewBridge
0x0000000019a70000 	/System/Library/PrivateFrameworks/XPCService.framework/Versions/A/XPCService
0x0000000019a70000 	/System/Library/PrivateFrameworks/AppSandbox.framework/Versions/A/AppSandbox
0x0000000131164000 	/usr/lib/libsandbox.1.dylib
0x00000001311b6000 	/usr/lib/libMatch.1.dylib
0x0000000131386000 	/Library/Java/JavaVirtualMachines/jdk1.8.0_121.jdk/Contents/Home/jre/lib/libnio.dylib
0x0000000131396000 	/Library/Java/JavaVirtualMachines/jdk1.8.0_121.jdk/Contents/Home/jre/lib/./libnet.dylib
0x000000013256a000 	/Library/Java/JavaVirtualMachines/jdk1.8.0_121.jdk/Contents/Home/jre/lib/libsunec.dylib
0x0000000128585000 	/Library/Java/JavaVirtualMachines/jdk1.8.0_121.jdk/Contents/Home/jre/lib/libjavafx_iio.dylib
0x000000012e1bf000 	/Library/Java/JavaVirtualMachines/jdk1.8.0_121.jdk/Contents/Home/jre/lib/libglib-lite.dylib
0x000000013429c000 	/Library/Java/JavaVirtualMachines/jdk1.8.0_121.jdk/Contents/Home/jre/lib/libgstreamer-lite.dylib
0x000000012e2e0000 	/Library/Java/JavaVirtualMachines/jdk1.8.0_121.jdk/Contents/Home/jre/lib/libjfxmedia.dylib
0x0000000134414000 	/Library/Java/JavaVirtualMachines/jdk1.8.0_121.jdk/Contents/Home/jre/lib/libjfxmedia_avf.dylib
0x0000000134449000 	/System/Library/Frameworks/AVFoundation.framework/Versions/A/AVFoundation
0x00000001347d4000 	/System/Library/Frameworks/CoreMedia.framework/Versions/A/CoreMedia
0x0000000139c9f000 	/System/Library/Frameworks/MediaToolbox.framework/Versions/A/MediaToolbox
0x0000000019a70000 	/System/Library/Frameworks/AVFoundation.framework/Versions/A/Frameworks/AVFAudio.framework/Versions/A/AVFAudio
0x000000013fed5000 	/System/Library/Frameworks/VideoToolbox.framework/Versions/A/VideoToolbox
0x0000000019a70000 	/System/Library/PrivateFrameworks/IntlPreferences.framework/Versions/A/IntlPreferences
0x0000000019a70000 	/System/Library/Frameworks/CoreMediaIO.framework/Versions/A/CoreMediaIO
0x0000000019a70000 	/usr/lib/libspindump.dylib
0x0000000019a70000 	/usr/lib/libdscsym.dylib
0x0000000019a70000 	/System/Library/PrivateFrameworks/CoreAVCHD.framework/Versions/A/CoreAVCHD
0x0000000019a70000 	/System/Library/Frameworks/MediaAccessibility.framework/Versions/A/MediaAccessibility
0x0000000019a70000 	/System/Library/PrivateFrameworks/Mangrove.framework/Versions/A/Mangrove
0x0000000019a70000 	/System/Library/PrivateFrameworks/CoreAUC.framework/Versions/A/CoreAUC
0x0000000019a70000 	/System/Library/PrivateFrameworks/AppleVA.framework/Versions/A/AppleVA
0x000000012e31b000 	/Library/Java/JavaVirtualMachines/jdk1.8.0_121.jdk/Contents/Home/jre/lib/libjfxmedia_qtkit.dylib
0x0000000019a70000 	/System/Library/Frameworks/QTKit.framework/Versions/A/QTKit
0x0000000019a70000 	/System/Library/PrivateFrameworks/CoreMediaAuthoring.framework/Versions/A/CoreMediaAuthoring

VM Arguments:
jvm_args: -Djava.protocol.handler.pkgs=com.microsoft.alm.oauth2.useragent -Dhttp.nonProxyHosts=local|*.local|169.254/16|*.169.254/16 -Djava.net.useSystemProxies=true 
java_command: com.microsoft.alm.oauth2.useragent.JavaFx requestAuthorizationCode
java_class_path (initial): /Library/Java/JavaVirtualMachines/jdk1.8.0_121.jdk/Contents/Home/jre/lib/ext/jfxrt.jar:/usr/local/Cellar/git-credential-manager/2.0.3/libexec/git-credential-manager-2.0.3.jar
Launcher Type: SUN_STANDARD

Environment Variables:
PATH=/usr/local/git/libexec/git-core:/Users/duncanhunter/Library/Android/sdk/platform-tools:/Users/duncanhunter/Library/Android/sdk/tools:/Applications/google-cloud-sdk/bin:/usr/local/bin:/usr/bin:/bin:/usr/sbin:/sbin:/opt/X11/bin:/usr/local/share/dotnet:/usr/local/go/bin:/Library/Frameworks/Mono.framework/Versions/Current/Commands:/Users/duncanhunter/Library/Android/sdk/platform-tools:/Users/duncanhunter/Library/Android/sdk/tools:/Applications/google-cloud-sdk/bin
SHELL=/bin/bash
DISPLAY=/private/tmp/com.apple.launchd.XqFdzGehZR/org.macosforge.xquartz:0

Signal Handlers:
SIGSEGV: [libjvm.dylib+0x5b1141], sa_mask[0]=11111111011111110111111111111111, sa_flags=SA_ONSTACK|SA_RESTART|SA_SIGINFO
SIGBUS: [libjvm.dylib+0x5b1141], sa_mask[0]=11111111011111110111111111111111, sa_flags=SA_RESTART|SA_SIGINFO
SIGFPE: [libjvm.dylib+0x487bc4], sa_mask[0]=11111111011111110111111111111111, sa_flags=SA_RESTART|SA_SIGINFO
SIGPIPE: [libjvm.dylib+0x487bc4], sa_mask[0]=11111111011111110111111111111111, sa_flags=SA_RESTART|SA_SIGINFO
SIGXFSZ: [libjvm.dylib+0x487bc4], sa_mask[0]=11111111011111110111111111111111, sa_flags=SA_RESTART|SA_SIGINFO
SIGILL: [libjvm.dylib+0x487bc4], sa_mask[0]=11111111011111110111111111111111, sa_flags=SA_RESTART|SA_SIGINFO
SIGUSR1: SIG_DFL, sa_mask[0]=11011111011111100000000111000110, sa_flags=none
SIGUSR2: [libjvm.dylib+0x4876e2], sa_mask[0]=00100000000000000000000000000000, sa_flags=SA_RESTART|SA_SIGINFO
SIGHUP: [libjvm.dylib+0x485cb9], sa_mask[0]=11111111011111110111111111111111, sa_flags=SA_RESTART|SA_SIGINFO
SIGINT: [libjvm.dylib+0x485cb9], sa_mask[0]=11111111011111110111111111111111, sa_flags=SA_RESTART|SA_SIGINFO
SIGTERM: [libjvm.dylib+0x485cb9], sa_mask[0]=11111111011111110111111111111111, sa_flags=SA_RESTART|SA_SIGINFO
SIGQUIT: [libjvm.dylib+0x485cb9], sa_mask[0]=11111111011111110111111111111111, sa_flags=SA_RESTART|SA_SIGINFO


---------------  S Y S T E M  ---------------

OS:Bsduname:Darwin 16.7.0 Darwin Kernel Version 16.7.0: Thu Jun 15 17:36:27 PDT 2017; root:xnu-3789.70.16~2/RELEASE_X86_64 x86_64
rlimit: STACK 8192k, CORE 0k, NPROC 709, NOFILE 10240, AS infinity
load average:2.10 2.58 3.06

CPU:total 8 (4 cores per cpu, 2 threads per core) family 6 model 94 stepping 3, cmov, cx8, fxsr, mmx, sse, sse2, sse3, ssse3, sse4.1, sse4.2, popcnt, avx, avx2, aes, clmul, erms, rtm, 3dnowpref, lzcnt, ht, tsc, tscinvbit, bmi1, bmi2, adx

Memory: 4k page, physical 16777216k(1584620k free)

/proc/meminfo:


vm_info: Java HotSpot(TM) 64-Bit Server VM (25.121-b13) for bsd-amd64 JRE (1.8.0_121-b13), built on Dec 12 2016 20:39:32 by "java_re" with gcc 4.2.1 (Based on Apple Inc. build 5658) (LLVM build 2336.11.00)

time: Tue Aug 15 08:38:14 2017
elapsed time: 5 seconds (0d 0h 0m 5s)

