#
# A fatal error has been detected by the Java Runtime Environment:
#
#  SIGSEGV (0xb) at pc=0x0000000101cf0fc8, pid=50691, tid=0x0000000000000307
#
# JRE version: Java(TM) SE Runtime Environment (8.0_121-b13) (build 1.8.0_121-b13)
# Java VM: Java HotSpot(TM) 64-Bit Server VM (25.121-b13 mixed mode bsd-amd64 compressed oops)
# Problematic frame:
# C  [libsystem_platform.dylib+0x5fc8]  _platform_memmove$VARIANT$Haswell+0x128
#
# Failed to write core dump. Core dumps have been disabled. To enable core dumping, try "ulimit -c unlimited" before starting Java again
#
# If you would like to submit a bug report, please visit:
#   http://bugreport.java.com/bugreport/crash.jsp
# The crash happened outside the Java Virtual Machine in native code.
# See problematic frame for where to report the bug.
#

---------------  T H R E A D  ---------------

Current thread (0x00007fcbf710e000):  JavaThread "JavaFX Application Thread" [_thread_in_native, id=775, stack(0x00007fff5e09a000,0x00007fff5e89a000)]

siginfo: si_signo: 11 (SIGSEGV), si_code: 1 (SEGV_MAPERR), si_addr: 0x000000014d800000

Registers:
RAX=0x000000016798fab0, RBX=0x000000014d7ffd60, RCX=0x0000000000000010, RDX=0x0000000000001450
RSP=0x00007fff5e8930c0, RBP=0x00007fff5e8930c0, RSI=0x000000014d7ffff0, RDI=0x000000016798fd40
R8 =0x0000000000000000, R9 =0x000000000036f030, R10=0x0000000000002380, R11=0x000000001a18fd50
R12=0x000000016798fab0, R13=0x00000000000000a3, R14=0x0000000000001720, R15=0x0000000000002380
RIP=0x0000000101cf0fc8, EFLAGS=0x0000000000010202, ERR=0x0000000000000004
  TRAPNO=0x000000000000000e

Top of Stack: (sp=0x00007fff5e8930c0)
0x00007fff5e8930c0:   00007fff5e893110 0000000127e2752f
0x00007fff5e8930d0:   0000000000001720 fffffe74fffffe74
0x00007fff5e8930e0:   0000067e000008e0 0000000130b5a8e8
0x00007fff5e8930f0:   0000000000000001 0000000130b5a8e8
0x00007fff5e893100:   00007fff5e8931c8 0000000129708fc0
0x00007fff5e893110:   00007fff5e893170 0000000127e2702b
0x00007fff5e893120:   0000000000000000 0000000000000000
0x00007fff5e893130:   0000000000000000 000001b3000002e4
0x00007fff5e893140:   0000000000000000 0000000130b5a8e8
0x00007fff5e893150:   0000000000000001 0000000130b7b000
0x00007fff5e893160:   0000000129708fc0 0000000130b7b0a8
0x00007fff5e893170:   00007fff5e893200 0000000127e20444
0x00007fff5e893180:   0000000130b7b0a8 0000000130b5a8e8
0x00007fff5e893190:   00007fff5e893200 0000000127e203c2
0x00007fff5e8931a0:   0000000000000000 4346000043460000
0x00007fff5e8931b0:   000000720000001e 000001b3000002e4
0x00007fff5e8931c0:   00007fff5e893200 ffffff3affffff3a
0x00007fff5e8931d0:   0000033f00000470 0000000000000001
0x00007fff5e8931e0:   0000000000000001 0000000130b7b000
0x00007fff5e8931f0:   0000000130b7b0a8 0000000130b5a8e8
0x00007fff5e893200:   00007fff5e893240 0000000127e267af
0x00007fff5e893210:   0000033f00000470 444fc000448e0000
0x00007fff5e893220:   0000000130b7b0a8 00007fff5e8940e8
0x00007fff5e893230:   0000000000000000 00007fcbfd953e00
0x00007fff5e893240:   00007fff5e893300 0000000127e7c9e5
0x00007fff5e893250:   00007fff5e893300 0000000127f4dc48
0x00007fff5e893260:   00007fff5e8933c0 0000000130ec8c80
0x00007fff5e893270:   0000000130a7cd80 0000000130a7cd80
0x00007fff5e893280:   00007fff5e8940e8 0000000000000000
0x00007fff5e893290:   0000006000000000 0000000130a7cd80
0x00007fff5e8932a0:   00001c8000000780 00006cc00000b900
0x00007fff5e8932b0:   0000000000000007 0000000000000000 

Instructions: (pc=0x0000000101cf0fc8)
0x0000000101cf0fa8:   40 48 81 ea 80 00 00 00 76 4e 48 f7 c6 1f 00 00
0x0000000101cf0fb8:   00 74 25 c5 fc 29 0f c5 fc 29 57 20 48 83 c7 40
0x0000000101cf0fc8:   c5 fc 10 0e c5 fc 10 56 20 48 83 c6 40 48 83 ea
0x0000000101cf0fd8:   40 77 e0 eb 23 0f 1f 00 c5 fc 29 0f c5 fc 29 57 

Register to memory mapping:

RAX=0x000000016798fab0 is an unknown value
RBX=0x000000014d7ffd60 is an unknown value
RCX=0x0000000000000010 is an unknown value
RDX=0x0000000000001450 is an unknown value
RSP=0x00007fff5e8930c0 is pointing into the stack for thread: 0x00007fcbf710e000
RBP=0x00007fff5e8930c0 is pointing into the stack for thread: 0x00007fcbf710e000
RSI=0x000000014d7ffff0 is an unknown value
RDI=0x000000016798fd40 is an unknown value
R8 =0x0000000000000000 is an unknown value
R9 =0x000000000036f030 is an unknown value
R10=0x0000000000002380 is an unknown value
R11=0x000000001a18fd50 is an unknown value
R12=0x000000016798fab0 is an unknown value
R13=0x00000000000000a3 is an unknown value
R14=0x0000000000001720 is an unknown value
R15=0x0000000000002380 is an unknown value


Stack: [0x00007fff5e09a000,0x00007fff5e89a000],  sp=0x00007fff5e8930c0,  free space=8164k
Native frames: (J=compiled Java code, j=interpreted, Vv=VM code, C=native code)
C  [libsystem_platform.dylib+0x5fc8]  _platform_memmove$VARIANT$Haswell+0x128
C  [libjfxwebkit.dylib+0x60952f]  WebCore::FilterEffect::copyImageBytes(JSC::GenericTypedArrayView<JSC::Uint8ClampedAdaptor>*, JSC::GenericTypedArrayView<JSC::Uint8ClampedAdaptor>*, WebCore::IntRect const&)+0x1df
C  [libjfxwebkit.dylib+0x60902b]  WebCore::FilterEffect::copyPremultipliedImage(JSC::GenericTypedArrayView<JSC::Uint8ClampedAdaptor>*, WebCore::IntRect const&)+0x1eb
C  [libjfxwebkit.dylib+0x602444]  WebCore::FEGaussianBlur::platformApplySoftware()+0x64
C  [libjfxwebkit.dylib+0x6087af]  WebCore::FilterEffect::apply()+0x11f
C  [libjfxwebkit.dylib+0x65e9e5]  WebCore::FilterEffectRendererHelper::applyFilterEffect(WebCore::GraphicsContext*)+0x85
C  [libjfxwebkit.dylib+0x72c78c]  WebCore::RenderLayer::paintLayerContents(WebCore::GraphicsContext*, WebCore::RenderLayer::LayerPaintingInfo const&, unsigned int)+0xddc
C  [libjfxwebkit.dylib+0x72a303]  WebCore::RenderLayer::paintLayer(WebCore::GraphicsContext*, WebCore::RenderLayer::LayerPaintingInfo const&, unsigned int)+0x463
C  [libjfxwebkit.dylib+0x72c678]  WebCore::RenderLayer::paintLayerContents(WebCore::GraphicsContext*, WebCore::RenderLayer::LayerPaintingInfo const&, unsigned int)+0xcc8
C  [libjfxwebkit.dylib+0x72a303]  WebCore::RenderLayer::paintLayer(WebCore::GraphicsContext*, WebCore::RenderLayer::LayerPaintingInfo const&, unsigned int)+0x463
C  [libjfxwebkit.dylib+0x72c678]  WebCore::RenderLayer::paintLayerContents(WebCore::GraphicsContext*, WebCore::RenderLayer::LayerPaintingInfo const&, unsigned int)+0xcc8
C  [libjfxwebkit.dylib+0x72a303]  WebCore::RenderLayer::paintLayer(WebCore::GraphicsContext*, WebCore::RenderLayer::LayerPaintingInfo const&, unsigned int)+0x463
C  [libjfxwebkit.dylib+0x729de5]  WebCore::RenderLayer::paint(WebCore::GraphicsContext*, WebCore::LayoutRect const&, WebCore::LayoutSize const&, unsigned int, WebCore::RenderObject*, unsigned int)+0x105
C  [libjfxwebkit.dylib+0x53b779]  WebCore::FrameView::paintContents(WebCore::GraphicsContext*, WebCore::IntRect const&)+0x1f9
C  [libjfxwebkit.dylib+0x59bc29]  WebCore::ScrollView::paint(WebCore::GraphicsContext*, WebCore::IntRect const&)+0x239
C  [libjfxwebkit.dylib+0x99136f]  WebCore::WebPage::paint(_jobject*, int, int, int, int)+0x14f
j  com.sun.webkit.WebPage.twkUpdateContent(JLcom/sun/webkit/graphics/WCRenderQueue;IIII)V+0
j  com.sun.webkit.WebPage.updateDirty(Lcom/sun/webkit/graphics/WCRectangle;)V+218
j  com.sun.webkit.WebPage.updateContent(Lcom/sun/webkit/graphics/WCRectangle;)V+48
j  com.sun.javafx.sg.prism.web.NGWebView.update()V+68
j  javafx.scene.web.WebView.handleStagePulse()V+40
j  javafx.scene.web.WebView.lambda$new$29()V+1
j  javafx.scene.web.WebView$$Lambda$93.pulse()V+4
J 1774 C1 com.sun.javafx.tk.Toolkit$$Lambda$167.run()Ljava/lang/Object; (8 bytes) @ 0x0000000107877f4c [0x0000000107877e00+0x14c]
v  ~StubRoutines::call_stub
V  [libjvm.dylib+0x2ed9d6]  JavaCalls::call_helper(JavaValue*, methodHandle*, JavaCallArguments*, Thread*)+0x6ae
V  [libjvm.dylib+0x34e114]  JVM_DoPrivileged+0x4b8
J 1512  java.security.AccessController.doPrivileged(Ljava/security/PrivilegedAction;Ljava/security/AccessControlContext;)Ljava/lang/Object; (0 bytes) @ 0x00000001077c7a95 [0x00000001077c79c0+0xd5]
J 2566 C1 com.sun.javafx.tk.Toolkit.firePulse()V (279 bytes) @ 0x000000010779eee4 [0x000000010779dc80+0x1264]
J 2561 C1 com.sun.javafx.tk.quantum.QuantumToolkit.pulse(Z)V (164 bytes) @ 0x000000010779cedc [0x000000010779c880+0x65c]
J 2040 C1 com.sun.javafx.tk.quantum.QuantumToolkit$$Lambda$41.run()V (8 bytes) @ 0x000000010790218c [0x0000000107901f80+0x20c]
J 1839 C1 com.sun.glass.ui.InvokeLaterDispatcher$Future.run()V (91 bytes) @ 0x0000000107899b14 [0x0000000107899a00+0x114]
v  ~StubRoutines::call_stub
V  [libjvm.dylib+0x2ed9d6]  JavaCalls::call_helper(JavaValue*, methodHandle*, JavaCallArguments*, Thread*)+0x6ae
V  [libjvm.dylib+0x324b65]  jni_invoke_nonstatic(JNIEnv_*, JavaValue*, _jobject*, JNICallType, _jmethodID*, JNI_ArgumentPusher*, Thread*)+0x2ec
V  [libjvm.dylib+0x317333]  jni_CallVoidMethod+0x16b
C  [libglass.dylib+0x456b]  -[GlassRunnable run]+0x6b
C  [Foundation+0x7152a]  __NSThreadPerformPerform+0x146
C  [CoreFoundation+0xa7321]  __CFRUNLOOP_IS_CALLING_OUT_TO_A_SOURCE0_PERFORM_FUNCTION__+0x11
C  [CoreFoundation+0x8821d]  __CFRunLoopDoSources0+0x22d
C  [CoreFoundation+0x87716]  __CFRunLoopRun+0x3a6
C  [CoreFoundation+0x87114]  CFRunLoopRunSpecific+0x1a4
C  [HIToolbox+0x30ebc]  RunCurrentEventLoopInMode+0xf0
C  [HIToolbox+0x30cf1]  ReceiveNextEventCommon+0x1b0
C  [HIToolbox+0x30b26]  _BlockUntilNextEventMatchingListInModeWithFilter+0x47
C  [AppKit+0x46a54]  _DPSNextEvent+0x460
C  [AppKit+0x7c27ee]  -[NSApplication(NSEvent) _nextEventMatchingEventMask:untilDate:inMode:dequeue:]+0xaec
C  [AppKit+0x3b3db]  -[NSApplication run]+0x39e
C  [libglass.dylib+0x651c]  -[GlassApplication runLoop:]+0x72c
C  [Foundation+0x7152a]  __NSThreadPerformPerform+0x146
C  [CoreFoundation+0xa7321]  __CFRUNLOOP_IS_CALLING_OUT_TO_A_SOURCE0_PERFORM_FUNCTION__+0x11
C  [CoreFoundation+0x8821d]  __CFRunLoopDoSources0+0x22d
C  [CoreFoundation+0x87716]  __CFRunLoopRun+0x3a6
C  [CoreFoundation+0x87114]  CFRunLoopRunSpecific+0x1a4
C  [java+0x6465]  CreateExecutionEnvironment+0x367
C  [java+0x218c]  JLI_Launch+0x7a0
C  [java+0x84c2]  main+0x65
C  [java+0x19e4]  start+0x34
C  0x0000000000000008

Java frames: (J=compiled Java code, j=interpreted, Vv=VM code)
j  com.sun.webkit.WebPage.twkUpdateContent(JLcom/sun/webkit/graphics/WCRenderQueue;IIII)V+0
j  com.sun.webkit.WebPage.updateDirty(Lcom/sun/webkit/graphics/WCRectangle;)V+218
j  com.sun.webkit.WebPage.updateContent(Lcom/sun/webkit/graphics/WCRectangle;)V+48
j  com.sun.javafx.sg.prism.web.NGWebView.update()V+68
j  javafx.scene.web.WebView.handleStagePulse()V+40
j  javafx.scene.web.WebView.lambda$new$29()V+1
j  javafx.scene.web.WebView$$Lambda$93.pulse()V+4
J 1774 C1 com.sun.javafx.tk.Toolkit$$Lambda$167.run()Ljava/lang/Object; (8 bytes) @ 0x0000000107877f4c [0x0000000107877e00+0x14c]
v  ~StubRoutines::call_stub
J 1512  java.security.AccessController.doPrivileged(Ljava/security/PrivilegedAction;Ljava/security/AccessControlContext;)Ljava/lang/Object; (0 bytes) @ 0x00000001077c7a23 [0x00000001077c79c0+0x63]
J 2566 C1 com.sun.javafx.tk.Toolkit.firePulse()V (279 bytes) @ 0x000000010779eee4 [0x000000010779dc80+0x1264]
J 2561 C1 com.sun.javafx.tk.quantum.QuantumToolkit.pulse(Z)V (164 bytes) @ 0x000000010779cedc [0x000000010779c880+0x65c]
J 2040 C1 com.sun.javafx.tk.quantum.QuantumToolkit$$Lambda$41.run()V (8 bytes) @ 0x000000010790218c [0x0000000107901f80+0x20c]
J 1839 C1 com.sun.glass.ui.InvokeLaterDispatcher$Future.run()V (91 bytes) @ 0x0000000107899b14 [0x0000000107899a00+0x114]
v  ~StubRoutines::call_stub

---------------  P R O C E S S  ---------------

Java Threads: ( => current thread )
  0x00007fcbf7be2800 JavaThread "URL-Loader-8" daemon [_thread_in_native, id=74283, stack(0x00007000067bc000,0x00007000068bc000)]
  0x00007fcbf79a0000 JavaThread "URL-Loader-7" daemon [_thread_blocked, id=92163, stack(0x0000700007057000,0x0000700007157000)]
  0x00007fcbf799f000 JavaThread "URL-Loader-6" daemon [_thread_blocked, id=91651, stack(0x0000700006f54000,0x0000700007054000)]
  0x00007fcbf7c19000 JavaThread "URL-Loader-5" daemon [_thread_blocked, id=91147, stack(0x0000700006e51000,0x0000700006f51000)]
  0x00007fcbf762c000 JavaThread "Watchdog-Timer-1" daemon [_thread_blocked, id=62955, stack(0x0000700006d4e000,0x0000700006e4e000)]
  0x00007fcbf762b800 JavaThread "URL-Loader-4" daemon [_thread_blocked, id=90115, stack(0x0000700006c4b000,0x0000700006d4b000)]
  0x00007fcbf615f000 JavaThread "Thread-6" [_thread_blocked, id=64543, stack(0x00007000065b3000,0x00007000066b3000)]
  0x00007fcbf61a8800 JavaThread "Prism Font Disposer" daemon [_thread_blocked, id=64439, stack(0x00007000064b0000,0x00007000065b0000)]
  0x00007fcbf6141000 JavaThread "Disposer" daemon [_thread_blocked, id=63491, stack(0x00007000063ad000,0x00007000064ad000)]
  0x00007fcbf9003000 JavaThread "JavaFX-Launcher" [_thread_blocked, id=51983, stack(0x0000700006227000,0x0000700006327000)]
  0x00007fcbf6950800 JavaThread "Thread-3" daemon [_thread_in_native, id=41475, stack(0x0000700005f98000,0x0000700006018000)]
=>0x00007fcbf710e000 JavaThread "JavaFX Application Thread" [_thread_in_native, id=775, stack(0x00007fff5e09a000,0x00007fff5e89a000)]
  0x00007fcbf60c9000 JavaThread "Thread-1" daemon [_thread_blocked, id=28931, stack(0x0000700005e95000,0x0000700005f95000)]
  0x00007fcbf70f6000 JavaThread "QuantumRenderer-0" daemon [_thread_blocked, id=22275, stack(0x0000700005d92000,0x0000700005e92000)]
  0x00007fcbf7844000 JavaThread "Service Thread" daemon [_thread_blocked, id=21251, stack(0x0000700005b8c000,0x0000700005c8c000)]
  0x00007fcbf6004000 JavaThread "C1 CompilerThread3" daemon [_thread_blocked, id=20739, stack(0x0000700005a89000,0x0000700005b89000)]
  0x00007fcbf6834000 JavaThread "C2 CompilerThread2" daemon [_thread_blocked, id=20227, stack(0x0000700005986000,0x0000700005a86000)]
  0x00007fcbf701c800 JavaThread "C2 CompilerThread1" daemon [_thread_blocked, id=19715, stack(0x0000700005883000,0x0000700005983000)]
  0x00007fcbf7843800 JavaThread "C2 CompilerThread0" daemon [_thread_blocked, id=19203, stack(0x0000700005780000,0x0000700005880000)]
  0x00007fcbf784f800 JavaThread "Signal Dispatcher" daemon [_thread_blocked, id=18691, stack(0x000070000567d000,0x000070000577d000)]
  0x00007fcbf6803800 JavaThread "Finalizer" daemon [_thread_blocked, id=14595, stack(0x000070000557a000,0x000070000567a000)]
  0x00007fcbf8804000 JavaThread "Reference Handler" daemon [_thread_blocked, id=14083, stack(0x0000700005477000,0x0000700005577000)]
  0x00007fcbf6806000 JavaThread "main" [_thread_blocked, id=7171, stack(0x0000700004a59000,0x0000700004b59000)]

Other Threads:
  0x00007fcbf7826000 VMThread [stack: 0x0000700005374000,0x0000700005474000] [id=13571]
  0x00007fcbf7845000 WatcherThread [stack: 0x0000700005c8f000,0x0000700005d8f000] [id=21763]

VM state:not at safepoint (normal execution)

VM Mutex/Monitor currently owned by a thread: None

Heap:
 PSYoungGen      total 273408K, used 6564K [0x000000076ab00000, 0x000000077c580000, 0x00000007c0000000)
  eden space 259072K, 2% used [0x000000076ab00000,0x000000076b1690a0,0x000000077a800000)
  from space 14336K, 0% used [0x000000077b680000,0x000000077b680000,0x000000077c480000)
  to   space 14848K, 0% used [0x000000077a800000,0x000000077a800000,0x000000077b680000)
 ParOldGen       total 80384K, used 17827K [0x00000006c0000000, 0x00000006c4e80000, 0x000000076ab00000)
  object space 80384K, 22% used [0x00000006c0000000,0x00000006c1168cc0,0x00000006c4e80000)
 Metaspace       used 21598K, capacity 22524K, committed 22656K, reserved 1069056K
  class space    used 2948K, capacity 3175K, committed 3200K, reserved 1048576K

Card table byte_map: [0x0000000104562000,0x0000000104d63000] byte_map_base: 0x0000000100f62000

Marking Bits: (ParMarkBitMap*) 0x0000000103af0d30
 Begin Bits: [0x00000001162a3000, 0x000000011a2a3000)
 End Bits:   [0x000000011a2a3000, 0x000000011e2a3000)

Polling page: 0x0000000101385000

CodeCache: size=245760Kb used=7795Kb max_used=7795Kb free=237964Kb
 bounds [0x00000001072a3000, 0x0000000107a53000, 0x00000001162a3000]
 total_blobs=3320 nmethods=2550 adapters=682
 compilation: enabled

Compilation events (10 events):
Event: 17.899 Thread 0x00007fcbf6004000 2872       3       com.sun.javafx.tk.quantum.GlassViewEventHandler::lambda$handleBeginTouchEvent$378 (26 bytes)
Event: 17.900 Thread 0x00007fcbf6004000 nmethod 2872 0x0000000107a48bd0 code [0x0000000107a48da0, 0x0000000107a494c8]
Event: 17.900 Thread 0x00007fcbf6004000 2873       3       com.sun.javafx.tk.quantum.GlassViewEventHandler$$Lambda$193/1689268868::get$Lambda (15 bytes)
Event: 17.900 Thread 0x00007fcbf6004000 nmethod 2873 0x0000000107a46510 code [0x0000000107a46680, 0x0000000107a46910]
Event: 17.900 Thread 0x00007fcbf6004000 2874       3       com.sun.javafx.tk.quantum.GlassViewEventHandler$$Lambda$193/1689268868::<init> (33 bytes)
Event: 17.900 Thread 0x00007fcbf6004000 nmethod 2874 0x0000000107a460d0 code [0x0000000107a46240, 0x0000000107a46430]
Event: 17.900 Thread 0x00007fcbf6004000 2875       3       com.sun.javafx.tk.quantum.GlassViewEventHandler$$Lambda$193/1689268868::run (24 bytes)
Event: 17.900 Thread 0x00007fcbf6004000 nmethod 2875 0x0000000107a49950 code [0x0000000107a49ac0, 0x0000000107a49c68]
Event: 17.900 Thread 0x00007fcbf6004000 2876       3       com.sun.javafx.tk.quantum.GlassViewEventHandler::lambda$null$377 (78 bytes)
Event: 17.901 Thread 0x00007fcbf6004000 nmethod 2876 0x0000000107a49d50 code [0x0000000107a49ee0, 0x0000000107a4a288]

GC Heap History (10 events):
Event: 9.644 GC heap before
{Heap before GC invocations=8 (full 2):
 PSYoungGen      total 270336K, used 7711K [0x000000076ab00000, 0x000000077c280000, 0x00000007c0000000)
  eden space 259584K, 0% used [0x000000076ab00000,0x000000076ab00000,0x000000077a880000)
  from space 10752K, 71% used [0x000000077b800000,0x000000077bf87df8,0x000000077c280000)
  to   space 13312K, 0% used [0x000000077a880000,0x000000077a880000,0x000000077b580000)
 ParOldGen       total 80384K, used 10632K [0x00000006c0000000, 0x00000006c4e80000, 0x000000076ab00000)
  object space 80384K, 13% used [0x00000006c0000000,0x00000006c0a62040,0x00000006c4e80000)
 Metaspace       used 21152K, capacity 22020K, committed 22144K, reserved 1069056K
  class space    used 2932K, capacity 3161K, committed 3200K, reserved 1048576K
Event: 9.698 GC heap after
Heap after GC invocations=8 (full 2):
 PSYoungGen      total 270336K, used 0K [0x000000076ab00000, 0x000000077c280000, 0x00000007c0000000)
  eden space 259584K, 0% used [0x000000076ab00000,0x000000076ab00000,0x000000077a880000)
  from space 10752K, 0% used [0x000000077b800000,0x000000077b800000,0x000000077c280000)
  to   space 13312K, 0% used [0x000000077a880000,0x000000077a880000,0x000000077b580000)
 ParOldGen       total 80384K, used 18073K [0x00000006c0000000, 0x00000006c4e80000, 0x000000076ab00000)
  object space 80384K, 22% used [0x00000006c0000000,0x00000006c11a6570,0x00000006c4e80000)
 Metaspace       used 21152K, capacity 22020K, committed 22144K, reserved 1069056K
  class space    used 2932K, capacity 3161K, committed 3200K, reserved 1048576K
}
Event: 13.957 GC heap before
{Heap before GC invocations=9 (full 2):
 PSYoungGen      total 270336K, used 12889K [0x000000076ab00000, 0x000000077c280000, 0x00000007c0000000)
  eden space 259584K, 4% used [0x000000076ab00000,0x000000076b796570,0x000000077a880000)
  from space 10752K, 0% used [0x000000077b800000,0x000000077b800000,0x000000077c280000)
  to   space 13312K, 0% used [0x000000077a880000,0x000000077a880000,0x000000077b580000)
 ParOldGen       total 80384K, used 18073K [0x00000006c0000000, 0x00000006c4e80000, 0x000000076ab00000)
  object space 80384K, 22% used [0x00000006c0000000,0x00000006c11a6570,0x00000006c4e80000)
 Metaspace       used 21411K, capacity 22324K, committed 22400K, reserved 1069056K
  class space    used 2946K, capacity 3175K, committed 3200K, reserved 1048576K
Event: 13.959 GC heap after
Heap after GC invocations=9 (full 2):
 PSYoungGen      total 272896K, used 1888K [0x000000076ab00000, 0x000000077c480000, 0x00000007c0000000)
  eden space 259584K, 0% used [0x000000076ab00000,0x000000076ab00000,0x000000077a880000)
  from space 13312K, 14% used [0x000000077a880000,0x000000077aa58010,0x000000077b580000)
  to   space 14336K, 0% used [0x000000077b680000,0x000000077b680000,0x000000077c480000)
 ParOldGen       total 80384K, used 18081K [0x00000006c0000000, 0x00000006c4e80000, 0x000000076ab00000)
  object space 80384K, 22% used [0x00000006c0000000,0x00000006c11a8570,0x00000006c4e80000)
 Metaspace       used 21411K, capacity 22324K, committed 22400K, reserved 1069056K
  class space    used 2946K, capacity 3175K, committed 3200K, reserved 1048576K
}
Event: 13.959 GC heap before
{Heap before GC invocations=10 (full 3):
 PSYoungGen      total 272896K, used 1888K [0x000000076ab00000, 0x000000077c480000, 0x00000007c0000000)
  eden space 259584K, 0% used [0x000000076ab00000,0x000000076ab00000,0x000000077a880000)
  from space 13312K, 14% used [0x000000077a880000,0x000000077aa58010,0x000000077b580000)
  to   space 14336K, 0% used [0x000000077b680000,0x000000077b680000,0x000000077c480000)
 ParOldGen       total 80384K, used 18081K [0x00000006c0000000, 0x00000006c4e80000, 0x000000076ab00000)
  object space 80384K, 22% used [0x00000006c0000000,0x00000006c11a8570,0x00000006c4e80000)
 Metaspace       used 21411K, capacity 22324K, committed 22400K, reserved 1069056K
  class space    used 2946K, capacity 3175K, committed 3200K, reserved 1048576K
Event: 13.993 GC heap after
Heap after GC invocations=10 (full 3):
 PSYoungGen      total 272896K, used 0K [0x000000076ab00000, 0x000000077c480000, 0x00000007c0000000)
  eden space 259584K, 0% used [0x000000076ab00000,0x000000076ab00000,0x000000077a880000)
  from space 13312K, 0% used [0x000000077a880000,0x000000077a880000,0x000000077b580000)
  to   space 14336K, 0% used [0x000000077b680000,0x000000077b680000,0x000000077c480000)
 ParOldGen       total 80384K, used 17899K [0x00000006c0000000, 0x00000006c4e80000, 0x000000076ab00000)
  object space 80384K, 22% used [0x00000006c0000000,0x00000006c117ac60,0x00000006c4e80000)
 Metaspace       used 21411K, capacity 22324K, committed 22400K, reserved 1069056K
  class space    used 2946K, capacity 3175K, committed 3200K, reserved 1048576K
}
Event: 17.837 GC heap before
{Heap before GC invocations=11 (full 3):
 PSYoungGen      total 272896K, used 13967K [0x000000076ab00000, 0x000000077c480000, 0x00000007c0000000)
  eden space 259584K, 5% used [0x000000076ab00000,0x000000076b8a3d60,0x000000077a880000)
  from space 13312K, 0% used [0x000000077a880000,0x000000077a880000,0x000000077b580000)
  to   space 14336K, 0% used [0x000000077b680000,0x000000077b680000,0x000000077c480000)
 ParOldGen       total 80384K, used 17899K [0x00000006c0000000, 0x00000006c4e80000, 0x000000076ab00000)
  object space 80384K, 22% used [0x00000006c0000000,0x00000006c117ac60,0x00000006c4e80000)
 Metaspace       used 21580K, capacity 22460K, committed 22656K, reserved 1069056K
  class space    used 2948K, capacity 3175K, committed 3200K, reserved 1048576K
Event: 17.838 GC heap after
Heap after GC invocations=11 (full 3):
 PSYoungGen      total 273408K, used 1856K [0x000000076ab00000, 0x000000077c580000, 0x00000007c0000000)
  eden space 259072K, 0% used [0x000000076ab00000,0x000000076ab00000,0x000000077a800000)
  from space 14336K, 12% used [0x000000077b680000,0x000000077b850010,0x000000077c480000)
  to   space 14848K, 0% used [0x000000077a800000,0x000000077a800000,0x000000077b680000)
 ParOldGen       total 80384K, used 17907K [0x00000006c0000000, 0x00000006c4e80000, 0x000000076ab00000)
  object space 80384K, 22% used [0x00000006c0000000,0x00000006c117cc60,0x00000006c4e80000)
 Metaspace       used 21580K, capacity 22460K, committed 22656K, reserved 1069056K
  class space    used 2948K, capacity 3175K, committed 3200K, reserved 1048576K
}
Event: 17.838 GC heap before
{Heap before GC invocations=12 (full 4):
 PSYoungGen      total 273408K, used 1856K [0x000000076ab00000, 0x000000077c580000, 0x00000007c0000000)
  eden space 259072K, 0% used [0x000000076ab00000,0x000000076ab00000,0x000000077a800000)
  from space 14336K, 12% used [0x000000077b680000,0x000000077b850010,0x000000077c480000)
  to   space 14848K, 0% used [0x000000077a800000,0x000000077a800000,0x000000077b680000)
 ParOldGen       total 80384K, used 17907K [0x00000006c0000000, 0x00000006c4e80000, 0x000000076ab00000)
  object space 80384K, 22% used [0x00000006c0000000,0x00000006c117cc60,0x00000006c4e80000)
 Metaspace       used 21580K, capacity 22460K, committed 22656K, reserved 1069056K
  class space    used 2948K, capacity 3175K, committed 3200K, reserved 1048576K
Event: 17.880 GC heap after
Heap after GC invocations=12 (full 4):
 PSYoungGen      total 273408K, used 0K [0x000000076ab00000, 0x000000077c580000, 0x00000007c0000000)
  eden space 259072K, 0% used [0x000000076ab00000,0x000000076ab00000,0x000000077a800000)
  from space 14336K, 0% used [0x000000077b680000,0x000000077b680000,0x000000077c480000)
  to   space 14848K, 0% used [0x000000077a800000,0x000000077a800000,0x000000077b680000)
 ParOldGen       total 80384K, used 17827K [0x00000006c0000000, 0x00000006c4e80000, 0x000000076ab00000)
  object space 80384K, 22% used [0x00000006c0000000,0x00000006c1168cc0,0x00000006c4e80000)
 Metaspace       used 21580K, capacity 22460K, committed 22656K, reserved 1069056K
  class space    used 2948K, capacity 3175K, committed 3200K, reserved 1048576K
}

Deoptimization events (10 events):
Event: 4.211 Thread 0x00007fcbf710e000 Uncommon trap: reason=unstable_if action=reinterpret pc=0x00000001074aa694 method=java.lang.AbstractStringBuilder.append(Ljava/lang/String;)Ljava/lang/AbstractStringBuilder; @ 1
Event: 7.870 Thread 0x00007fcbf6103800 Uncommon trap: reason=predicate action=maybe_recompile pc=0x0000000107937170 method=java.util.regex.Pattern$SliceI.match(Ljava/util/regex/Matcher;ILjava/lang/CharSequence;)Z @ 21
Event: 7.879 Thread 0x00007fcbf6103800 Uncommon trap: reason=unstable_if action=reinterpret pc=0x0000000107895688 method=java.util.Arrays.equals([B[B)Z @ 12
Event: 8.328 Thread 0x00007fcbf70f6000 Uncommon trap: reason=unstable_if action=reinterpret pc=0x00000001078aaad0 method=com.sun.javafx.font.CompositeStrike.getStrikeSlot(I)Lcom/sun/javafx/font/FontStrike; @ 8
Event: 10.995 Thread 0x00007fcbf710e000 Uncommon trap: reason=bimorphic action=maybe_recompile pc=0x0000000107840a6c method=java.util.regex.Pattern$BmpCharProperty.match(Ljava/util/regex/Matcher;ILjava/lang/CharSequence;)Z @ 16
Event: 10.995 Thread 0x00007fcbf710e000 Uncommon trap: reason=bimorphic action=maybe_recompile pc=0x0000000107840a6c method=java.util.regex.Pattern$BmpCharProperty.match(Ljava/util/regex/Matcher;ILjava/lang/CharSequence;)Z @ 16
Event: 10.995 Thread 0x00007fcbf710e000 Uncommon trap: reason=bimorphic action=maybe_recompile pc=0x000000010785c898 method=java.util.regex.Pattern$Curly.match0(Ljava/util/regex/Matcher;IILjava/lang/CharSequence;)Z @ 170
Event: 11.175 Thread 0x00007fcbf710e000 Uncommon trap: reason=bimorphic action=maybe_recompile pc=0x000000010785c898 method=java.util.regex.Pattern$Curly.match0(Ljava/util/regex/Matcher;IILjava/lang/CharSequence;)Z @ 170
Event: 11.176 Thread 0x00007fcbf710e000 Uncommon trap: reason=bimorphic action=maybe_recompile pc=0x000000010785c898 method=java.util.regex.Pattern$Curly.match0(Ljava/util/regex/Matcher;IILjava/lang/CharSequence;)Z @ 170
Event: 11.297 Thread 0x00007fcbf710e000 Uncommon trap: reason=bimorphic action=maybe_recompile pc=0x000000010785c898 method=java.util.regex.Pattern$Curly.match0(Ljava/util/regex/Matcher;IILjava/lang/CharSequence;)Z @ 170

Internal exceptions (10 events):
Event: 1.301 Thread 0x00007fcbf710e000 Exception <a 'java/lang/ClassNotFoundException': com/microsoft/alm/oauth2/useragent/jar/Handler> (0x000000076bb67778) thrown at [/Users/java_re/workspace/8-2-build-macosx-x86_64/jdk8u121/8372/hotspot/src/share/vm/classfile/systemDictionary.cpp, line 210]
Event: 1.420 Thread 0x00007fcbf710e000 Implicit null exception at 0x00000001074e20b5 to 0x00000001074e22ad
Event: 1.856 Thread 0x00007fcbf710e000 Exception <a 'java/lang/ClassNotFoundException': com/microsoft/alm/oauth2/useragent/https/Handler> (0x000000076cb8b228) thrown at [/Users/java_re/workspace/8-2-build-macosx-x86_64/jdk8u121/8372/hotspot/src/share/vm/classfile/systemDictionary.cpp, line 210
Event: 1.870 Thread 0x00007fcbf710e000 Exception <a 'sun/nio/fs/UnixException'> (0x000000076cbb3cb8) thrown at [/Users/java_re/workspace/8-2-build-macosx-x86_64/jdk8u121/8372/hotspot/src/share/vm/prims/jni.cpp, line 709]
Event: 1.871 Thread 0x00007fcbf710e000 Exception <a 'sun/nio/fs/UnixException'> (0x000000076cbb5d28) thrown at [/Users/java_re/workspace/8-2-build-macosx-x86_64/jdk8u121/8372/hotspot/src/share/vm/prims/jni.cpp, line 709]
Event: 1.879 Thread 0x00007fcbf710e000 Implicit null exception at 0x0000000107602835 to 0x0000000107602bf5
Event: 2.000 Thread 0x00007fcbf722b800 Exception <a 'java/lang/ClassNotFoundException': com/microsoft/alm/oauth2/useragent/http/Handler> (0x000000076d4dd3a8) thrown at [/Users/java_re/workspace/8-2-build-macosx-x86_64/jdk8u121/8372/hotspot/src/share/vm/classfile/systemDictionary.cpp, line 210]
Event: 4.211 Thread 0x00007fcbf710e000 Implicit null exception at 0x00000001074aa2b6 to 0x00000001074aa67d
Event: 7.879 Thread 0x00007fcbf6103800 Implicit null exception at 0x0000000107895538 to 0x0000000107895675
Event: 8.177 Thread 0x00007fcbf710e000 Exception <a 'java/io/FileNotFoundException'> (0x000000076b67e4c0) thrown at [/Users/java_re/workspace/8-2-build-macosx-x86_64/jdk8u121/8372/hotspot/src/share/vm/prims/jni.cpp, line 709]

Events (10 events):
Event: 17.881 Thread 0x00007fcbf6004000 flushing nmethod 0x00000001073dd4d0
Event: 17.896 Thread 0x00007fcbf7be2800 Thread added: 0x00007fcbf7be2800
Event: 17.897 Thread 0x00007fcbf701c800 flushing nmethod 0x00000001078785d0
Event: 17.898 Thread 0x00007fcbf6004000 flushing nmethod 0x00000001078d1150
Event: 17.898 Thread 0x00007fcbf6004000 flushing nmethod 0x00000001078d1a10
Event: 17.898 Thread 0x00007fcbf6004000 flushing nmethod 0x0000000107911190
Event: 17.898 Thread 0x00007fcbf6004000 flushing nmethod 0x000000010791ebd0
Event: 17.945 Executing VM operation: RevokeBias
Event: 17.945 Executing VM operation: RevokeBias done
Event: 17.945 Thread 0x00007fcbf6106800 Thread exited: 0x00007fcbf6106800


Dynamic libraries:
0x0000000019a70000 	/System/Library/Frameworks/Cocoa.framework/Versions/A/Cocoa
0x0000000019a70000 	/System/Library/Frameworks/Security.framework/Versions/A/Security
0x0000000019a70000 	/System/Library/Frameworks/ApplicationServices.framework/Versions/A/ApplicationServices
0x0000000019a70000 	/usr/lib/libz.1.dylib
0x0000000101386000 	/usr/lib/libSystem.B.dylib
0x0000000019a70000 	/usr/lib/libobjc.A.dylib
0x0000000019a70000 	/System/Library/Frameworks/CoreFoundation.framework/Versions/A/CoreFoundation
0x0000000019a70000 	/System/Library/Frameworks/Foundation.framework/Versions/C/Foundation
0x0000000019a70000 	/System/Library/Frameworks/AppKit.framework/Versions/C/AppKit
0x0000000019a70000 	/System/Library/Frameworks/CoreData.framework/Versions/A/CoreData
0x0000000019a70000 	/System/Library/PrivateFrameworks/RemoteViewServices.framework/Versions/A/RemoteViewServices
0x0000000019a70000 	/System/Library/PrivateFrameworks/UIFoundation.framework/Versions/A/UIFoundation
0x0000000019a70000 	/System/Library/PrivateFrameworks/DFRFoundation.framework/Versions/A/DFRFoundation
0x0000000019a70000 	/usr/lib/libenergytrace.dylib
0x0000000019a70000 	/System/Library/PrivateFrameworks/SkyLight.framework/Versions/A/SkyLight
0x0000000019a70000 	/System/Library/Frameworks/CoreGraphics.framework/Versions/A/CoreGraphics
0x0000000019a70000 	/usr/lib/libScreenReader.dylib
0x0000000019a70000 	/System/Library/Frameworks/Accelerate.framework/Versions/A/Accelerate
0x0000000019a70000 	/System/Library/Frameworks/IOSurface.framework/Versions/A/IOSurface
0x0000000019a70000 	/System/Library/Frameworks/AudioToolbox.framework/Versions/A/AudioToolbox
0x0000000019a70000 	/System/Library/Frameworks/AudioUnit.framework/Versions/A/AudioUnit
0x0000000019a70000 	/System/Library/PrivateFrameworks/DataDetectorsCore.framework/Versions/A/DataDetectorsCore
0x0000000019a70000 	/System/Library/PrivateFrameworks/DesktopServicesPriv.framework/Versions/A/DesktopServicesPriv
0x0000000019a70000 	/System/Library/Frameworks/Carbon.framework/Versions/A/Frameworks/HIToolbox.framework/Versions/A/HIToolbox
0x0000000019a70000 	/usr/lib/libicucore.A.dylib
0x0000000019a70000 	/System/Library/Frameworks/QuartzCore.framework/Versions/A/QuartzCore
0x0000000019a70000 	/System/Library/Frameworks/Carbon.framework/Versions/A/Frameworks/SpeechRecognition.framework/Versions/A/SpeechRecognition
0x0000000019a70000 	/usr/lib/libauto.dylib
0x0000000019a70000 	/usr/lib/libxml2.2.dylib
0x0000000019a70000 	/System/Library/PrivateFrameworks/CoreUI.framework/Versions/A/CoreUI
0x0000000019a70000 	/System/Library/Frameworks/CoreAudio.framework/Versions/A/CoreAudio
0x0000000019a70000 	/System/Library/Frameworks/DiskArbitration.framework/Versions/A/DiskArbitration
0x0000000019a70000 	/usr/lib/liblangid.dylib
0x0000000019a70000 	/System/Library/PrivateFrameworks/MultitouchSupport.framework/Versions/A/MultitouchSupport
0x000000010138d000 	/System/Library/Frameworks/IOKit.framework/Versions/A/IOKit
0x0000000019a70000 	/usr/lib/libDiagnosticMessagesClient.dylib
0x0000000019a70000 	/System/Library/Frameworks/CoreServices.framework/Versions/A/CoreServices
0x0000000019a70000 	/System/Library/PrivateFrameworks/PerformanceAnalysis.framework/Versions/A/PerformanceAnalysis
0x0000000019a70000 	/System/Library/PrivateFrameworks/GenerationalStorage.framework/Versions/A/GenerationalStorage
0x0000000019a70000 	/System/Library/Frameworks/OpenGL.framework/Versions/A/OpenGL
0x0000000019a70000 	/System/Library/Frameworks/CoreImage.framework/Versions/A/CoreImage
0x0000000019a70000 	/System/Library/Frameworks/CoreText.framework/Versions/A/CoreText
0x0000000019a70000 	/System/Library/Frameworks/ImageIO.framework/Versions/A/ImageIO
0x0000000019a70000 	/System/Library/PrivateFrameworks/Backup.framework/Versions/A/Backup
0x0000000019a70000 	/usr/lib/libarchive.2.dylib
0x0000000101467000 	/System/Library/Frameworks/CFNetwork.framework/Versions/A/CFNetwork
0x0000000019a70000 	/System/Library/Frameworks/SystemConfiguration.framework/Versions/A/SystemConfiguration
0x0000000019a70000 	/usr/lib/libCRFSuite.dylib
0x0000000019a70000 	/usr/lib/libc++.1.dylib
0x0000000019a70000 	/usr/lib/libc++abi.dylib
0x0000000019a70000 	/usr/lib/system/libcache.dylib
0x0000000019a70000 	/usr/lib/system/libcommonCrypto.dylib
0x0000000019a70000 	/usr/lib/system/libcompiler_rt.dylib
0x0000000019a70000 	/usr/lib/system/libcopyfile.dylib
0x0000000019a70000 	/usr/lib/system/libcorecrypto.dylib
0x0000000101b67000 	/usr/lib/system/libdispatch.dylib
0x0000000101bd2000 	/usr/lib/system/libdyld.dylib
0x0000000019a70000 	/usr/lib/system/libkeymgr.dylib
0x0000000101be3000 	/usr/lib/system/liblaunch.dylib
0x0000000019a70000 	/usr/lib/system/libmacho.dylib
0x0000000101bed000 	/usr/lib/system/libquarantine.dylib
0x0000000019a70000 	/usr/lib/system/libremovefile.dylib
0x0000000019a70000 	/usr/lib/system/libsystem_asl.dylib
0x0000000019a70000 	/usr/lib/system/libsystem_blocks.dylib
0x0000000019a70000 	/usr/lib/system/libsystem_c.dylib
0x0000000101bf9000 	/usr/lib/system/libsystem_configuration.dylib
0x0000000101c05000 	/usr/lib/system/libsystem_coreservices.dylib
0x0000000019a70000 	/usr/lib/system/libsystem_coretls.dylib
0x0000000019a70000 	/usr/lib/system/libsystem_dnssd.dylib
0x0000000019a70000 	/usr/lib/system/libsystem_info.dylib
0x0000000101c10000 	/usr/lib/system/libsystem_kernel.dylib
0x0000000101c50000 	/usr/lib/system/libsystem_m.dylib
0x0000000101ca8000 	/usr/lib/system/libsystem_malloc.dylib
0x0000000019a70000 	/usr/lib/system/libsystem_network.dylib
0x0000000101cd3000 	/usr/lib/system/libsystem_networkextension.dylib
0x0000000019a70000 	/usr/lib/system/libsystem_notify.dylib
0x0000000101ceb000 	/usr/lib/system/libsystem_platform.dylib
0x0000000101d02000 	/usr/lib/system/libsystem_pthread.dylib
0x0000000101d1e000 	/usr/lib/system/libsystem_sandbox.dylib
0x0000000101d2c000 	/usr/lib/system/libsystem_secinit.dylib
0x0000000101d39000 	/usr/lib/system/libsystem_symptoms.dylib
0x0000000101d4a000 	/usr/lib/system/libsystem_trace.dylib
0x0000000019a70000 	/usr/lib/system/libunwind.dylib
0x0000000101d6f000 	/usr/lib/system/libxpc.dylib
0x0000000019a70000 	/usr/lib/libbsm.0.dylib
0x0000000101dba000 	/usr/lib/system/libkxld.dylib
0x0000000019a70000 	/usr/lib/libcoretls.dylib
0x0000000019a70000 	/usr/lib/libcoretls_cfhelpers.dylib
0x0000000019a70000 	/usr/lib/libOpenScriptingUtil.dylib
0x0000000019a70000 	/usr/lib/libpam.2.dylib
0x0000000101dcf000 	/usr/lib/libsqlite3.dylib
0x0000000019a70000 	/usr/lib/libxar.1.dylib
0x0000000019a70000 	/usr/lib/libbz2.1.0.dylib
0x0000000019a70000 	/usr/lib/liblzma.5.dylib
0x0000000019a70000 	/usr/lib/libnetwork.dylib
0x0000000019a70000 	/usr/lib/libpcap.A.dylib
0x0000000019a70000 	/System/Library/Frameworks/CoreServices.framework/Versions/A/Frameworks/FSEvents.framework/Versions/A/FSEvents
0x0000000019a70000 	/System/Library/Frameworks/CoreServices.framework/Versions/A/Frameworks/CarbonCore.framework/Versions/A/CarbonCore
0x0000000019a70000 	/System/Library/Frameworks/CoreServices.framework/Versions/A/Frameworks/Metadata.framework/Versions/A/Metadata
0x0000000019a70000 	/System/Library/Frameworks/CoreServices.framework/Versions/A/Frameworks/OSServices.framework/Versions/A/OSServices
0x0000000019a70000 	/System/Library/Frameworks/CoreServices.framework/Versions/A/Frameworks/SearchKit.framework/Versions/A/SearchKit
0x0000000019a70000 	/System/Library/Frameworks/CoreServices.framework/Versions/A/Frameworks/AE.framework/Versions/A/AE
0x0000000019a70000 	/System/Library/Frameworks/CoreServices.framework/Versions/A/Frameworks/LaunchServices.framework/Versions/A/LaunchServices
0x0000000019a70000 	/System/Library/Frameworks/CoreServices.framework/Versions/A/Frameworks/DictionaryServices.framework/Versions/A/DictionaryServices
0x0000000019a70000 	/System/Library/Frameworks/CoreServices.framework/Versions/A/Frameworks/SharedFileList.framework/Versions/A/SharedFileList
0x0000000019a70000 	/System/Library/Frameworks/NetFS.framework/Versions/A/NetFS
0x0000000019a70000 	/System/Library/PrivateFrameworks/NetAuth.framework/Versions/A/NetAuth
0x0000000019a70000 	/System/Library/PrivateFrameworks/login.framework/Versions/A/Frameworks/loginsupport.framework/Versions/A/loginsupport
0x0000000019a70000 	/System/Library/PrivateFrameworks/TCC.framework/Versions/A/TCC
0x0000000019a70000 	/usr/lib/libmecabra.dylib
0x0000000019a70000 	/System/Library/Frameworks/ApplicationServices.framework/Versions/A/Frameworks/ATS.framework/Versions/A/ATS
0x0000000019a70000 	/System/Library/Frameworks/ApplicationServices.framework/Versions/A/Frameworks/ColorSync.framework/Versions/A/ColorSync
0x0000000019a70000 	/System/Library/Frameworks/ApplicationServices.framework/Versions/A/Frameworks/HIServices.framework/Versions/A/HIServices
0x0000000019a70000 	/System/Library/Frameworks/ApplicationServices.framework/Versions/A/Frameworks/LangAnalysis.framework/Versions/A/LangAnalysis
0x0000000019a70000 	/System/Library/Frameworks/ApplicationServices.framework/Versions/A/Frameworks/PrintCore.framework/Versions/A/PrintCore
0x0000000019a70000 	/System/Library/Frameworks/ApplicationServices.framework/Versions/A/Frameworks/QD.framework/Versions/A/QD
0x0000000019a70000 	/System/Library/Frameworks/ApplicationServices.framework/Versions/A/Frameworks/SpeechSynthesis.framework/Versions/A/SpeechSynthesis
0x0000000019a70000 	/System/Library/Frameworks/Accelerate.framework/Versions/A/Frameworks/vImage.framework/Versions/A/vImage
0x0000000019a70000 	/System/Library/Frameworks/Accelerate.framework/Versions/A/Frameworks/vecLib.framework/Versions/A/vecLib
0x0000000019a70000 	/System/Library/Frameworks/Accelerate.framework/Versions/A/Frameworks/vecLib.framework/Versions/A/libvDSP.dylib
0x0000000019a70000 	/System/Library/Frameworks/Accelerate.framework/Versions/A/Frameworks/vecLib.framework/Versions/A/libBNNS.dylib
0x0000000019a70000 	/System/Library/Frameworks/Accelerate.framework/Versions/A/Frameworks/vecLib.framework/Versions/A/libQuadrature.dylib
0x0000000019a70000 	/System/Library/Frameworks/Accelerate.framework/Versions/A/Frameworks/vecLib.framework/Versions/A/libvMisc.dylib
0x0000000019a70000 	/System/Library/Frameworks/Accelerate.framework/Versions/A/Frameworks/vecLib.framework/Versions/A/libLAPACK.dylib
0x0000000019a70000 	/System/Library/Frameworks/Accelerate.framework/Versions/A/Frameworks/vecLib.framework/Versions/A/libBLAS.dylib
0x0000000019a70000 	/System/Library/Frameworks/Accelerate.framework/Versions/A/Frameworks/vecLib.framework/Versions/A/libLinearAlgebra.dylib
0x0000000019a70000 	/System/Library/Frameworks/Accelerate.framework/Versions/A/Frameworks/vecLib.framework/Versions/A/libSparseBLAS.dylib
0x0000000019a70000 	/System/Library/Frameworks/ApplicationServices.framework/Versions/A/Frameworks/ATS.framework/Versions/A/Resources/libFontParser.dylib
0x0000000019a70000 	/System/Library/Frameworks/ApplicationServices.framework/Versions/A/Frameworks/ATS.framework/Versions/A/Resources/libFontRegistry.dylib
0x0000000019a70000 	/System/Library/Frameworks/ImageIO.framework/Versions/A/Resources/libJPEG.dylib
0x0000000019a70000 	/System/Library/Frameworks/ImageIO.framework/Versions/A/Resources/libTIFF.dylib
0x0000000019a70000 	/System/Library/Frameworks/ImageIO.framework/Versions/A/Resources/libPng.dylib
0x0000000019a70000 	/System/Library/Frameworks/ImageIO.framework/Versions/A/Resources/libGIF.dylib
0x0000000019a70000 	/System/Library/Frameworks/ImageIO.framework/Versions/A/Resources/libJP2.dylib
0x0000000019a70000 	/System/Library/Frameworks/ImageIO.framework/Versions/A/Resources/libRadiance.dylib
0x0000000019a70000 	/usr/lib/libcompression.dylib
0x0000000019a70000 	/System/Library/PrivateFrameworks/AppleJPEG.framework/Versions/A/AppleJPEG
0x0000000019a70000 	/usr/lib/libcups.2.dylib
0x0000000019a70000 	/System/Library/Frameworks/Kerberos.framework/Versions/A/Kerberos
0x0000000019a70000 	/System/Library/Frameworks/GSS.framework/Versions/A/GSS
0x0000000019a70000 	/usr/lib/libresolv.9.dylib
0x0000000019a70000 	/usr/lib/libiconv.2.dylib
0x0000000019a70000 	/System/Library/PrivateFrameworks/Heimdal.framework/Versions/A/Heimdal
0x0000000019a70000 	/usr/lib/libheimdal-asn1.dylib
0x0000000019a70000 	/System/Library/Frameworks/OpenDirectory.framework/Versions/A/OpenDirectory
0x0000000019a70000 	/System/Library/PrivateFrameworks/CommonAuth.framework/Versions/A/CommonAuth
0x0000000019a70000 	/System/Library/Frameworks/OpenDirectory.framework/Versions/A/Frameworks/CFOpenDirectory.framework/Versions/A/CFOpenDirectory
0x0000000019a70000 	/System/Library/Frameworks/SecurityFoundation.framework/Versions/A/SecurityFoundation
0x0000000019a70000 	/System/Library/PrivateFrameworks/LanguageModeling.framework/Versions/A/LanguageModeling
0x0000000019a70000 	/usr/lib/libmarisa.dylib
0x0000000019a70000 	/usr/lib/libChineseTokenizer.dylib
0x0000000019a70000 	/usr/lib/libcmph.dylib
0x0000000019a70000 	/System/Library/PrivateFrameworks/CoreEmoji.framework/Versions/A/CoreEmoji
0x0000000101f41000 	/System/Library/Frameworks/ServiceManagement.framework/Versions/A/ServiceManagement
0x0000000019a70000 	/usr/lib/libxslt.1.dylib
0x0000000019a70000 	/System/Library/Frameworks/Carbon.framework/Versions/A/Frameworks/Ink.framework/Versions/A/Ink
0x0000000019a70000 	/System/Library/PrivateFrameworks/TextureIO.framework/Versions/A/TextureIO
0x0000000019a70000 	/System/Library/Frameworks/Metal.framework/Versions/A/Metal
0x0000000019a70000 	/usr/lib/libate.dylib
0x0000000019a70000 	/System/Library/PrivateFrameworks/GPUCompiler.framework/libmetal_timestamp.dylib
0x0000000019a70000 	/System/Library/Frameworks/OpenGL.framework/Versions/A/Libraries/libCoreFSCache.dylib
0x0000000019a70000 	/System/Library/PrivateFrameworks/IOAccelerator.framework/Versions/A/IOAccelerator
0x0000000019a70000 	/System/Library/Frameworks/CoreVideo.framework/Versions/A/CoreVideo
0x0000000019a70000 	/usr/lib/libFosl_dynamic.dylib
0x0000000019a70000 	/System/Library/PrivateFrameworks/MetalPerformanceShaders.framework/Versions/A/MetalPerformanceShaders
0x0000000019a70000 	/System/Library/PrivateFrameworks/FaceCore.framework/Versions/A/FaceCore
0x0000000019a70000 	/System/Library/Frameworks/OpenCL.framework/Versions/A/OpenCL
0x0000000019a70000 	/System/Library/Frameworks/OpenGL.framework/Versions/A/Libraries/libGLU.dylib
0x0000000019a70000 	/System/Library/Frameworks/OpenGL.framework/Versions/A/Libraries/libGFXShared.dylib
0x0000000019a70000 	/System/Library/Frameworks/OpenGL.framework/Versions/A/Libraries/libGL.dylib
0x0000000019a70000 	/System/Library/Frameworks/OpenGL.framework/Versions/A/Libraries/libGLImage.dylib
0x0000000019a70000 	/System/Library/Frameworks/OpenGL.framework/Versions/A/Libraries/libCVMSPluginSupport.dylib
0x0000000019a70000 	/System/Library/Frameworks/OpenGL.framework/Versions/A/Libraries/libCoreVMClient.dylib
0x0000000019a70000 	/System/Library/PrivateFrameworks/CrashReporterSupport.framework/Versions/A/CrashReporterSupport
0x0000000019a70000 	/System/Library/PrivateFrameworks/Sharing.framework/Versions/A/Sharing
0x0000000019a70000 	/System/Library/PrivateFrameworks/IconServices.framework/Versions/A/IconServices
0x0000000019a70000 	/System/Library/PrivateFrameworks/ProtocolBuffer.framework/Versions/A/ProtocolBuffer
0x0000000019a70000 	/System/Library/PrivateFrameworks/Apple80211.framework/Versions/A/Apple80211
0x0000000019a70000 	/System/Library/Frameworks/CoreWLAN.framework/Versions/A/CoreWLAN
0x0000000019a70000 	/System/Library/PrivateFrameworks/CoreUtils.framework/Versions/A/CoreUtils
0x0000000019a70000 	/System/Library/Frameworks/IOBluetooth.framework/Versions/A/IOBluetooth
0x0000000019a70000 	/System/Library/PrivateFrameworks/CoreWiFi.framework/Versions/A/CoreWiFi
0x0000000019a70000 	/System/Library/Frameworks/CoreBluetooth.framework/Versions/A/CoreBluetooth
0x0000000101f53000 	/System/Library/Frameworks/CoreDisplay.framework/Versions/A/CoreDisplay
0x0000000019a70000 	/System/Library/PrivateFrameworks/IOPresentment.framework/Versions/A/IOPresentment
0x0000000019a70000 	/System/Library/PrivateFrameworks/DSExternalDisplay.framework/Versions/A/DSExternalDisplay
0x0000000019a70000 	/System/Library/PrivateFrameworks/DebugSymbols.framework/Versions/A/DebugSymbols
0x0000000019a70000 	/System/Library/PrivateFrameworks/CoreSymbolication.framework/Versions/A/CoreSymbolication
0x0000000019a70000 	/System/Library/PrivateFrameworks/Symbolication.framework/Versions/A/Symbolication
0x0000000019a70000 	/System/Library/PrivateFrameworks/AppleFSCompression.framework/Versions/A/AppleFSCompression
0x0000000019a70000 	/System/Library/PrivateFrameworks/SpeechRecognitionCore.framework/Versions/A/SpeechRecognitionCore
0x0000000019a70000 	/System/Library/PrivateFrameworks/ChunkingLibrary.framework/Versions/A/ChunkingLibrary
0x0000000103200000 	/Library/Java/JavaVirtualMachines/jdk1.8.0_121.jdk/Contents/Home/jre/lib/server/libjvm.dylib
0x0000000019a70000 	/usr/lib/libstdc++.6.dylib
0x0000000102099000 	/Library/Java/JavaVirtualMachines/jdk1.8.0_121.jdk/Contents/Home/jre/lib/libverify.dylib
0x00000001020a7000 	/Library/Java/JavaVirtualMachines/jdk1.8.0_121.jdk/Contents/Home/jre/lib/libjava.dylib
0x00000001020e4000 	/Library/Java/JavaVirtualMachines/jdk1.8.0_121.jdk/Contents/Home/jre/lib/libzip.dylib
0x000000011f1e3000 	/System/Library/Frameworks/JavaVM.framework/Frameworks/JavaRuntimeSupport.framework/JavaRuntimeSupport
0x000000011f1fd000 	/System/Library/Frameworks/JavaVM.framework/Versions/A/Frameworks/JavaNativeFoundation.framework/Versions/A/JavaNativeFoundation
0x0000000107205000 	/System/Library/Frameworks/JavaVM.framework/Versions/A/JavaVM
0x0000000019a70000 	/System/Library/Frameworks/Carbon.framework/Versions/A/Carbon
0x000000011f212000 	/System/Library/PrivateFrameworks/JavaLaunching.framework/Versions/A/JavaLaunching
0x0000000019a70000 	/System/Library/Frameworks/Carbon.framework/Versions/A/Frameworks/CommonPanels.framework/Versions/A/CommonPanels
0x0000000019a70000 	/System/Library/Frameworks/Carbon.framework/Versions/A/Frameworks/Help.framework/Versions/A/Help
0x0000000019a70000 	/System/Library/Frameworks/Carbon.framework/Versions/A/Frameworks/ImageCapture.framework/Versions/A/ImageCapture
0x0000000019a70000 	/System/Library/Frameworks/Carbon.framework/Versions/A/Frameworks/OpenScripting.framework/Versions/A/OpenScripting
0x0000000019a70000 	/System/Library/Frameworks/Carbon.framework/Versions/A/Frameworks/Print.framework/Versions/A/Print
0x0000000019a70000 	/System/Library/Frameworks/Carbon.framework/Versions/A/Frameworks/SecurityHI.framework/Versions/A/SecurityHI
0x0000000120bcb000 	/Library/Java/JavaVirtualMachines/jdk1.8.0_121.jdk/Contents/Home/jre/lib/libprism_es2.dylib
0x0000000120c23000 	/System/Library/Frameworks/OpenGL.framework/Resources/GLEngine.bundle/GLEngine
0x0000000019a70000 	/System/Library/Frameworks/OpenGL.framework/Versions/A/Libraries/libGLProgrammability.dylib
0x0000000120e08000 	/System/Library/Extensions/AppleIntelSKLGraphicsGLDriver.bundle/Contents/MacOS/AppleIntelSKLGraphicsGLDriver
0x0000000019a70000 	/System/Library/PrivateFrameworks/GPUSupport.framework/Versions/A/Libraries/libGPUSupportMercury.dylib
0x0000000121b8c000 	/System/Library/Extensions/AMDRadeonX4000GLDriver.bundle/Contents/MacOS/AMDRadeonX4000GLDriver
0x0000000121c6c000 	/System/Library/Extensions/AMDRadeonX4000GLDriver.bundle/Contents/MacOS/ATIRadeonX4000SCLib.dylib
0x0000000122249000 	/System/Library/Frameworks/OpenGL.framework/Resources//GLRendererFloat.bundle/GLRendererFloat
0x0000000019a70000 	/System/Library/Frameworks/OpenCL.framework/Versions/A/Libraries/libcldcpuengine.dylib
0x0000000019a70000 	/usr/lib/libcrypto.0.9.8.dylib
0x0000000019a70000 	/System/Library/PrivateFrameworks/TrustEvaluationAgent.framework/Versions/A/TrustEvaluationAgent
0x00000001222c9000 	/Library/Java/JavaVirtualMachines/jdk1.8.0_121.jdk/Contents/Home/jre/lib/libglass.dylib
0x0000000019a70000 	/System/Library/PrivateFrameworks/CoreServicesInternal.framework/Versions/A/CoreServicesInternal
0x0000000019a70000 	/System/Library/CoreServices/RawCamera.bundle/Contents/MacOS/RawCamera
0x000000012274c000 	/System/Library/Frameworks/Accelerate.framework/Frameworks/vImage.framework/Versions/A/Libraries/libCGInterfaces.dylib
0x0000000019a70000 	/System/Library/PrivateFrameworks/FamilyControls.framework/Versions/A/FamilyControls
0x0000000019a70000 	/System/Library/PrivateFrameworks/CommerceKit.framework/Versions/A/Frameworks/CommerceCore.framework/Versions/A/CommerceCore
0x0000000019a70000 	/System/Library/PrivateFrameworks/SystemAdministration.framework/Versions/A/SystemAdministration
0x0000000019a70000 	/System/Library/PrivateFrameworks/AppContainer.framework/Versions/A/AppContainer
0x0000000019a70000 	/System/Library/PrivateFrameworks/SecCodeWrapper.framework/Versions/A/SecCodeWrapper
0x0000000019a70000 	/System/Library/Frameworks/DirectoryService.framework/Versions/A/DirectoryService
0x0000000019a70000 	/System/Library/PrivateFrameworks/DiskImages.framework/Versions/A/DiskImages
0x0000000019a70000 	/System/Library/PrivateFrameworks/LoginUIKit.framework/Versions/A/Frameworks/LoginUICore.framework/Versions/A/LoginUICore
0x0000000019a70000 	/usr/lib/libCoreStorage.dylib
0x0000000019a70000 	/usr/lib/libcsfde.dylib
0x0000000019a70000 	/usr/lib/libodfde.dylib
0x0000000019a70000 	/System/Library/Frameworks/DiscRecording.framework/Versions/A/DiscRecording
0x0000000019a70000 	/usr/lib/libcurl.4.dylib
0x0000000019a70000 	/System/Library/PrivateFrameworks/MediaKit.framework/Versions/A/MediaKit
0x0000000019a70000 	/System/Library/PrivateFrameworks/ProtectedCloudStorage.framework/Versions/A/ProtectedCloudStorage
0x0000000019a70000 	/System/Library/PrivateFrameworks/EFILogin.framework/Versions/A/EFILogin
0x0000000019a70000 	/usr/lib/libutil.dylib
0x0000000019a70000 	/System/Library/Frameworks/LDAP.framework/Versions/A/LDAP
0x0000000019a70000 	/usr/lib/libsasl2.2.dylib
0x0000000019a70000 	/System/Library/PrivateFrameworks/CoreDaemon.framework/Versions/B/CoreDaemon
0x0000000019a70000 	/System/Library/PrivateFrameworks/AppleSRP.framework/Versions/A/AppleSRP
0x0000000019a70000 	/System/Library/PrivateFrameworks/APFS.framework/Versions/A/APFS
0x0000000019a70000 	/System/Library/Frameworks/ApplicationServices.framework/Versions/A/Frameworks/ATS.framework/Versions/A/Resources/libTrueTypeScaler.dylib
0x0000000019a70000 	/System/Library/Extensions/AMDMTLBronzeDriver.bundle/Contents/MacOS/AMDMTLBronzeDriver
0x0000000019a70000 	/System/Library/PrivateFrameworks/IOAccelMemoryInfo.framework/Versions/A/IOAccelMemoryInfo
0x0000000126b8d000 	/System/Library/Extensions/AppleIntelSKLGraphicsMTLDriver.bundle/Contents/MacOS/AppleIntelSKLGraphicsMTLDriver
0x000000012781e000 	/Library/Java/JavaVirtualMachines/jdk1.8.0_121.jdk/Contents/Home/jre/lib/libjfxwebkit.dylib
0x000000012937e000 	/Library/Java/JavaVirtualMachines/jdk1.8.0_121.jdk/Contents/Home/jre/lib/libjavafx_font.dylib
0x0000000019a70000 	/System/Library/PrivateFrameworks/ViewBridge.framework/Versions/A/ViewBridge
0x0000000019a70000 	/System/Library/PrivateFrameworks/XPCService.framework/Versions/A/XPCService
0x0000000019a70000 	/System/Library/PrivateFrameworks/AppSandbox.framework/Versions/A/AppSandbox
0x000000012b6af000 	/usr/lib/libsandbox.1.dylib
0x000000012b701000 	/usr/lib/libMatch.1.dylib
0x000000012c87b000 	/Library/Java/JavaVirtualMachines/jdk1.8.0_121.jdk/Contents/Home/jre/lib/libprism_common.dylib
0x000000012c88d000 	/Library/Java/JavaVirtualMachines/jdk1.8.0_121.jdk/Contents/Home/jre/lib/libnio.dylib
0x000000012c8ad000 	/Library/Java/JavaVirtualMachines/jdk1.8.0_121.jdk/Contents/Home/jre/lib/./libnet.dylib
0x000000012f501000 	/Library/Java/JavaVirtualMachines/jdk1.8.0_121.jdk/Contents/Home/jre/lib/libsunec.dylib
0x000000012645d000 	/Library/Java/JavaVirtualMachines/jdk1.8.0_121.jdk/Contents/Home/jre/lib/libglib-lite.dylib
0x0000000127114000 	/Library/Java/JavaVirtualMachines/jdk1.8.0_121.jdk/Contents/Home/jre/lib/libgstreamer-lite.dylib
0x000000012657e000 	/Library/Java/JavaVirtualMachines/jdk1.8.0_121.jdk/Contents/Home/jre/lib/libjfxmedia.dylib
0x00000001265b9000 	/Library/Java/JavaVirtualMachines/jdk1.8.0_121.jdk/Contents/Home/jre/lib/libjfxmedia_avf.dylib
0x0000000134c9f000 	/System/Library/Frameworks/AVFoundation.framework/Versions/A/AVFoundation
0x0000000130255000 	/System/Library/Frameworks/CoreMedia.framework/Versions/A/CoreMedia
0x000000013aed5000 	/System/Library/Frameworks/MediaToolbox.framework/Versions/A/MediaToolbox
0x0000000019a70000 	/System/Library/Frameworks/AVFoundation.framework/Versions/A/Frameworks/AVFAudio.framework/Versions/A/AVFAudio
0x000000013b56a000 	/System/Library/Frameworks/VideoToolbox.framework/Versions/A/VideoToolbox
0x0000000019a70000 	/System/Library/PrivateFrameworks/IntlPreferences.framework/Versions/A/IntlPreferences
0x0000000019a70000 	/System/Library/Frameworks/CoreMediaIO.framework/Versions/A/CoreMediaIO
0x0000000019a70000 	/usr/lib/libspindump.dylib
0x0000000019a70000 	/usr/lib/libdscsym.dylib
0x0000000019a70000 	/System/Library/PrivateFrameworks/CoreAVCHD.framework/Versions/A/CoreAVCHD
0x0000000019a70000 	/System/Library/Frameworks/MediaAccessibility.framework/Versions/A/MediaAccessibility
0x0000000019a70000 	/System/Library/PrivateFrameworks/Mangrove.framework/Versions/A/Mangrove
0x0000000019a70000 	/System/Library/PrivateFrameworks/CoreAUC.framework/Versions/A/CoreAUC
0x0000000019a70000 	/System/Library/PrivateFrameworks/AppleVA.framework/Versions/A/AppleVA
0x00000001234cd000 	/Library/Java/JavaVirtualMachines/jdk1.8.0_121.jdk/Contents/Home/jre/lib/libjfxmedia_qtkit.dylib
0x0000000019a70000 	/System/Library/Frameworks/QTKit.framework/Versions/A/QTKit
0x0000000019a70000 	/System/Library/PrivateFrameworks/CoreMediaAuthoring.framework/Versions/A/CoreMediaAuthoring
0x000000012660e000 	/Library/Java/JavaVirtualMachines/jdk1.8.0_121.jdk/Contents/Home/jre/lib/libjavafx_iio.dylib

VM Arguments:
jvm_args: -Djava.protocol.handler.pkgs=com.microsoft.alm.oauth2.useragent -Dhttp.nonProxyHosts=local|*.local|169.254/16|*.169.254/16 -Djava.net.useSystemProxies=true 
java_command: com.microsoft.alm.oauth2.useragent.JavaFx requestAuthorizationCode
java_class_path (initial): /Library/Java/JavaVirtualMachines/jdk1.8.0_121.jdk/Contents/Home/jre/lib/ext/jfxrt.jar:/usr/local/Cellar/git-credential-manager/2.0.3/libexec/git-credential-manager-2.0.3.jar
Launcher Type: SUN_STANDARD

Environment Variables:
PATH=/usr/local/git/libexec/git-core:/Users/duncanhunter/Library/Android/sdk/platform-tools:/Users/duncanhunter/Library/Android/sdk/tools:/Applications/google-cloud-sdk/bin:/usr/local/bin:/usr/bin:/bin:/usr/sbin:/sbin:/opt/X11/bin:/usr/local/share/dotnet:/usr/local/go/bin:/Library/Frameworks/Mono.framework/Versions/Current/Commands:/Users/duncanhunter/Library/Android/sdk/platform-tools:/Users/duncanhunter/Library/Android/sdk/tools:/Applications/google-cloud-sdk/bin
SHELL=/bin/bash
DISPLAY=/private/tmp/com.apple.launchd.XqFdzGehZR/org.macosforge.xquartz:0

Signal Handlers:
SIGSEGV: [libjvm.dylib+0x5b1141], sa_mask[0]=11111111011111110111111111111111, sa_flags=SA_ONSTACK|SA_RESTART|SA_SIGINFO
SIGBUS: [libjvm.dylib+0x5b1141], sa_mask[0]=11111111011111110111111111111111, sa_flags=SA_RESTART|SA_SIGINFO
SIGFPE: [libjvm.dylib+0x487bc4], sa_mask[0]=11111111011111110111111111111111, sa_flags=SA_RESTART|SA_SIGINFO
SIGPIPE: [libjvm.dylib+0x487bc4], sa_mask[0]=11111111011111110111111111111111, sa_flags=SA_RESTART|SA_SIGINFO
SIGXFSZ: [libjvm.dylib+0x487bc4], sa_mask[0]=11111111011111110111111111111111, sa_flags=SA_RESTART|SA_SIGINFO
SIGILL: [libjvm.dylib+0x487bc4], sa_mask[0]=11111111011111110111111111111111, sa_flags=SA_RESTART|SA_SIGINFO
SIGUSR1: SIG_DFL, sa_mask[0]=11011111011111100000000111000110, sa_flags=none
SIGUSR2: [libjvm.dylib+0x4876e2], sa_mask[0]=00100000000000000000000000000000, sa_flags=SA_RESTART|SA_SIGINFO
SIGHUP: [libjvm.dylib+0x485cb9], sa_mask[0]=11111111011111110111111111111111, sa_flags=SA_RESTART|SA_SIGINFO
SIGINT: [libjvm.dylib+0x485cb9], sa_mask[0]=11111111011111110111111111111111, sa_flags=SA_RESTART|SA_SIGINFO
SIGTERM: [libjvm.dylib+0x485cb9], sa_mask[0]=11111111011111110111111111111111, sa_flags=SA_RESTART|SA_SIGINFO
SIGQUIT: [libjvm.dylib+0x485cb9], sa_mask[0]=11111111011111110111111111111111, sa_flags=SA_RESTART|SA_SIGINFO


---------------  S Y S T E M  ---------------

OS:Bsduname:Darwin 16.7.0 Darwin Kernel Version 16.7.0: Thu Jun 15 17:36:27 PDT 2017; root:xnu-3789.70.16~2/RELEASE_X86_64 x86_64
rlimit: STACK 8192k, CORE 0k, NPROC 709, NOFILE 10240, AS infinity
load average:2.29 2.51 2.98

CPU:total 8 (4 cores per cpu, 2 threads per core) family 6 model 94 stepping 3, cmov, cx8, fxsr, mmx, sse, sse2, sse3, ssse3, sse4.1, sse4.2, popcnt, avx, avx2, aes, clmul, erms, rtm, 3dnowpref, lzcnt, ht, tsc, tscinvbit, bmi1, bmi2, adx

Memory: 4k page, physical 16777216k(2086512k free)

/proc/meminfo:


vm_info: Java HotSpot(TM) 64-Bit Server VM (25.121-b13) for bsd-amd64 JRE (1.8.0_121-b13), built on Dec 12 2016 20:39:32 by "java_re" with gcc 4.2.1 (Based on Apple Inc. build 5658) (LLVM build 2336.11.00)

time: Tue Aug 15 08:39:40 2017
elapsed time: 17 seconds (0d 0h 0m 17s)

